[0.246s] Invoking command in '/home/anto/Condivisa/ros_ws/build/assignment1_rt': CMAKE_PREFIX_PATH=${CMAKE_PREFIX_PATH}:/home/anto/Condivisa/ros_ws/install/spawn:/opt/ros/humble /usr/bin/cmake --build /home/anto/Condivisa/ros_ws/build/assignment1_rt -- -j4 -l4
[0.472s] -- Found ament_cmake: 1.3.12 (/opt/ros/humble/share/ament_cmake/cmake)
[1.385s] -- Found rclcpp: 16.0.15 (/opt/ros/humble/share/rclcpp/cmake)
[2.376s] -- Found rosidl_generator_c: 3.1.7 (/opt/ros/humble/share/rosidl_generator_c/cmake)
[2.529s] -- Found rosidl_adapter: 3.1.7 (/opt/ros/humble/share/rosidl_adapter/cmake)
[2.695s] -- Found rosidl_generator_cpp: 3.1.7 (/opt/ros/humble/share/rosidl_generator_cpp/cmake)
[2.870s] -- Using all available rosidl_typesupport_c: rosidl_typesupport_fastrtps_c;rosidl_typesupport_introspection_c
[3.142s] -- Using all available rosidl_typesupport_cpp: rosidl_typesupport_fastrtps_cpp;rosidl_typesupport_introspection_cpp
[4.052s] -- Found rmw_implementation_cmake: 6.1.2 (/opt/ros/humble/share/rmw_implementation_cmake/cmake)
[4.201s] -- Found rmw_fastrtps_cpp: 6.2.8 (/opt/ros/humble/share/rmw_fastrtps_cpp/cmake)
[4.852s] -- Found OpenSSL: /usr/lib/aarch64-linux-gnu/libcrypto.so (found version "3.0.2")  
[5.000s] -- Found FastRTPS: /opt/ros/humble/include  
[5.206s] -- Using RMW implementation 'rmw_fastrtps_cpp' as default
[5.478s] -- Looking for pthread.h
[5.981s] -- Looking for pthread.h - found
[5.993s] -- Performing Test CMAKE_HAVE_LIBC_PTHREAD
[6.449s] -- Performing Test CMAKE_HAVE_LIBC_PTHREAD - Success
[6.454s] -- Found Threads: TRUE  
[7.008s] -- Found turtlesim: 1.4.3 (/opt/ros/humble/share/turtlesim/cmake)
[7.896s] -- Configuring done
[7.988s] [31mCMake Error at CMakeLists.txt:14 (add_executable):
[7.989s]   Cannot find source file:
[7.990s] 
[7.990s]     src/input_vel.cpp
[7.991s] 
[7.992s]   Tried extensions .c .C .c++ .cc .cpp .cxx .cu .mpp .m .M .mm .ixx .cppm .h
[7.992s]   .hh .h++ .hm .hpp .hxx .in .txx .f .F .for .f77 .f90 .f95 .f03 .hip .ispc
[7.993s] 
[7.993s] [0m
[7.994s] [31mCMake Error at CMakeLists.txt:14 (add_executable):
[7.995s]   No SOURCES given to target: input_vel
[7.996s] 
[7.997s] [0m
[7.997s] [0mCMake Generate step failed.  Build files cannot be regenerated correctly.[0m
[7.998s] gmake: *** [Makefile:226: cmake_check_build_system] Error 1
[7.998s] Invoked command in '/home/anto/Condivisa/ros_ws/build/assignment1_rt' returned '2': CMAKE_PREFIX_PATH=${CMAKE_PREFIX_PATH}:/home/anto/Condivisa/ros_ws/install/spawn:/opt/ros/humble /usr/bin/cmake --build /home/anto/Condivisa/ros_ws/build/assignment1_rt -- -j4 -l4
