[4.256s] Invoking command in '/home/anto/Condivisa/ros_ws/src/spawn': PYTHONPATH=/home/anto/Condivisa/ros_ws/build/spawn/prefix_override:/usr/lib/python3/dist-packages/colcon_core/task/python/colcon_distutils_commands:/home/anto/Condivisa/ros_ws/install/spawn/lib/python3.10/site-packages:${PYTHONPATH} /usr/bin/python3 -W ignore:setup.py install is deprecated -W ignore:easy_install command is deprecated setup.py egg_info --egg-base ../../build/spawn build --build-base /home/anto/Condivisa/ros_ws/build/spawn/build install --record /home/anto/Condivisa/ros_ws/build/spawn/install.log --single-version-externally-managed install_data
[5.579s] running egg_info
[5.611s] writing ../../build/spawn/spawn.egg-info/PKG-INFO
[5.626s] writing dependency_links to ../../build/spawn/spawn.egg-info/dependency_links.txt
[5.631s] writing entry points to ../../build/spawn/spawn.egg-info/entry_points.txt
[5.635s] writing requirements to ../../build/spawn/spawn.egg-info/requires.txt
[5.637s] writing top-level names to ../../build/spawn/spawn.egg-info/top_level.txt
[5.735s] reading manifest file '../../build/spawn/spawn.egg-info/SOURCES.txt'
[5.817s] writing manifest file '../../build/spawn/spawn.egg-info/SOURCES.txt'
[5.821s] running build
[5.821s] running build_py
[5.841s] copying spawn/__init__.py -> /home/anto/Condivisa/ros_ws/build/spawn/build/lib/spawn
[5.870s] copying spawn/turtle_spawn.py -> /home/anto/Condivisa/ros_ws/build/spawn/build/lib/spawn
[5.891s] running install
[5.893s] running install_lib
[6.046s] running install_data
[6.074s] copying resource/spawn -> /home/anto/Condivisa/ros_ws/install/spawn/share/ament_index/resource_index/packages
[6.120s] copying package.xml -> /home/anto/Condivisa/ros_ws/install/spawn/share/spawn
[6.138s] running install_egg_info
[6.184s] removing '/home/anto/Condivisa/ros_ws/install/spawn/lib/python3.10/site-packages/spawn-0.0.0-py3.10.egg-info' (and everything under it)
[6.249s] Copying ../../build/spawn/spawn.egg-info to /home/anto/Condivisa/ros_ws/install/spawn/lib/python3.10/site-packages/spawn-0.0.0-py3.10.egg-info
[6.514s] running install_scripts
[6.606s] Installing turtle_spawn script to /home/anto/Condivisa/ros_ws/install/spawn/lib/spawn
[6.626s] writing list of installed files to '/home/anto/Condivisa/ros_ws/build/spawn/install.log'
[6.647s] Invoked command in '/home/anto/Condivisa/ros_ws/src/spawn' returned '0': PYTHONPATH=/home/anto/Condivisa/ros_ws/build/spawn/prefix_override:/usr/lib/python3/dist-packages/colcon_core/task/python/colcon_distutils_commands:/home/anto/Condivisa/ros_ws/install/spawn/lib/python3.10/site-packages:${PYTHONPATH} /usr/bin/python3 -W ignore:setup.py install is deprecated -W ignore:easy_install command is deprecated setup.py egg_info --egg-base ../../build/spawn build --build-base /home/anto/Condivisa/ros_ws/build/spawn/build install --record /home/anto/Condivisa/ros_ws/build/spawn/install.log --single-version-externally-managed install_data
