[0.425s] DEBUG:colcon:Command line arguments: ['/usr/bin/colcon', 'build', '--packages-select', 'assignment1_rt']
[0.425s] DEBUG:colcon:Parsed command line arguments: Namespace(log_base=None, log_level=None, verb_name='build', build_base='build', install_base='install', merge_install=False, symlink_install=False, test_result_base=None, continue_on_error=False, executor='parallel', parallel_workers=4, event_handlers=None, ignore_user_meta=False, metas=['./colcon.meta'], base_paths=['.'], packages_ignore=None, packages_ignore_regex=None, paths=None, packages_up_to=None, packages_up_to_regex=None, packages_above=None, packages_above_and_dependencies=None, packages_above_depth=None, packages_select_by_dep=None, packages_skip_by_dep=None, packages_skip_up_to=None, packages_select_build_failed=False, packages_skip_build_finished=False, packages_select_test_failures=False, packages_skip_test_passed=False, packages_select=['assignment1_rt'], packages_skip=None, packages_select_regex=None, packages_skip_regex=None, packages_start=None, packages_end=None, allow_overriding=[], cmake_args=None, cmake_target=None, cmake_target_skip_unavailable=False, cmake_clean_cache=False, cmake_clean_first=False, cmake_force_configure=False, ament_cmake_args=None, catkin_cmake_args=None, catkin_skip_building_tests=False, mixin_files=None, mixin=None, verb_parser=<colcon_mixin.mixin.mixin_argument.MixinArgumentDecorator object at 0xffff89d143a0>, verb_extension=<colcon_core.verb.build.BuildVerb object at 0xffff89cdfd90>, main=<bound method BuildVerb.main of <colcon_core.verb.build.BuildVerb object at 0xffff89cdfd90>>, mixin_verb=('build',))
[0.568s] Level 1:colcon.colcon_core.package_discovery:discover_packages(colcon_meta) check parameters
[0.569s] Level 1:colcon.colcon_core.package_discovery:discover_packages(recursive) check parameters
[0.569s] Level 1:colcon.colcon_core.package_discovery:discover_packages(ignore) check parameters
[0.569s] Level 1:colcon.colcon_core.package_discovery:discover_packages(path) check parameters
[0.569s] Level 1:colcon.colcon_core.package_discovery:discover_packages(colcon_meta) discover
[0.569s] Level 1:colcon.colcon_core.package_discovery:discover_packages(recursive) discover
[0.569s] INFO:colcon.colcon_core.package_discovery:Crawling recursively for packages in '/home/anto/Condivisa/ros_ws'
[0.574s] Level 1:colcon.colcon_core.package_identification:_identify(.) by extensions ['ignore', 'ignore_ament_install']
[0.574s] Level 1:colcon.colcon_core.package_identification:_identify(.) by extension 'ignore'
[0.574s] Level 1:colcon.colcon_core.package_identification:_identify(.) by extension 'ignore_ament_install'
[0.575s] Level 1:colcon.colcon_core.package_identification:_identify(.) by extensions ['colcon_pkg']
[0.575s] Level 1:colcon.colcon_core.package_identification:_identify(.) by extension 'colcon_pkg'
[0.575s] Level 1:colcon.colcon_core.package_identification:_identify(.) by extensions ['colcon_meta']
[0.576s] Level 1:colcon.colcon_core.package_identification:_identify(.) by extension 'colcon_meta'
[0.576s] Level 1:colcon.colcon_core.package_identification:_identify(.) by extensions ['ros']
[0.576s] Level 1:colcon.colcon_core.package_identification:_identify(.) by extension 'ros'
[0.605s] Level 1:colcon.colcon_core.package_identification:_identify(.) by extensions ['cmake', 'python']
[0.605s] Level 1:colcon.colcon_core.package_identification:_identify(.) by extension 'cmake'
[0.605s] Level 1:colcon.colcon_core.package_identification:_identify(.) by extension 'python'
[0.605s] Level 1:colcon.colcon_core.package_identification:_identify(.) by extensions ['python_setup_py']
[0.605s] Level 1:colcon.colcon_core.package_identification:_identify(.) by extension 'python_setup_py'
[0.610s] Level 1:colcon.colcon_core.package_identification:_identify(build) by extensions ['ignore', 'ignore_ament_install']
[0.610s] Level 1:colcon.colcon_core.package_identification:_identify(build) by extension 'ignore'
[0.612s] Level 1:colcon.colcon_core.package_identification:_identify(build) ignored
[0.621s] Level 1:colcon.colcon_core.package_identification:_identify(install) by extensions ['ignore', 'ignore_ament_install']
[0.622s] Level 1:colcon.colcon_core.package_identification:_identify(install) by extension 'ignore'
[0.623s] Level 1:colcon.colcon_core.package_identification:_identify(install) ignored
[0.644s] Level 1:colcon.colcon_core.package_identification:_identify(log) by extensions ['ignore', 'ignore_ament_install']
[0.644s] Level 1:colcon.colcon_core.package_identification:_identify(log) by extension 'ignore'
[0.645s] Level 1:colcon.colcon_core.package_identification:_identify(log) ignored
[0.649s] Level 1:colcon.colcon_core.package_identification:_identify(src) by extensions ['ignore', 'ignore_ament_install']
[0.649s] Level 1:colcon.colcon_core.package_identification:_identify(src) by extension 'ignore'
[0.650s] Level 1:colcon.colcon_core.package_identification:_identify(src) by extension 'ignore_ament_install'
[0.651s] Level 1:colcon.colcon_core.package_identification:_identify(src) by extensions ['colcon_pkg']
[0.651s] Level 1:colcon.colcon_core.package_identification:_identify(src) by extension 'colcon_pkg'
[0.652s] Level 1:colcon.colcon_core.package_identification:_identify(src) by extensions ['colcon_meta']
[0.652s] Level 1:colcon.colcon_core.package_identification:_identify(src) by extension 'colcon_meta'
[0.653s] Level 1:colcon.colcon_core.package_identification:_identify(src) by extensions ['ros']
[0.653s] Level 1:colcon.colcon_core.package_identification:_identify(src) by extension 'ros'
[0.656s] Level 1:colcon.colcon_core.package_identification:_identify(src) by extensions ['cmake', 'python']
[0.656s] Level 1:colcon.colcon_core.package_identification:_identify(src) by extension 'cmake'
[0.657s] Level 1:colcon.colcon_core.package_identification:_identify(src) by extension 'python'
[0.658s] Level 1:colcon.colcon_core.package_identification:_identify(src) by extensions ['python_setup_py']
[0.658s] Level 1:colcon.colcon_core.package_identification:_identify(src) by extension 'python_setup_py'
[0.665s] Level 1:colcon.colcon_core.package_identification:_identify(src/assignment1_rt) by extensions ['ignore', 'ignore_ament_install']
[0.665s] Level 1:colcon.colcon_core.package_identification:_identify(src/assignment1_rt) by extension 'ignore'
[0.667s] Level 1:colcon.colcon_core.package_identification:_identify(src/assignment1_rt) by extension 'ignore_ament_install'
[0.669s] Level 1:colcon.colcon_core.package_identification:_identify(src/assignment1_rt) by extensions ['colcon_pkg']
[0.669s] Level 1:colcon.colcon_core.package_identification:_identify(src/assignment1_rt) by extension 'colcon_pkg'
[0.670s] Level 1:colcon.colcon_core.package_identification:_identify(src/assignment1_rt) by extensions ['colcon_meta']
[0.671s] Level 1:colcon.colcon_core.package_identification:_identify(src/assignment1_rt) by extension 'colcon_meta'
[0.672s] Level 1:colcon.colcon_core.package_identification:_identify(src/assignment1_rt) by extensions ['ros']
[0.673s] Level 1:colcon.colcon_core.package_identification:_identify(src/assignment1_rt) by extension 'ros'
[0.687s] DEBUG:colcon.colcon_core.package_identification:Package 'src/assignment1_rt' with type 'ros.ament_cmake' and name 'assignment1_rt'
[0.694s] Level 1:colcon.colcon_core.package_identification:_identify(src/spawn) by extensions ['ignore', 'ignore_ament_install']
[0.694s] Level 1:colcon.colcon_core.package_identification:_identify(src/spawn) by extension 'ignore'
[0.696s] Level 1:colcon.colcon_core.package_identification:_identify(src/spawn) by extension 'ignore_ament_install'
[0.699s] Level 1:colcon.colcon_core.package_identification:_identify(src/spawn) by extensions ['colcon_pkg']
[0.699s] Level 1:colcon.colcon_core.package_identification:_identify(src/spawn) by extension 'colcon_pkg'
[0.700s] Level 1:colcon.colcon_core.package_identification:_identify(src/spawn) by extensions ['colcon_meta']
[0.700s] Level 1:colcon.colcon_core.package_identification:_identify(src/spawn) by extension 'colcon_meta'
[0.702s] Level 1:colcon.colcon_core.package_identification:_identify(src/spawn) by extensions ['ros']
[0.702s] Level 1:colcon.colcon_core.package_identification:_identify(src/spawn) by extension 'ros'
[0.716s] DEBUG:colcon.colcon_core.package_identification:Package 'src/spawn' with type 'ros.ament_python' and name 'spawn'
[0.716s] Level 1:colcon.colcon_core.package_discovery:discover_packages(recursive) using defaults
[0.717s] Level 1:colcon.colcon_core.package_discovery:discover_packages(ignore) discover
[0.717s] Level 1:colcon.colcon_core.package_discovery:discover_packages(ignore) using defaults
[0.717s] Level 1:colcon.colcon_core.package_discovery:discover_packages(path) discover
[0.717s] Level 1:colcon.colcon_core.package_discovery:discover_packages(path) using defaults
[0.815s] INFO:colcon.colcon_core.package_selection:Skipping not selected package 'spawn' in 'src/spawn'
[0.816s] Level 1:colcon.colcon_core.package_discovery:discover_packages(prefix_path) check parameters
[0.816s] Level 1:colcon.colcon_core.package_discovery:discover_packages(prefix_path) discover
[0.867s] DEBUG:colcon.colcon_installed_package_information.package_discovery:Found 2 installed packages in /home/anto/Condivisa/ros_ws/install
[0.868s] DEBUG:colcon.colcon_installed_package_information.package_discovery:Found 4 installed packages in /home/anto/ros2_ws/install
[0.869s] DEBUG:colcon.colcon_installed_package_information.package_discovery:Found 274 installed packages in /opt/ros/humble
[0.870s] Level 1:colcon.colcon_core.package_discovery:discover_packages(prefix_path) using defaults
[0.923s] Level 5:colcon.colcon_core.verb:set package 'assignment1_rt' build argument 'cmake_args' from command line to 'None'
[0.924s] Level 5:colcon.colcon_core.verb:set package 'assignment1_rt' build argument 'cmake_target' from command line to 'None'
[0.924s] Level 5:colcon.colcon_core.verb:set package 'assignment1_rt' build argument 'cmake_target_skip_unavailable' from command line to 'False'
[0.924s] Level 5:colcon.colcon_core.verb:set package 'assignment1_rt' build argument 'cmake_clean_cache' from command line to 'False'
[0.924s] Level 5:colcon.colcon_core.verb:set package 'assignment1_rt' build argument 'cmake_clean_first' from command line to 'False'
[0.924s] Level 5:colcon.colcon_core.verb:set package 'assignment1_rt' build argument 'cmake_force_configure' from command line to 'False'
[0.924s] Level 5:colcon.colcon_core.verb:set package 'assignment1_rt' build argument 'ament_cmake_args' from command line to 'None'
[0.924s] Level 5:colcon.colcon_core.verb:set package 'assignment1_rt' build argument 'catkin_cmake_args' from command line to 'None'
[0.924s] Level 5:colcon.colcon_core.verb:set package 'assignment1_rt' build argument 'catkin_skip_building_tests' from command line to 'False'
[0.925s] DEBUG:colcon.colcon_core.verb:Building package 'assignment1_rt' with the following arguments: {'ament_cmake_args': None, 'build_base': '/home/anto/Condivisa/ros_ws/build/assignment1_rt', 'catkin_cmake_args': None, 'catkin_skip_building_tests': False, 'cmake_args': None, 'cmake_clean_cache': False, 'cmake_clean_first': False, 'cmake_force_configure': False, 'cmake_target': None, 'cmake_target_skip_unavailable': False, 'install_base': '/home/anto/Condivisa/ros_ws/install/assignment1_rt', 'merge_install': False, 'path': '/home/anto/Condivisa/ros_ws/src/assignment1_rt', 'symlink_install': False, 'test_result_base': None}
[0.925s] INFO:colcon.colcon_core.executor:Executing jobs using 'parallel' executor
[0.925s] DEBUG:colcon.colcon_parallel_executor.executor.parallel:run_until_complete
[0.926s] INFO:colcon.colcon_ros.task.ament_cmake.build:Building ROS package in '/home/anto/Condivisa/ros_ws/src/assignment1_rt' with build type 'ament_cmake'
[0.926s] INFO:colcon.colcon_cmake.task.cmake.build:Building CMake package in '/home/anto/Condivisa/ros_ws/src/assignment1_rt'
[0.939s] INFO:colcon.colcon_core.plugin_system:Skipping extension 'colcon_core.shell.bat': Not used on non-Windows systems
[0.939s] INFO:colcon.colcon_core.shell:Skip shell extension 'powershell' for command environment: Not usable outside of PowerShell
[0.939s] DEBUG:colcon.colcon_core.shell:Skip shell extension 'dsv' for command environment
[1.066s] DEBUG:colcon.colcon_core.event_handler.log_command:Invoking command in '/home/anto/Condivisa/ros_ws/build/assignment1_rt': CMAKE_PREFIX_PATH=${CMAKE_PREFIX_PATH}:/home/anto/Condivisa/ros_ws/install/spawn:/opt/ros/humble /usr/bin/cmake --build /home/anto/Condivisa/ros_ws/build/assignment1_rt -- -j4 -l4
[4.397s] DEBUG:colcon.colcon_core.event_handler.log_command:Invoked command in '/home/anto/Condivisa/ros_ws/build/assignment1_rt' returned '0': CMAKE_PREFIX_PATH=${CMAKE_PREFIX_PATH}:/home/anto/Condivisa/ros_ws/install/spawn:/opt/ros/humble /usr/bin/cmake --build /home/anto/Condivisa/ros_ws/build/assignment1_rt -- -j4 -l4
[4.426s] DEBUG:colcon.colcon_core.event_handler.log_command:Invoking command in '/home/anto/Condivisa/ros_ws/build/assignment1_rt': CMAKE_PREFIX_PATH=${CMAKE_PREFIX_PATH}:/home/anto/Condivisa/ros_ws/install/spawn:/opt/ros/humble /usr/bin/cmake --install /home/anto/Condivisa/ros_ws/build/assignment1_rt
[5.007s] Level 1:colcon.colcon_core.environment:create_environment_scripts_only(assignment1_rt)
[5.009s] DEBUG:colcon.colcon_core.event_handler.log_command:Invoked command in '/home/anto/Condivisa/ros_ws/build/assignment1_rt' returned '0': CMAKE_PREFIX_PATH=${CMAKE_PREFIX_PATH}:/home/anto/Condivisa/ros_ws/install/spawn:/opt/ros/humble /usr/bin/cmake --install /home/anto/Condivisa/ros_ws/build/assignment1_rt
[5.022s] Level 1:colcon.colcon_core.environment:checking '/home/anto/Condivisa/ros_ws/install/assignment1_rt' for CMake module files
[5.116s] Level 1:colcon.colcon_core.environment:checking '/home/anto/Condivisa/ros_ws/install/assignment1_rt' for CMake config files
[5.264s] Level 1:colcon.colcon_core.shell:create_environment_hook('assignment1_rt', 'cmake_prefix_path')
[5.264s] INFO:colcon.colcon_core.shell:Creating environment hook '/home/anto/Condivisa/ros_ws/install/assignment1_rt/share/assignment1_rt/hook/cmake_prefix_path.ps1'
[5.279s] INFO:colcon.colcon_core.shell:Creating environment descriptor '/home/anto/Condivisa/ros_ws/install/assignment1_rt/share/assignment1_rt/hook/cmake_prefix_path.dsv'
[5.293s] INFO:colcon.colcon_core.shell:Creating environment hook '/home/anto/Condivisa/ros_ws/install/assignment1_rt/share/assignment1_rt/hook/cmake_prefix_path.sh'
[5.310s] Level 1:colcon.colcon_core.environment:checking '/home/anto/Condivisa/ros_ws/install/assignment1_rt/lib'
[5.314s] Level 1:colcon.colcon_core.environment:checking '/home/anto/Condivisa/ros_ws/install/assignment1_rt/bin'
[5.322s] Level 1:colcon.colcon_core.shell:create_environment_hook('assignment1_rt', 'path')
[5.322s] INFO:colcon.colcon_core.shell:Creating environment hook '/home/anto/Condivisa/ros_ws/install/assignment1_rt/share/assignment1_rt/hook/path.ps1'
[5.340s] INFO:colcon.colcon_core.shell:Creating environment descriptor '/home/anto/Condivisa/ros_ws/install/assignment1_rt/share/assignment1_rt/hook/path.dsv'
[5.354s] INFO:colcon.colcon_core.shell:Creating environment hook '/home/anto/Condivisa/ros_ws/install/assignment1_rt/share/assignment1_rt/hook/path.sh'
[5.368s] Level 1:colcon.colcon_core.environment:checking '/home/anto/Condivisa/ros_ws/install/assignment1_rt/lib/pkgconfig/assignment1_rt.pc'
[5.369s] Level 1:colcon.colcon_core.environment:checking '/home/anto/Condivisa/ros_ws/install/assignment1_rt/lib/python3.10/site-packages'
[5.371s] Level 1:colcon.colcon_core.shell:create_environment_hook('assignment1_rt', 'pythonpath')
[5.372s] INFO:colcon.colcon_core.shell:Creating environment hook '/home/anto/Condivisa/ros_ws/install/assignment1_rt/share/assignment1_rt/hook/pythonpath.ps1'
[5.385s] INFO:colcon.colcon_core.shell:Creating environment descriptor '/home/anto/Condivisa/ros_ws/install/assignment1_rt/share/assignment1_rt/hook/pythonpath.dsv'
[5.398s] INFO:colcon.colcon_core.shell:Creating environment hook '/home/anto/Condivisa/ros_ws/install/assignment1_rt/share/assignment1_rt/hook/pythonpath.sh'
[5.415s] Level 1:colcon.colcon_core.environment:checking '/home/anto/Condivisa/ros_ws/install/assignment1_rt/bin'
[5.420s] Level 1:colcon.colcon_core.shell:create_environment_hook('assignment1_rt', 'pythonscriptspath')
[5.421s] INFO:colcon.colcon_core.shell:Creating environment hook '/home/anto/Condivisa/ros_ws/install/assignment1_rt/share/assignment1_rt/hook/pythonscriptspath.ps1'
[5.435s] INFO:colcon.colcon_core.shell:Creating environment descriptor '/home/anto/Condivisa/ros_ws/install/assignment1_rt/share/assignment1_rt/hook/pythonscriptspath.dsv'
[5.461s] INFO:colcon.colcon_core.shell:Creating environment hook '/home/anto/Condivisa/ros_ws/install/assignment1_rt/share/assignment1_rt/hook/pythonscriptspath.sh'
[5.475s] INFO:colcon.colcon_core.shell:Creating package script '/home/anto/Condivisa/ros_ws/install/assignment1_rt/share/assignment1_rt/package.ps1'
[5.488s] INFO:colcon.colcon_core.shell:Creating package descriptor '/home/anto/Condivisa/ros_ws/install/assignment1_rt/share/assignment1_rt/package.dsv'
[5.499s] INFO:colcon.colcon_core.shell:Creating package script '/home/anto/Condivisa/ros_ws/install/assignment1_rt/share/assignment1_rt/package.sh'
[5.509s] INFO:colcon.colcon_core.shell:Creating package script '/home/anto/Condivisa/ros_ws/install/assignment1_rt/share/assignment1_rt/package.bash'
[5.524s] INFO:colcon.colcon_core.shell:Creating package script '/home/anto/Condivisa/ros_ws/install/assignment1_rt/share/assignment1_rt/package.zsh'
[5.535s] Level 1:colcon.colcon_core.environment:create_file_with_runtime_dependencies(/home/anto/Condivisa/ros_ws/install/assignment1_rt/share/colcon-core/packages/assignment1_rt)
[5.557s] Level 1:colcon.colcon_core.environment:create_environment_scripts_only(assignment1_rt)
[5.557s] Level 1:colcon.colcon_core.environment:checking '/home/anto/Condivisa/ros_ws/install/assignment1_rt' for CMake module files
[5.655s] Level 1:colcon.colcon_core.environment:checking '/home/anto/Condivisa/ros_ws/install/assignment1_rt' for CMake config files
[5.809s] Level 1:colcon.colcon_core.shell:create_environment_hook('assignment1_rt', 'cmake_prefix_path')
[5.809s] INFO:colcon.colcon_core.shell:Creating environment hook '/home/anto/Condivisa/ros_ws/install/assignment1_rt/share/assignment1_rt/hook/cmake_prefix_path.ps1'
[5.826s] INFO:colcon.colcon_core.shell:Creating environment descriptor '/home/anto/Condivisa/ros_ws/install/assignment1_rt/share/assignment1_rt/hook/cmake_prefix_path.dsv'
[5.842s] INFO:colcon.colcon_core.shell:Creating environment hook '/home/anto/Condivisa/ros_ws/install/assignment1_rt/share/assignment1_rt/hook/cmake_prefix_path.sh'
[5.859s] Level 1:colcon.colcon_core.environment:checking '/home/anto/Condivisa/ros_ws/install/assignment1_rt/lib'
[5.862s] Level 1:colcon.colcon_core.environment:checking '/home/anto/Condivisa/ros_ws/install/assignment1_rt/bin'
[5.868s] Level 1:colcon.colcon_core.shell:create_environment_hook('assignment1_rt', 'path')
[5.868s] INFO:colcon.colcon_core.shell:Creating environment hook '/home/anto/Condivisa/ros_ws/install/assignment1_rt/share/assignment1_rt/hook/path.ps1'
[5.883s] INFO:colcon.colcon_core.shell:Creating environment descriptor '/home/anto/Condivisa/ros_ws/install/assignment1_rt/share/assignment1_rt/hook/path.dsv'
[5.897s] INFO:colcon.colcon_core.shell:Creating environment hook '/home/anto/Condivisa/ros_ws/install/assignment1_rt/share/assignment1_rt/hook/path.sh'
[5.909s] Level 1:colcon.colcon_core.environment:checking '/home/anto/Condivisa/ros_ws/install/assignment1_rt/lib/pkgconfig/assignment1_rt.pc'
[5.911s] Level 1:colcon.colcon_core.environment:checking '/home/anto/Condivisa/ros_ws/install/assignment1_rt/lib/python3.10/site-packages'
[5.913s] Level 1:colcon.colcon_core.shell:create_environment_hook('assignment1_rt', 'pythonpath')
[5.914s] INFO:colcon.colcon_core.shell:Creating environment hook '/home/anto/Condivisa/ros_ws/install/assignment1_rt/share/assignment1_rt/hook/pythonpath.ps1'
[5.931s] INFO:colcon.colcon_core.shell:Creating environment descriptor '/home/anto/Condivisa/ros_ws/install/assignment1_rt/share/assignment1_rt/hook/pythonpath.dsv'
[5.945s] INFO:colcon.colcon_core.shell:Creating environment hook '/home/anto/Condivisa/ros_ws/install/assignment1_rt/share/assignment1_rt/hook/pythonpath.sh'
[5.959s] Level 1:colcon.colcon_core.environment:checking '/home/anto/Condivisa/ros_ws/install/assignment1_rt/bin'
[5.964s] Level 1:colcon.colcon_core.shell:create_environment_hook('assignment1_rt', 'pythonscriptspath')
[5.964s] INFO:colcon.colcon_core.shell:Creating environment hook '/home/anto/Condivisa/ros_ws/install/assignment1_rt/share/assignment1_rt/hook/pythonscriptspath.ps1'
[5.978s] INFO:colcon.colcon_core.shell:Creating environment descriptor '/home/anto/Condivisa/ros_ws/install/assignment1_rt/share/assignment1_rt/hook/pythonscriptspath.dsv'
[5.991s] INFO:colcon.colcon_core.shell:Creating environment hook '/home/anto/Condivisa/ros_ws/install/assignment1_rt/share/assignment1_rt/hook/pythonscriptspath.sh'
[6.005s] INFO:colcon.colcon_core.shell:Creating package script '/home/anto/Condivisa/ros_ws/install/assignment1_rt/share/assignment1_rt/package.ps1'
[6.016s] INFO:colcon.colcon_core.shell:Creating package descriptor '/home/anto/Condivisa/ros_ws/install/assignment1_rt/share/assignment1_rt/package.dsv'
[6.026s] INFO:colcon.colcon_core.shell:Creating package script '/home/anto/Condivisa/ros_ws/install/assignment1_rt/share/assignment1_rt/package.sh'
[6.041s] INFO:colcon.colcon_core.shell:Creating package script '/home/anto/Condivisa/ros_ws/install/assignment1_rt/share/assignment1_rt/package.bash'
[6.052s] INFO:colcon.colcon_core.shell:Creating package script '/home/anto/Condivisa/ros_ws/install/assignment1_rt/share/assignment1_rt/package.zsh'
[6.064s] Level 1:colcon.colcon_core.environment:create_file_with_runtime_dependencies(/home/anto/Condivisa/ros_ws/install/assignment1_rt/share/colcon-core/packages/assignment1_rt)
[6.072s] DEBUG:colcon.colcon_parallel_executor.executor.parallel:closing loop
[6.073s] DEBUG:colcon.colcon_parallel_executor.executor.parallel:loop closed
[6.073s] DEBUG:colcon.colcon_parallel_executor.executor.parallel:run_until_complete finished with '0'
[6.073s] DEBUG:colcon.colcon_core.event_reactor:joining thread
[6.108s] INFO:colcon.colcon_core.plugin_system:Skipping extension 'colcon_notification.desktop_notification.terminal_notifier': Not used on non-Darwin systems
[6.108s] INFO:colcon.colcon_core.plugin_system:Skipping extension 'colcon_notification.desktop_notification.win32': Not used on non-Windows systems
[6.109s] INFO:colcon.colcon_notification.desktop_notification:Sending desktop notification using 'notify2'
[6.135s] DEBUG:colcon.colcon_core.event_reactor:joined thread
[6.136s] INFO:colcon.colcon_core.shell:Creating prefix script '/home/anto/Condivisa/ros_ws/install/local_setup.ps1'
[6.153s] INFO:colcon.colcon_core.shell:Creating prefix util module '/home/anto/Condivisa/ros_ws/install/_local_setup_util_ps1.py'
[6.168s] INFO:colcon.colcon_core.shell:Creating prefix chain script '/home/anto/Condivisa/ros_ws/install/setup.ps1'
[6.190s] INFO:colcon.colcon_core.shell:Creating prefix script '/home/anto/Condivisa/ros_ws/install/local_setup.sh'
[6.195s] INFO:colcon.colcon_core.shell:Creating prefix util module '/home/anto/Condivisa/ros_ws/install/_local_setup_util_sh.py'
[6.199s] INFO:colcon.colcon_core.shell:Creating prefix chain script '/home/anto/Condivisa/ros_ws/install/setup.sh'
[6.217s] INFO:colcon.colcon_core.shell:Creating prefix script '/home/anto/Condivisa/ros_ws/install/local_setup.bash'
[6.221s] INFO:colcon.colcon_core.shell:Creating prefix chain script '/home/anto/Condivisa/ros_ws/install/setup.bash'
[6.239s] INFO:colcon.colcon_core.shell:Creating prefix script '/home/anto/Condivisa/ros_ws/install/local_setup.zsh'
[6.244s] INFO:colcon.colcon_core.shell:Creating prefix chain script '/home/anto/Condivisa/ros_ws/install/setup.zsh'
