[0.428s] DEBUG:colcon:Command line arguments: ['/usr/bin/colcon', 'build']
[0.428s] DEBUG:colcon:Parsed command line arguments: Namespace(log_base=None, log_level=None, verb_name='build', build_base='build', install_base='install', merge_install=False, symlink_install=False, test_result_base=None, continue_on_error=False, executor='parallel', parallel_workers=4, event_handlers=None, ignore_user_meta=False, metas=['./colcon.meta'], base_paths=['.'], packages_ignore=None, packages_ignore_regex=None, paths=None, packages_up_to=None, packages_up_to_regex=None, packages_above=None, packages_above_and_dependencies=None, packages_above_depth=None, packages_select_by_dep=None, packages_skip_by_dep=None, packages_skip_up_to=None, packages_select_build_failed=False, packages_skip_build_finished=False, packages_select_test_failures=False, packages_skip_test_passed=False, packages_select=None, packages_skip=None, packages_select_regex=None, packages_skip_regex=None, packages_start=None, packages_end=None, allow_overriding=[], cmake_args=None, cmake_target=None, cmake_target_skip_unavailable=False, cmake_clean_cache=False, cmake_clean_first=False, cmake_force_configure=False, ament_cmake_args=None, catkin_cmake_args=None, catkin_skip_building_tests=False, mixin_files=None, mixin=None, verb_parser=<colcon_mixin.mixin.mixin_argument.MixinArgumentDecorator object at 0xffff8c948370>, verb_extension=<colcon_core.verb.build.BuildVerb object at 0xffff8c913d60>, main=<bound method BuildVerb.main of <colcon_core.verb.build.BuildVerb object at 0xffff8c913d60>>, mixin_verb=('build',))
[0.533s] Level 1:colcon.colcon_core.package_discovery:discover_packages(colcon_meta) check parameters
[0.533s] Level 1:colcon.colcon_core.package_discovery:discover_packages(recursive) check parameters
[0.533s] Level 1:colcon.colcon_core.package_discovery:discover_packages(ignore) check parameters
[0.534s] Level 1:colcon.colcon_core.package_discovery:discover_packages(path) check parameters
[0.534s] Level 1:colcon.colcon_core.package_discovery:discover_packages(colcon_meta) discover
[0.534s] Level 1:colcon.colcon_core.package_discovery:discover_packages(recursive) discover
[0.534s] INFO:colcon.colcon_core.package_discovery:Crawling recursively for packages in '/home/anto/Condivisa/ros_ws'
[0.539s] Level 1:colcon.colcon_core.package_identification:_identify(.) by extensions ['ignore', 'ignore_ament_install']
[0.539s] Level 1:colcon.colcon_core.package_identification:_identify(.) by extension 'ignore'
[0.539s] Level 1:colcon.colcon_core.package_identification:_identify(.) by extension 'ignore_ament_install'
[0.540s] Level 1:colcon.colcon_core.package_identification:_identify(.) by extensions ['colcon_pkg']
[0.540s] Level 1:colcon.colcon_core.package_identification:_identify(.) by extension 'colcon_pkg'
[0.540s] Level 1:colcon.colcon_core.package_identification:_identify(.) by extensions ['colcon_meta']
[0.540s] Level 1:colcon.colcon_core.package_identification:_identify(.) by extension 'colcon_meta'
[0.540s] Level 1:colcon.colcon_core.package_identification:_identify(.) by extensions ['ros']
[0.540s] Level 1:colcon.colcon_core.package_identification:_identify(.) by extension 'ros'
[0.565s] Level 1:colcon.colcon_core.package_identification:_identify(.) by extensions ['cmake', 'python']
[0.566s] Level 1:colcon.colcon_core.package_identification:_identify(.) by extension 'cmake'
[0.566s] Level 1:colcon.colcon_core.package_identification:_identify(.) by extension 'python'
[0.566s] Level 1:colcon.colcon_core.package_identification:_identify(.) by extensions ['python_setup_py']
[0.567s] Level 1:colcon.colcon_core.package_identification:_identify(.) by extension 'python_setup_py'
[0.574s] Level 1:colcon.colcon_core.package_identification:_identify(build) by extensions ['ignore', 'ignore_ament_install']
[0.574s] Level 1:colcon.colcon_core.package_identification:_identify(build) by extension 'ignore'
[0.575s] Level 1:colcon.colcon_core.package_identification:_identify(build) ignored
[0.585s] Level 1:colcon.colcon_core.package_identification:_identify(install) by extensions ['ignore', 'ignore_ament_install']
[0.585s] Level 1:colcon.colcon_core.package_identification:_identify(install) by extension 'ignore'
[0.586s] Level 1:colcon.colcon_core.package_identification:_identify(install) ignored
[0.620s] Level 1:colcon.colcon_core.package_identification:_identify(log) by extensions ['ignore', 'ignore_ament_install']
[0.620s] Level 1:colcon.colcon_core.package_identification:_identify(log) by extension 'ignore'
[0.621s] Level 1:colcon.colcon_core.package_identification:_identify(log) ignored
[0.625s] Level 1:colcon.colcon_core.package_identification:_identify(src) by extensions ['ignore', 'ignore_ament_install']
[0.625s] Level 1:colcon.colcon_core.package_identification:_identify(src) by extension 'ignore'
[0.626s] Level 1:colcon.colcon_core.package_identification:_identify(src) by extension 'ignore_ament_install'
[0.628s] Level 1:colcon.colcon_core.package_identification:_identify(src) by extensions ['colcon_pkg']
[0.628s] Level 1:colcon.colcon_core.package_identification:_identify(src) by extension 'colcon_pkg'
[0.628s] Level 1:colcon.colcon_core.package_identification:_identify(src) by extensions ['colcon_meta']
[0.629s] Level 1:colcon.colcon_core.package_identification:_identify(src) by extension 'colcon_meta'
[0.629s] Level 1:colcon.colcon_core.package_identification:_identify(src) by extensions ['ros']
[0.629s] Level 1:colcon.colcon_core.package_identification:_identify(src) by extension 'ros'
[0.632s] Level 1:colcon.colcon_core.package_identification:_identify(src) by extensions ['cmake', 'python']
[0.633s] Level 1:colcon.colcon_core.package_identification:_identify(src) by extension 'cmake'
[0.633s] Level 1:colcon.colcon_core.package_identification:_identify(src) by extension 'python'
[0.634s] Level 1:colcon.colcon_core.package_identification:_identify(src) by extensions ['python_setup_py']
[0.634s] Level 1:colcon.colcon_core.package_identification:_identify(src) by extension 'python_setup_py'
[0.641s] Level 1:colcon.colcon_core.package_identification:_identify(src/assignment1_rt) by extensions ['ignore', 'ignore_ament_install']
[0.641s] Level 1:colcon.colcon_core.package_identification:_identify(src/assignment1_rt) by extension 'ignore'
[0.643s] Level 1:colcon.colcon_core.package_identification:_identify(src/assignment1_rt) by extension 'ignore_ament_install'
[0.645s] Level 1:colcon.colcon_core.package_identification:_identify(src/assignment1_rt) by extensions ['colcon_pkg']
[0.645s] Level 1:colcon.colcon_core.package_identification:_identify(src/assignment1_rt) by extension 'colcon_pkg'
[0.646s] Level 1:colcon.colcon_core.package_identification:_identify(src/assignment1_rt) by extensions ['colcon_meta']
[0.646s] Level 1:colcon.colcon_core.package_identification:_identify(src/assignment1_rt) by extension 'colcon_meta'
[0.648s] Level 1:colcon.colcon_core.package_identification:_identify(src/assignment1_rt) by extensions ['ros']
[0.648s] Level 1:colcon.colcon_core.package_identification:_identify(src/assignment1_rt) by extension 'ros'
[0.664s] DEBUG:colcon.colcon_core.package_identification:Package 'src/assignment1_rt' with type 'ros.ament_cmake' and name 'assignment1_rt'
[0.672s] Level 1:colcon.colcon_core.package_identification:_identify(src/spawn) by extensions ['ignore', 'ignore_ament_install']
[0.672s] Level 1:colcon.colcon_core.package_identification:_identify(src/spawn) by extension 'ignore'
[0.673s] Level 1:colcon.colcon_core.package_identification:_identify(src/spawn) by extension 'ignore_ament_install'
[0.676s] Level 1:colcon.colcon_core.package_identification:_identify(src/spawn) by extensions ['colcon_pkg']
[0.676s] Level 1:colcon.colcon_core.package_identification:_identify(src/spawn) by extension 'colcon_pkg'
[0.677s] Level 1:colcon.colcon_core.package_identification:_identify(src/spawn) by extensions ['colcon_meta']
[0.677s] Level 1:colcon.colcon_core.package_identification:_identify(src/spawn) by extension 'colcon_meta'
[0.679s] Level 1:colcon.colcon_core.package_identification:_identify(src/spawn) by extensions ['ros']
[0.679s] Level 1:colcon.colcon_core.package_identification:_identify(src/spawn) by extension 'ros'
[0.692s] DEBUG:colcon.colcon_core.package_identification:Package 'src/spawn' with type 'ros.ament_python' and name 'spawn'
[0.692s] Level 1:colcon.colcon_core.package_discovery:discover_packages(recursive) using defaults
[0.693s] Level 1:colcon.colcon_core.package_discovery:discover_packages(ignore) discover
[0.693s] Level 1:colcon.colcon_core.package_discovery:discover_packages(ignore) using defaults
[0.693s] Level 1:colcon.colcon_core.package_discovery:discover_packages(path) discover
[0.693s] Level 1:colcon.colcon_core.package_discovery:discover_packages(path) using defaults
[0.782s] Level 1:colcon.colcon_core.package_discovery:discover_packages(prefix_path) check parameters
[0.782s] Level 1:colcon.colcon_core.package_discovery:discover_packages(prefix_path) discover
[0.825s] DEBUG:colcon.colcon_installed_package_information.package_discovery:Found 2 installed packages in /home/anto/Condivisa/ros_ws/install
[0.825s] DEBUG:colcon.colcon_installed_package_information.package_discovery:Found 4 installed packages in /home/anto/ros2_ws/install
[0.826s] DEBUG:colcon.colcon_installed_package_information.package_discovery:Found 274 installed packages in /opt/ros/humble
[0.827s] Level 1:colcon.colcon_core.package_discovery:discover_packages(prefix_path) using defaults
[0.875s] Level 5:colcon.colcon_core.verb:set package 'assignment1_rt' build argument 'cmake_args' from command line to 'None'
[0.875s] Level 5:colcon.colcon_core.verb:set package 'assignment1_rt' build argument 'cmake_target' from command line to 'None'
[0.876s] Level 5:colcon.colcon_core.verb:set package 'assignment1_rt' build argument 'cmake_target_skip_unavailable' from command line to 'False'
[0.876s] Level 5:colcon.colcon_core.verb:set package 'assignment1_rt' build argument 'cmake_clean_cache' from command line to 'False'
[0.876s] Level 5:colcon.colcon_core.verb:set package 'assignment1_rt' build argument 'cmake_clean_first' from command line to 'False'
[0.876s] Level 5:colcon.colcon_core.verb:set package 'assignment1_rt' build argument 'cmake_force_configure' from command line to 'False'
[0.876s] Level 5:colcon.colcon_core.verb:set package 'assignment1_rt' build argument 'ament_cmake_args' from command line to 'None'
[0.876s] Level 5:colcon.colcon_core.verb:set package 'assignment1_rt' build argument 'catkin_cmake_args' from command line to 'None'
[0.876s] Level 5:colcon.colcon_core.verb:set package 'assignment1_rt' build argument 'catkin_skip_building_tests' from command line to 'False'
[0.877s] DEBUG:colcon.colcon_core.verb:Building package 'assignment1_rt' with the following arguments: {'ament_cmake_args': None, 'build_base': '/home/anto/Condivisa/ros_ws/build/assignment1_rt', 'catkin_cmake_args': None, 'catkin_skip_building_tests': False, 'cmake_args': None, 'cmake_clean_cache': False, 'cmake_clean_first': False, 'cmake_force_configure': False, 'cmake_target': None, 'cmake_target_skip_unavailable': False, 'install_base': '/home/anto/Condivisa/ros_ws/install/assignment1_rt', 'merge_install': False, 'path': '/home/anto/Condivisa/ros_ws/src/assignment1_rt', 'symlink_install': False, 'test_result_base': None}
[0.877s] Level 5:colcon.colcon_core.verb:set package 'spawn' build argument 'cmake_args' from command line to 'None'
[0.877s] Level 5:colcon.colcon_core.verb:set package 'spawn' build argument 'cmake_target' from command line to 'None'
[0.877s] Level 5:colcon.colcon_core.verb:set package 'spawn' build argument 'cmake_target_skip_unavailable' from command line to 'False'
[0.877s] Level 5:colcon.colcon_core.verb:set package 'spawn' build argument 'cmake_clean_cache' from command line to 'False'
[0.877s] Level 5:colcon.colcon_core.verb:set package 'spawn' build argument 'cmake_clean_first' from command line to 'False'
[0.878s] Level 5:colcon.colcon_core.verb:set package 'spawn' build argument 'cmake_force_configure' from command line to 'False'
[0.878s] Level 5:colcon.colcon_core.verb:set package 'spawn' build argument 'ament_cmake_args' from command line to 'None'
[0.878s] Level 5:colcon.colcon_core.verb:set package 'spawn' build argument 'catkin_cmake_args' from command line to 'None'
[0.878s] Level 5:colcon.colcon_core.verb:set package 'spawn' build argument 'catkin_skip_building_tests' from command line to 'False'
[0.878s] DEBUG:colcon.colcon_core.verb:Building package 'spawn' with the following arguments: {'ament_cmake_args': None, 'build_base': '/home/anto/Condivisa/ros_ws/build/spawn', 'catkin_cmake_args': None, 'catkin_skip_building_tests': False, 'cmake_args': None, 'cmake_clean_cache': False, 'cmake_clean_first': False, 'cmake_force_configure': False, 'cmake_target': None, 'cmake_target_skip_unavailable': False, 'install_base': '/home/anto/Condivisa/ros_ws/install/spawn', 'merge_install': False, 'path': '/home/anto/Condivisa/ros_ws/src/spawn', 'symlink_install': False, 'test_result_base': None}
[0.879s] INFO:colcon.colcon_core.executor:Executing jobs using 'parallel' executor
[0.879s] DEBUG:colcon.colcon_parallel_executor.executor.parallel:run_until_complete
[0.880s] INFO:colcon.colcon_ros.task.ament_cmake.build:Building ROS package in '/home/anto/Condivisa/ros_ws/src/assignment1_rt' with build type 'ament_cmake'
[0.880s] INFO:colcon.colcon_cmake.task.cmake.build:Building CMake package in '/home/anto/Condivisa/ros_ws/src/assignment1_rt'
[0.892s] INFO:colcon.colcon_core.plugin_system:Skipping extension 'colcon_core.shell.bat': Not used on non-Windows systems
[0.892s] INFO:colcon.colcon_core.shell:Skip shell extension 'powershell' for command environment: Not usable outside of PowerShell
[0.893s] DEBUG:colcon.colcon_core.shell:Skip shell extension 'dsv' for command environment
[0.964s] INFO:colcon.colcon_ros.task.ament_python.build:Building ROS package in '/home/anto/Condivisa/ros_ws/src/spawn' with build type 'ament_python'
[0.964s] Level 1:colcon.colcon_core.shell:create_environment_hook('spawn', 'ament_prefix_path')
[0.964s] INFO:colcon.colcon_core.shell:Creating environment hook '/home/anto/Condivisa/ros_ws/install/spawn/share/spawn/hook/ament_prefix_path.ps1'
[0.983s] INFO:colcon.colcon_core.shell:Creating environment descriptor '/home/anto/Condivisa/ros_ws/install/spawn/share/spawn/hook/ament_prefix_path.dsv'
[0.998s] INFO:colcon.colcon_core.shell:Creating environment hook '/home/anto/Condivisa/ros_ws/install/spawn/share/spawn/hook/ament_prefix_path.sh'
[1.016s] INFO:colcon.colcon_core.shell:Skip shell extension 'powershell' for command environment: Not usable outside of PowerShell
[1.017s] DEBUG:colcon.colcon_core.shell:Skip shell extension 'dsv' for command environment
[1.117s] DEBUG:colcon.colcon_core.event_handler.log_command:Invoking command in '/home/anto/Condivisa/ros_ws/build/assignment1_rt': CMAKE_PREFIX_PATH=${CMAKE_PREFIX_PATH}:/home/anto/Condivisa/ros_ws/install/spawn:/opt/ros/humble /usr/bin/cmake --build /home/anto/Condivisa/ros_ws/build/assignment1_rt -- -j4 -l4
[2.169s] INFO:colcon.colcon_core.task.python.build:Building Python package in '/home/anto/Condivisa/ros_ws/src/spawn'
[2.170s] INFO:colcon.colcon_core.shell:Skip shell extension 'powershell' for command environment: Not usable outside of PowerShell
[2.170s] DEBUG:colcon.colcon_core.shell:Skip shell extension 'dsv' for command environment
[3.800s] DEBUG:colcon.colcon_core.event_handler.log_command:Invoking command in '/home/anto/Condivisa/ros_ws/src/spawn': PYTHONPATH=/home/anto/Condivisa/ros_ws/build/spawn/prefix_override:/usr/lib/python3/dist-packages/colcon_core/task/python/colcon_distutils_commands:/home/anto/Condivisa/ros_ws/install/spawn/lib/python3.10/site-packages:${PYTHONPATH} /usr/bin/python3 -W ignore:setup.py install is deprecated -W ignore:easy_install command is deprecated setup.py egg_info --egg-base ../../build/spawn build --build-base /home/anto/Condivisa/ros_ws/build/spawn/build install --record /home/anto/Condivisa/ros_ws/build/spawn/install.log --single-version-externally-managed install_data
[6.119s] DEBUG:colcon.colcon_core.event_handler.log_command:Invoked command in '/home/anto/Condivisa/ros_ws/src/spawn' returned '0': PYTHONPATH=/home/anto/Condivisa/ros_ws/build/spawn/prefix_override:/usr/lib/python3/dist-packages/colcon_core/task/python/colcon_distutils_commands:/home/anto/Condivisa/ros_ws/install/spawn/lib/python3.10/site-packages:${PYTHONPATH} /usr/bin/python3 -W ignore:setup.py install is deprecated -W ignore:easy_install command is deprecated setup.py egg_info --egg-base ../../build/spawn build --build-base /home/anto/Condivisa/ros_ws/build/spawn/build install --record /home/anto/Condivisa/ros_ws/build/spawn/install.log --single-version-externally-managed install_data
[6.133s] Level 1:colcon.colcon_core.environment:checking '/home/anto/Condivisa/ros_ws/install/spawn' for CMake module files
[6.190s] Level 1:colcon.colcon_core.environment:checking '/home/anto/Condivisa/ros_ws/install/spawn' for CMake config files
[6.323s] Level 1:colcon.colcon_core.environment:checking '/home/anto/Condivisa/ros_ws/install/spawn/lib'
[6.327s] Level 1:colcon.colcon_core.environment:checking '/home/anto/Condivisa/ros_ws/install/spawn/bin'
[6.329s] Level 1:colcon.colcon_core.environment:checking '/home/anto/Condivisa/ros_ws/install/spawn/lib/pkgconfig/spawn.pc'
[6.331s] Level 1:colcon.colcon_core.environment:checking '/home/anto/Condivisa/ros_ws/install/spawn/lib/python3.10/site-packages'
[6.334s] Level 1:colcon.colcon_core.shell:create_environment_hook('spawn', 'pythonpath')
[6.334s] INFO:colcon.colcon_core.shell:Creating environment hook '/home/anto/Condivisa/ros_ws/install/spawn/share/spawn/hook/pythonpath.ps1'
[6.354s] INFO:colcon.colcon_core.shell:Creating environment descriptor '/home/anto/Condivisa/ros_ws/install/spawn/share/spawn/hook/pythonpath.dsv'
[6.372s] INFO:colcon.colcon_core.shell:Creating environment hook '/home/anto/Condivisa/ros_ws/install/spawn/share/spawn/hook/pythonpath.sh'
[6.388s] Level 1:colcon.colcon_core.environment:checking '/home/anto/Condivisa/ros_ws/install/spawn/bin'
[6.390s] Level 1:colcon.colcon_core.environment:create_environment_scripts_only(spawn)
[6.390s] INFO:colcon.colcon_core.shell:Creating package script '/home/anto/Condivisa/ros_ws/install/spawn/share/spawn/package.ps1'
[6.404s] INFO:colcon.colcon_core.shell:Creating package descriptor '/home/anto/Condivisa/ros_ws/install/spawn/share/spawn/package.dsv'
[6.416s] INFO:colcon.colcon_core.shell:Creating package script '/home/anto/Condivisa/ros_ws/install/spawn/share/spawn/package.sh'
[6.428s] INFO:colcon.colcon_core.shell:Creating package script '/home/anto/Condivisa/ros_ws/install/spawn/share/spawn/package.bash'
[6.440s] INFO:colcon.colcon_core.shell:Creating package script '/home/anto/Condivisa/ros_ws/install/spawn/share/spawn/package.zsh'
[6.459s] Level 1:colcon.colcon_core.environment:create_file_with_runtime_dependencies(/home/anto/Condivisa/ros_ws/install/spawn/share/colcon-core/packages/spawn)
[8.067s] DEBUG:colcon.colcon_core.event_handler.log_command:Invoked command in '/home/anto/Condivisa/ros_ws/build/assignment1_rt' returned '0': CMAKE_PREFIX_PATH=${CMAKE_PREFIX_PATH}:/home/anto/Condivisa/ros_ws/install/spawn:/opt/ros/humble /usr/bin/cmake --build /home/anto/Condivisa/ros_ws/build/assignment1_rt -- -j4 -l4
[8.094s] DEBUG:colcon.colcon_core.event_handler.log_command:Invoking command in '/home/anto/Condivisa/ros_ws/build/assignment1_rt': CMAKE_PREFIX_PATH=${CMAKE_PREFIX_PATH}:/home/anto/Condivisa/ros_ws/install/spawn:/opt/ros/humble /usr/bin/cmake --install /home/anto/Condivisa/ros_ws/build/assignment1_rt
[8.865s] Level 1:colcon.colcon_core.environment:create_environment_scripts_only(assignment1_rt)
[8.865s] Level 1:colcon.colcon_core.environment:checking '/home/anto/Condivisa/ros_ws/install/assignment1_rt' for CMake module files
[8.866s] DEBUG:colcon.colcon_core.event_handler.log_command:Invoked command in '/home/anto/Condivisa/ros_ws/build/assignment1_rt' returned '0': CMAKE_PREFIX_PATH=${CMAKE_PREFIX_PATH}:/home/anto/Condivisa/ros_ws/install/spawn:/opt/ros/humble /usr/bin/cmake --install /home/anto/Condivisa/ros_ws/build/assignment1_rt
[8.961s] Level 1:colcon.colcon_core.environment:checking '/home/anto/Condivisa/ros_ws/install/assignment1_rt' for CMake config files
[9.111s] Level 1:colcon.colcon_core.shell:create_environment_hook('assignment1_rt', 'cmake_prefix_path')
[9.111s] INFO:colcon.colcon_core.shell:Creating environment hook '/home/anto/Condivisa/ros_ws/install/assignment1_rt/share/assignment1_rt/hook/cmake_prefix_path.ps1'
[9.126s] INFO:colcon.colcon_core.shell:Creating environment descriptor '/home/anto/Condivisa/ros_ws/install/assignment1_rt/share/assignment1_rt/hook/cmake_prefix_path.dsv'
[9.139s] INFO:colcon.colcon_core.shell:Creating environment hook '/home/anto/Condivisa/ros_ws/install/assignment1_rt/share/assignment1_rt/hook/cmake_prefix_path.sh'
[9.156s] Level 1:colcon.colcon_core.environment:checking '/home/anto/Condivisa/ros_ws/install/assignment1_rt/lib'
[9.160s] Level 1:colcon.colcon_core.environment:checking '/home/anto/Condivisa/ros_ws/install/assignment1_rt/bin'
[9.166s] Level 1:colcon.colcon_core.shell:create_environment_hook('assignment1_rt', 'path')
[9.167s] INFO:colcon.colcon_core.shell:Creating environment hook '/home/anto/Condivisa/ros_ws/install/assignment1_rt/share/assignment1_rt/hook/path.ps1'
[9.182s] INFO:colcon.colcon_core.shell:Creating environment descriptor '/home/anto/Condivisa/ros_ws/install/assignment1_rt/share/assignment1_rt/hook/path.dsv'
[9.196s] INFO:colcon.colcon_core.shell:Creating environment hook '/home/anto/Condivisa/ros_ws/install/assignment1_rt/share/assignment1_rt/hook/path.sh'
[9.209s] Level 1:colcon.colcon_core.environment:checking '/home/anto/Condivisa/ros_ws/install/assignment1_rt/lib/pkgconfig/assignment1_rt.pc'
[9.210s] Level 1:colcon.colcon_core.environment:checking '/home/anto/Condivisa/ros_ws/install/assignment1_rt/lib/python3.10/site-packages'
[9.213s] Level 1:colcon.colcon_core.shell:create_environment_hook('assignment1_rt', 'pythonpath')
[9.213s] INFO:colcon.colcon_core.shell:Creating environment hook '/home/anto/Condivisa/ros_ws/install/assignment1_rt/share/assignment1_rt/hook/pythonpath.ps1'
[9.226s] INFO:colcon.colcon_core.shell:Creating environment descriptor '/home/anto/Condivisa/ros_ws/install/assignment1_rt/share/assignment1_rt/hook/pythonpath.dsv'
[9.240s] INFO:colcon.colcon_core.shell:Creating environment hook '/home/anto/Condivisa/ros_ws/install/assignment1_rt/share/assignment1_rt/hook/pythonpath.sh'
[9.253s] Level 1:colcon.colcon_core.environment:checking '/home/anto/Condivisa/ros_ws/install/assignment1_rt/bin'
[9.258s] Level 1:colcon.colcon_core.shell:create_environment_hook('assignment1_rt', 'pythonscriptspath')
[9.259s] INFO:colcon.colcon_core.shell:Creating environment hook '/home/anto/Condivisa/ros_ws/install/assignment1_rt/share/assignment1_rt/hook/pythonscriptspath.ps1'
[9.273s] INFO:colcon.colcon_core.shell:Creating environment descriptor '/home/anto/Condivisa/ros_ws/install/assignment1_rt/share/assignment1_rt/hook/pythonscriptspath.dsv'
[9.286s] INFO:colcon.colcon_core.shell:Creating environment hook '/home/anto/Condivisa/ros_ws/install/assignment1_rt/share/assignment1_rt/hook/pythonscriptspath.sh'
[9.301s] INFO:colcon.colcon_core.shell:Creating package script '/home/anto/Condivisa/ros_ws/install/assignment1_rt/share/assignment1_rt/package.ps1'
[9.312s] INFO:colcon.colcon_core.shell:Creating package descriptor '/home/anto/Condivisa/ros_ws/install/assignment1_rt/share/assignment1_rt/package.dsv'
[9.325s] INFO:colcon.colcon_core.shell:Creating package script '/home/anto/Condivisa/ros_ws/install/assignment1_rt/share/assignment1_rt/package.sh'
[9.338s] INFO:colcon.colcon_core.shell:Creating package script '/home/anto/Condivisa/ros_ws/install/assignment1_rt/share/assignment1_rt/package.bash'
[9.349s] INFO:colcon.colcon_core.shell:Creating package script '/home/anto/Condivisa/ros_ws/install/assignment1_rt/share/assignment1_rt/package.zsh'
[9.361s] Level 1:colcon.colcon_core.environment:create_file_with_runtime_dependencies(/home/anto/Condivisa/ros_ws/install/assignment1_rt/share/colcon-core/packages/assignment1_rt)
[9.388s] Level 1:colcon.colcon_core.environment:create_environment_scripts_only(assignment1_rt)
[9.388s] Level 1:colcon.colcon_core.environment:checking '/home/anto/Condivisa/ros_ws/install/assignment1_rt' for CMake module files
[9.485s] Level 1:colcon.colcon_core.environment:checking '/home/anto/Condivisa/ros_ws/install/assignment1_rt' for CMake config files
[9.632s] Level 1:colcon.colcon_core.shell:create_environment_hook('assignment1_rt', 'cmake_prefix_path')
[9.632s] INFO:colcon.colcon_core.shell:Creating environment hook '/home/anto/Condivisa/ros_ws/install/assignment1_rt/share/assignment1_rt/hook/cmake_prefix_path.ps1'
[9.647s] INFO:colcon.colcon_core.shell:Creating environment descriptor '/home/anto/Condivisa/ros_ws/install/assignment1_rt/share/assignment1_rt/hook/cmake_prefix_path.dsv'
[9.661s] INFO:colcon.colcon_core.shell:Creating environment hook '/home/anto/Condivisa/ros_ws/install/assignment1_rt/share/assignment1_rt/hook/cmake_prefix_path.sh'
[9.678s] Level 1:colcon.colcon_core.environment:checking '/home/anto/Condivisa/ros_ws/install/assignment1_rt/lib'
[9.681s] Level 1:colcon.colcon_core.environment:checking '/home/anto/Condivisa/ros_ws/install/assignment1_rt/bin'
[9.689s] Level 1:colcon.colcon_core.shell:create_environment_hook('assignment1_rt', 'path')
[9.690s] INFO:colcon.colcon_core.shell:Creating environment hook '/home/anto/Condivisa/ros_ws/install/assignment1_rt/share/assignment1_rt/hook/path.ps1'
[9.705s] INFO:colcon.colcon_core.shell:Creating environment descriptor '/home/anto/Condivisa/ros_ws/install/assignment1_rt/share/assignment1_rt/hook/path.dsv'
[9.718s] INFO:colcon.colcon_core.shell:Creating environment hook '/home/anto/Condivisa/ros_ws/install/assignment1_rt/share/assignment1_rt/hook/path.sh'
[9.730s] Level 1:colcon.colcon_core.environment:checking '/home/anto/Condivisa/ros_ws/install/assignment1_rt/lib/pkgconfig/assignment1_rt.pc'
[9.732s] Level 1:colcon.colcon_core.environment:checking '/home/anto/Condivisa/ros_ws/install/assignment1_rt/lib/python3.10/site-packages'
[9.734s] Level 1:colcon.colcon_core.shell:create_environment_hook('assignment1_rt', 'pythonpath')
[9.734s] INFO:colcon.colcon_core.shell:Creating environment hook '/home/anto/Condivisa/ros_ws/install/assignment1_rt/share/assignment1_rt/hook/pythonpath.ps1'
[9.751s] INFO:colcon.colcon_core.shell:Creating environment descriptor '/home/anto/Condivisa/ros_ws/install/assignment1_rt/share/assignment1_rt/hook/pythonpath.dsv'
[9.764s] INFO:colcon.colcon_core.shell:Creating environment hook '/home/anto/Condivisa/ros_ws/install/assignment1_rt/share/assignment1_rt/hook/pythonpath.sh'
[9.777s] Level 1:colcon.colcon_core.environment:checking '/home/anto/Condivisa/ros_ws/install/assignment1_rt/bin'
[9.783s] Level 1:colcon.colcon_core.shell:create_environment_hook('assignment1_rt', 'pythonscriptspath')
[9.784s] INFO:colcon.colcon_core.shell:Creating environment hook '/home/anto/Condivisa/ros_ws/install/assignment1_rt/share/assignment1_rt/hook/pythonscriptspath.ps1'
[9.800s] INFO:colcon.colcon_core.shell:Creating environment descriptor '/home/anto/Condivisa/ros_ws/install/assignment1_rt/share/assignment1_rt/hook/pythonscriptspath.dsv'
[9.814s] INFO:colcon.colcon_core.shell:Creating environment hook '/home/anto/Condivisa/ros_ws/install/assignment1_rt/share/assignment1_rt/hook/pythonscriptspath.sh'
[9.829s] INFO:colcon.colcon_core.shell:Creating package script '/home/anto/Condivisa/ros_ws/install/assignment1_rt/share/assignment1_rt/package.ps1'
[9.840s] INFO:colcon.colcon_core.shell:Creating package descriptor '/home/anto/Condivisa/ros_ws/install/assignment1_rt/share/assignment1_rt/package.dsv'
[9.851s] INFO:colcon.colcon_core.shell:Creating package script '/home/anto/Condivisa/ros_ws/install/assignment1_rt/share/assignment1_rt/package.sh'
[9.861s] INFO:colcon.colcon_core.shell:Creating package script '/home/anto/Condivisa/ros_ws/install/assignment1_rt/share/assignment1_rt/package.bash'
[9.873s] INFO:colcon.colcon_core.shell:Creating package script '/home/anto/Condivisa/ros_ws/install/assignment1_rt/share/assignment1_rt/package.zsh'
[9.887s] Level 1:colcon.colcon_core.environment:create_file_with_runtime_dependencies(/home/anto/Condivisa/ros_ws/install/assignment1_rt/share/colcon-core/packages/assignment1_rt)
[9.895s] DEBUG:colcon.colcon_parallel_executor.executor.parallel:closing loop
[9.896s] DEBUG:colcon.colcon_parallel_executor.executor.parallel:loop closed
[9.896s] DEBUG:colcon.colcon_parallel_executor.executor.parallel:run_until_complete finished with '0'
[9.896s] DEBUG:colcon.colcon_core.event_reactor:joining thread
[9.927s] INFO:colcon.colcon_core.plugin_system:Skipping extension 'colcon_notification.desktop_notification.terminal_notifier': Not used on non-Darwin systems
[9.928s] INFO:colcon.colcon_core.plugin_system:Skipping extension 'colcon_notification.desktop_notification.win32': Not used on non-Windows systems
[9.928s] INFO:colcon.colcon_notification.desktop_notification:Sending desktop notification using 'notify2'
[9.947s] DEBUG:colcon.colcon_core.event_reactor:joined thread
[9.947s] INFO:colcon.colcon_core.shell:Creating prefix script '/home/anto/Condivisa/ros_ws/install/local_setup.ps1'
[9.962s] INFO:colcon.colcon_core.shell:Creating prefix util module '/home/anto/Condivisa/ros_ws/install/_local_setup_util_ps1.py'
[9.978s] INFO:colcon.colcon_core.shell:Creating prefix chain script '/home/anto/Condivisa/ros_ws/install/setup.ps1'
[10.004s] INFO:colcon.colcon_core.shell:Creating prefix script '/home/anto/Condivisa/ros_ws/install/local_setup.sh'
[10.009s] INFO:colcon.colcon_core.shell:Creating prefix util module '/home/anto/Condivisa/ros_ws/install/_local_setup_util_sh.py'
[10.013s] INFO:colcon.colcon_core.shell:Creating prefix chain script '/home/anto/Condivisa/ros_ws/install/setup.sh'
[10.033s] INFO:colcon.colcon_core.shell:Creating prefix script '/home/anto/Condivisa/ros_ws/install/local_setup.bash'
[10.037s] INFO:colcon.colcon_core.shell:Creating prefix chain script '/home/anto/Condivisa/ros_ws/install/setup.bash'
[10.055s] INFO:colcon.colcon_core.shell:Creating prefix script '/home/anto/Condivisa/ros_ws/install/local_setup.zsh'
[10.059s] INFO:colcon.colcon_core.shell:Creating prefix chain script '/home/anto/Condivisa/ros_ws/install/setup.zsh'
