[1.334s] Invoking command in '/home/anto/Condivisa/ros_ws/src/spawn': PYTHONPATH=/home/anto/Condivisa/ros_ws/build/spawn/prefix_override:/usr/lib/python3/dist-packages/colcon_core/task/python/colcon_distutils_commands:/home/anto/Condivisa/ros_ws/install/spawn/lib/python3.10/site-packages:${PYTHONPATH} /usr/bin/python3 -W ignore:setup.py install is deprecated -W ignore:easy_install command is deprecated setup.py egg_info --egg-base ../../build/spawn build --build-base /home/anto/Condivisa/ros_ws/build/spawn/build install --record /home/anto/Condivisa/ros_ws/build/spawn/install.log --single-version-externally-managed install_data
[2.031s] running egg_info
[2.045s] creating ../../build/spawn/spawn.egg-info
[2.049s] writing ../../build/spawn/spawn.egg-info/PKG-INFO
[2.070s] writing dependency_links to ../../build/spawn/spawn.egg-info/dependency_links.txt
[2.074s] writing entry points to ../../build/spawn/spawn.egg-info/entry_points.txt
[2.079s] writing requirements to ../../build/spawn/spawn.egg-info/requires.txt
[2.081s] writing top-level names to ../../build/spawn/spawn.egg-info/top_level.txt
[2.087s] writing manifest file '../../build/spawn/spawn.egg-info/SOURCES.txt'
[2.151s] reading manifest file '../../build/spawn/spawn.egg-info/SOURCES.txt'
[2.218s] writing manifest file '../../build/spawn/spawn.egg-info/SOURCES.txt'
[2.221s] running build
[2.221s] running build_py
[2.224s] creating /home/anto/Condivisa/ros_ws/build/spawn/build/lib/spawn
[2.237s] copying spawn/__init__.py -> /home/anto/Condivisa/ros_ws/build/spawn/build/lib/spawn
[2.259s] copying spawn/turtle_spawn.py -> /home/anto/Condivisa/ros_ws/build/spawn/build/lib/spawn
[2.278s] running install
[2.281s] running install_lib
[2.320s] creating /home/anto/Condivisa/ros_ws/install/spawn/lib/python3.10/site-packages/spawn
[2.338s] copying /home/anto/Condivisa/ros_ws/build/spawn/build/lib/spawn/__init__.py -> /home/anto/Condivisa/ros_ws/install/spawn/lib/python3.10/site-packages/spawn
[2.378s] copying /home/anto/Condivisa/ros_ws/build/spawn/build/lib/spawn/turtle_spawn.py -> /home/anto/Condivisa/ros_ws/install/spawn/lib/python3.10/site-packages/spawn
[2.414s] byte-compiling /home/anto/Condivisa/ros_ws/install/spawn/lib/python3.10/site-packages/spawn/__init__.py to __init__.cpython-310.pyc
[2.454s] byte-compiling /home/anto/Condivisa/ros_ws/install/spawn/lib/python3.10/site-packages/spawn/turtle_spawn.py to turtle_spawn.cpython-310.pyc
[2.495s] running install_data
[2.501s] creating /home/anto/Condivisa/ros_ws/install/spawn/share/ament_index/resource_index/packages
[2.522s] copying resource/spawn -> /home/anto/Condivisa/ros_ws/install/spawn/share/ament_index/resource_index/packages
[2.555s] copying package.xml -> /home/anto/Condivisa/ros_ws/install/spawn/share/spawn
[2.569s] running install_egg_info
[2.601s] Copying ../../build/spawn/spawn.egg-info to /home/anto/Condivisa/ros_ws/install/spawn/lib/python3.10/site-packages/spawn-0.0.0-py3.10.egg-info
[2.886s] running install_scripts
[2.948s] Installing turtle_spawn script to /home/anto/Condivisa/ros_ws/install/spawn/lib/spawn
[2.966s] writing list of installed files to '/home/anto/Condivisa/ros_ws/build/spawn/install.log'
[2.981s] Invoked command in '/home/anto/Condivisa/ros_ws/src/spawn' returned '0': PYTHONPATH=/home/anto/Condivisa/ros_ws/build/spawn/prefix_override:/usr/lib/python3/dist-packages/colcon_core/task/python/colcon_distutils_commands:/home/anto/Condivisa/ros_ws/install/spawn/lib/python3.10/site-packages:${PYTHONPATH} /usr/bin/python3 -W ignore:setup.py install is deprecated -W ignore:easy_install command is deprecated setup.py egg_info --egg-base ../../build/spawn build --build-base /home/anto/Condivisa/ros_ws/build/spawn/build install --record /home/anto/Condivisa/ros_ws/build/spawn/install.log --single-version-externally-managed install_data
