[0.211s] Invoking command in '/home/anto/Condivisa/ros_ws/build/assignment1_rt': CMAKE_PREFIX_PATH=${CMAKE_PREFIX_PATH}:/home/anto/Condivisa/ros_ws/install/spawn:/opt/ros/humble /usr/bin/cmake --build /home/anto/Condivisa/ros_ws/build/assignment1_rt -- -j4 -l4
[0.406s] [35m[1mConsolidate compiler generated dependencies of target distance[0m
[0.463s] [ 50%] Built target ui_node
[0.849s] [ 75%] [32mBuilding CXX object CMakeFiles/distance.dir/src/distance_node.cpp.o[0m
[7.147s] [100%] [32m[1mLinking CXX executable distance[0m
[8.178s] [100%] Built target distance
[8.207s] Invoked command in '/home/anto/Condivisa/ros_ws/build/assignment1_rt' returned '0': CMAKE_PREFIX_PATH=${CMAKE_PREFIX_PATH}:/home/anto/Condivisa/ros_ws/install/spawn:/opt/ros/humble /usr/bin/cmake --build /home/anto/Condivisa/ros_ws/build/assignment1_rt -- -j4 -l4
[8.241s] Invoking command in '/home/anto/Condivisa/ros_ws/build/assignment1_rt': CMAKE_PREFIX_PATH=${CMAKE_PREFIX_PATH}:/home/anto/Condivisa/ros_ws/install/spawn:/opt/ros/humble /usr/bin/cmake --install /home/anto/Condivisa/ros_ws/build/assignment1_rt
[8.249s] -- Install configuration: ""
[8.285s] -- Up-to-date: /home/anto/Condivisa/ros_ws/install/assignment1_rt/lib/assignment1_rt/ui_node
[8.358s] -- Installing: /home/anto/Condivisa/ros_ws/install/assignment1_rt/lib/assignment1_rt/distance
[8.585s] -- Set runtime path of "/home/anto/Condivisa/ros_ws/install/assignment1_rt/lib/assignment1_rt/distance" to ""
[8.620s] -- Up-to-date: /home/anto/Condivisa/ros_ws/install/assignment1_rt/share/ament_index/resource_index/package_run_dependencies/assignment1_rt
[8.656s] -- Up-to-date: /home/anto/Condivisa/ros_ws/install/assignment1_rt/share/ament_index/resource_index/parent_prefix_path/assignment1_rt
[8.674s] -- Up-to-date: /home/anto/Condivisa/ros_ws/install/assignment1_rt/share/assignment1_rt/environment/ament_prefix_path.sh
[8.697s] -- Up-to-date: /home/anto/Condivisa/ros_ws/install/assignment1_rt/share/assignment1_rt/environment/ament_prefix_path.dsv
[8.713s] -- Up-to-date: /home/anto/Condivisa/ros_ws/install/assignment1_rt/share/assignment1_rt/environment/path.sh
[8.738s] -- Up-to-date: /home/anto/Condivisa/ros_ws/install/assignment1_rt/share/assignment1_rt/environment/path.dsv
[8.759s] -- Up-to-date: /home/anto/Condivisa/ros_ws/install/assignment1_rt/share/assignment1_rt/local_setup.bash
[8.779s] -- Up-to-date: /home/anto/Condivisa/ros_ws/install/assignment1_rt/share/assignment1_rt/local_setup.sh
[8.799s] -- Up-to-date: /home/anto/Condivisa/ros_ws/install/assignment1_rt/share/assignment1_rt/local_setup.zsh
[8.820s] -- Up-to-date: /home/anto/Condivisa/ros_ws/install/assignment1_rt/share/assignment1_rt/local_setup.dsv
[8.842s] -- Installing: /home/anto/Condivisa/ros_ws/install/assignment1_rt/share/assignment1_rt/package.dsv
[8.926s] -- Up-to-date: /home/anto/Condivisa/ros_ws/install/assignment1_rt/share/ament_index/resource_index/packages/assignment1_rt
[8.951s] -- Up-to-date: /home/anto/Condivisa/ros_ws/install/assignment1_rt/share/assignment1_rt/cmake/assignment1_rtConfig.cmake
[8.971s] -- Up-to-date: /home/anto/Condivisa/ros_ws/install/assignment1_rt/share/assignment1_rt/cmake/assignment1_rtConfig-version.cmake
[8.996s] -- Up-to-date: /home/anto/Condivisa/ros_ws/install/assignment1_rt/share/assignment1_rt/package.xml
[9.006s] Invoked command in '/home/anto/Condivisa/ros_ws/build/assignment1_rt' returned '0': CMAKE_PREFIX_PATH=${CMAKE_PREFIX_PATH}:/home/anto/Condivisa/ros_ws/install/spawn:/opt/ros/humble /usr/bin/cmake --install /home/anto/Condivisa/ros_ws/build/assignment1_rt
