running egg_info
creating build/assignment1_rt/assignment1_rt.egg-info
writing build/assignment1_rt/assignment1_rt.egg-info/PKG-INFO
writing dependency_links to build/assignment1_rt/assignment1_rt.egg-info/dependency_links.txt
writing entry points to build/assignment1_rt/assignment1_rt.egg-info/entry_points.txt
writing requirements to build/assignment1_rt/assignment1_rt.egg-info/requires.txt
writing top-level names to build/assignment1_rt/assignment1_rt.egg-info/top_level.txt
writing manifest file 'build/assignment1_rt/assignment1_rt.egg-info/SOURCES.txt'
reading manifest file 'build/assignment1_rt/assignment1_rt.egg-info/SOURCES.txt'
writing manifest file 'build/assignment1_rt/assignment1_rt.egg-info/SOURCES.txt'
running build
running build_py
creating /home/anto/Condivisa/ros_ws/build/assignment1_rt/build/lib/assignment1_rt
copying assignment1_rt/__init__.py -> /home/anto/Condivisa/ros_ws/build/assignment1_rt/build/lib/assignment1_rt
copying assignment1_rt/turtle_spawn.py -> /home/anto/Condivisa/ros_ws/build/assignment1_rt/build/lib/assignment1_rt
running install
running install_lib
creating /home/anto/Condivisa/ros_ws/install/assignment1_rt/lib/python3.10/site-packages/assignment1_rt
copying /home/anto/Condivisa/ros_ws/build/assignment1_rt/build/lib/assignment1_rt/__init__.py -> /home/anto/Condivisa/ros_ws/install/assignment1_rt/lib/python3.10/site-packages/assignment1_rt
copying /home/anto/Condivisa/ros_ws/build/assignment1_rt/build/lib/assignment1_rt/turtle_spawn.py -> /home/anto/Condivisa/ros_ws/install/assignment1_rt/lib/python3.10/site-packages/assignment1_rt
byte-compiling /home/anto/Condivisa/ros_ws/install/assignment1_rt/lib/python3.10/site-packages/assignment1_rt/__init__.py to __init__.cpython-310.pyc
byte-compiling /home/anto/Condivisa/ros_ws/install/assignment1_rt/lib/python3.10/site-packages/assignment1_rt/turtle_spawn.py to turtle_spawn.cpython-310.pyc
running install_egg_info
Copying build/assignment1_rt/assignment1_rt.egg-info to /home/anto/Condivisa/ros_ws/install/assignment1_rt/lib/python3.10/site-packages/assignment1_rt-0.0.0-py3.10.egg-info
running install_scripts
Installing turtle_spawn script to /home/anto/Condivisa/ros_ws/install/assignment1_rt/bin
writing list of installed files to '/home/anto/Condivisa/ros_ws/build/assignment1_rt/install.log'
