[1.171s] Invoking command in '/home/anto/Condivisa/ros_ws': PYTHONPATH=/home/anto/Condivisa/ros_ws/build/assignment1_rt/prefix_override:/usr/lib/python3/dist-packages/colcon_core/task/python/colcon_distutils_commands:/home/anto/Condivisa/ros_ws/install/assignment1_rt/lib/python3.10/site-packages:${PYTHONPATH} /usr/bin/python3 -W ignore:setup.py install is deprecated -W ignore:easy_install command is deprecated setup.py egg_info --egg-base build/assignment1_rt build --build-base /home/anto/Condivisa/ros_ws/build/assignment1_rt/build install --record /home/anto/Condivisa/ros_ws/build/assignment1_rt/install.log --single-version-externally-managed
[1.836s] running egg_info
[1.849s] creating build/assignment1_rt/assignment1_rt.egg-info
[1.853s] writing build/assignment1_rt/assignment1_rt.egg-info/PKG-INFO
[1.875s] writing dependency_links to build/assignment1_rt/assignment1_rt.egg-info/dependency_links.txt
[1.879s] writing entry points to build/assignment1_rt/assignment1_rt.egg-info/entry_points.txt
[1.884s] writing requirements to build/assignment1_rt/assignment1_rt.egg-info/requires.txt
[1.886s] writing top-level names to build/assignment1_rt/assignment1_rt.egg-info/top_level.txt
[1.891s] writing manifest file 'build/assignment1_rt/assignment1_rt.egg-info/SOURCES.txt'
[1.937s] reading manifest file 'build/assignment1_rt/assignment1_rt.egg-info/SOURCES.txt'
[2.005s] writing manifest file 'build/assignment1_rt/assignment1_rt.egg-info/SOURCES.txt'
[2.008s] running build
[2.009s] running build_py
[2.011s] creating /home/anto/Condivisa/ros_ws/build/assignment1_rt/build/lib/assignment1_rt
[2.028s] copying assignment1_rt/__init__.py -> /home/anto/Condivisa/ros_ws/build/assignment1_rt/build/lib/assignment1_rt
[2.049s] copying assignment1_rt/turtle_spawn.py -> /home/anto/Condivisa/ros_ws/build/assignment1_rt/build/lib/assignment1_rt
[2.066s] running install
[2.069s] running install_lib
[2.107s] creating /home/anto/Condivisa/ros_ws/install/assignment1_rt/lib/python3.10/site-packages/assignment1_rt
[2.126s] copying /home/anto/Condivisa/ros_ws/build/assignment1_rt/build/lib/assignment1_rt/__init__.py -> /home/anto/Condivisa/ros_ws/install/assignment1_rt/lib/python3.10/site-packages/assignment1_rt
[2.164s] copying /home/anto/Condivisa/ros_ws/build/assignment1_rt/build/lib/assignment1_rt/turtle_spawn.py -> /home/anto/Condivisa/ros_ws/install/assignment1_rt/lib/python3.10/site-packages/assignment1_rt
[2.201s] byte-compiling /home/anto/Condivisa/ros_ws/install/assignment1_rt/lib/python3.10/site-packages/assignment1_rt/__init__.py to __init__.cpython-310.pyc
[2.248s] byte-compiling /home/anto/Condivisa/ros_ws/install/assignment1_rt/lib/python3.10/site-packages/assignment1_rt/turtle_spawn.py to turtle_spawn.cpython-310.pyc
[2.288s] running install_egg_info
[2.320s] Copying build/assignment1_rt/assignment1_rt.egg-info to /home/anto/Condivisa/ros_ws/install/assignment1_rt/lib/python3.10/site-packages/assignment1_rt-0.0.0-py3.10.egg-info
[2.602s] running install_scripts
[2.669s] Installing turtle_spawn script to /home/anto/Condivisa/ros_ws/install/assignment1_rt/bin
[2.683s] writing list of installed files to '/home/anto/Condivisa/ros_ws/build/assignment1_rt/install.log'
[2.699s] Invoked command in '/home/anto/Condivisa/ros_ws' returned '0': PYTHONPATH=/home/anto/Condivisa/ros_ws/build/assignment1_rt/prefix_override:/usr/lib/python3/dist-packages/colcon_core/task/python/colcon_distutils_commands:/home/anto/Condivisa/ros_ws/install/assignment1_rt/lib/python3.10/site-packages:${PYTHONPATH} /usr/bin/python3 -W ignore:setup.py install is deprecated -W ignore:easy_install command is deprecated setup.py egg_info --egg-base build/assignment1_rt build --build-base /home/anto/Condivisa/ros_ws/build/assignment1_rt/build install --record /home/anto/Condivisa/ros_ws/build/assignment1_rt/install.log --single-version-externally-managed
