[2.830s] Invoking command in '/home/anto/Condivisa/ros_ws/src/spawn': PYTHONPATH=/home/anto/Condivisa/ros_ws/build/spawn/prefix_override:/usr/lib/python3/dist-packages/colcon_core/task/python/colcon_distutils_commands:/home/anto/Condivisa/ros_ws/install/spawn/lib/python3.10/site-packages:${PYTHONPATH} /usr/bin/python3 -W ignore:setup.py install is deprecated -W ignore:easy_install command is deprecated setup.py egg_info --egg-base ../../build/spawn build --build-base /home/anto/Condivisa/ros_ws/build/spawn/build install --record /home/anto/Condivisa/ros_ws/build/spawn/install.log --single-version-externally-managed install_data
[4.049s] running egg_info
[4.084s] writing ../../build/spawn/spawn.egg-info/PKG-INFO
[4.099s] writing dependency_links to ../../build/spawn/spawn.egg-info/dependency_links.txt
[4.103s] writing entry points to ../../build/spawn/spawn.egg-info/entry_points.txt
[4.107s] writing requirements to ../../build/spawn/spawn.egg-info/requires.txt
[4.110s] writing top-level names to ../../build/spawn/spawn.egg-info/top_level.txt
[4.219s] reading manifest file '../../build/spawn/spawn.egg-info/SOURCES.txt'
[4.300s] writing manifest file '../../build/spawn/spawn.egg-info/SOURCES.txt'
[4.303s] running build
[4.303s] running build_py
[4.335s] copying spawn/__init__.py -> /home/anto/Condivisa/ros_ws/build/spawn/build/lib/spawn
[4.356s] copying spawn/turtle_spawn.py -> /home/anto/Condivisa/ros_ws/build/spawn/build/lib/spawn
[4.376s] running install
[4.378s] running install_lib
[4.515s] running install_data
[4.547s] copying resource/spawn -> /home/anto/Condivisa/ros_ws/install/spawn/share/ament_index/resource_index/packages
[4.589s] copying package.xml -> /home/anto/Condivisa/ros_ws/install/spawn/share/spawn
[4.607s] running install_egg_info
[4.649s] removing '/home/anto/Condivisa/ros_ws/install/spawn/lib/python3.10/site-packages/spawn-0.0.0-py3.10.egg-info' (and everything under it)
[4.722s] Copying ../../build/spawn/spawn.egg-info to /home/anto/Condivisa/ros_ws/install/spawn/lib/python3.10/site-packages/spawn-0.0.0-py3.10.egg-info
[4.974s] running install_scripts
[5.063s] Installing turtle_spawn script to /home/anto/Condivisa/ros_ws/install/spawn/lib/spawn
[5.080s] writing list of installed files to '/home/anto/Condivisa/ros_ws/build/spawn/install.log'
[5.099s] Invoked command in '/home/anto/Condivisa/ros_ws/src/spawn' returned '0': PYTHONPATH=/home/anto/Condivisa/ros_ws/build/spawn/prefix_override:/usr/lib/python3/dist-packages/colcon_core/task/python/colcon_distutils_commands:/home/anto/Condivisa/ros_ws/install/spawn/lib/python3.10/site-packages:${PYTHONPATH} /usr/bin/python3 -W ignore:setup.py install is deprecated -W ignore:easy_install command is deprecated setup.py egg_info --egg-base ../../build/spawn build --build-base /home/anto/Condivisa/ros_ws/build/spawn/build install --record /home/anto/Condivisa/ros_ws/build/spawn/install.log --single-version-externally-managed install_data
