[0.216s] Invoking command in '/home/anto/Condivisa/ros_ws/build/assignment1_rt': CMAKE_PREFIX_PATH=${CMAKE_PREFIX_PATH}:/home/anto/Condivisa/ros_ws/install/spawn:/opt/ros/humble /usr/bin/cmake --build /home/anto/Condivisa/ros_ws/build/assignment1_rt -- -j4 -l4
[0.399s] [35m[1mConsolidate compiler generated dependencies of target distance[0m
[0.458s] [ 50%] Built target ui_node
[0.823s] [ 75%] [32mBuilding CXX object CMakeFiles/distance.dir/src/distance_node.cpp.o[0m
[6.094s] [100%] [32m[1mLinking CXX executable distance[0m
[7.103s] [100%] Built target distance
[7.132s] Invoked command in '/home/anto/Condivisa/ros_ws/build/assignment1_rt' returned '0': CMAKE_PREFIX_PATH=${CMAKE_PREFIX_PATH}:/home/anto/Condivisa/ros_ws/install/spawn:/opt/ros/humble /usr/bin/cmake --build /home/anto/Condivisa/ros_ws/build/assignment1_rt -- -j4 -l4
[7.156s] Invoking command in '/home/anto/Condivisa/ros_ws/build/assignment1_rt': CMAKE_PREFIX_PATH=${CMAKE_PREFIX_PATH}:/home/anto/Condivisa/ros_ws/install/spawn:/opt/ros/humble /usr/bin/cmake --install /home/anto/Condivisa/ros_ws/build/assignment1_rt
[7.164s] -- Install configuration: ""
[7.199s] -- Up-to-date: /home/anto/Condivisa/ros_ws/install/assignment1_rt/lib/assignment1_rt/ui_node
[7.268s] -- Installing: /home/anto/Condivisa/ros_ws/install/assignment1_rt/lib/assignment1_rt/distance
[7.513s] -- Set runtime path of "/home/anto/Condivisa/ros_ws/install/assignment1_rt/lib/assignment1_rt/distance" to ""
[7.544s] -- Up-to-date: /home/anto/Condivisa/ros_ws/install/assignment1_rt/share/ament_index/resource_index/package_run_dependencies/assignment1_rt
[7.583s] -- Up-to-date: /home/anto/Condivisa/ros_ws/install/assignment1_rt/share/ament_index/resource_index/parent_prefix_path/assignment1_rt
[7.601s] -- Up-to-date: /home/anto/Condivisa/ros_ws/install/assignment1_rt/share/assignment1_rt/environment/ament_prefix_path.sh
[7.623s] -- Up-to-date: /home/anto/Condivisa/ros_ws/install/assignment1_rt/share/assignment1_rt/environment/ament_prefix_path.dsv
[7.640s] -- Up-to-date: /home/anto/Condivisa/ros_ws/install/assignment1_rt/share/assignment1_rt/environment/path.sh
[7.663s] -- Up-to-date: /home/anto/Condivisa/ros_ws/install/assignment1_rt/share/assignment1_rt/environment/path.dsv
[7.686s] -- Up-to-date: /home/anto/Condivisa/ros_ws/install/assignment1_rt/share/assignment1_rt/local_setup.bash
[7.706s] -- Up-to-date: /home/anto/Condivisa/ros_ws/install/assignment1_rt/share/assignment1_rt/local_setup.sh
[7.726s] -- Up-to-date: /home/anto/Condivisa/ros_ws/install/assignment1_rt/share/assignment1_rt/local_setup.zsh
[7.744s] -- Up-to-date: /home/anto/Condivisa/ros_ws/install/assignment1_rt/share/assignment1_rt/local_setup.dsv
[7.763s] -- Installing: /home/anto/Condivisa/ros_ws/install/assignment1_rt/share/assignment1_rt/package.dsv
[7.843s] -- Up-to-date: /home/anto/Condivisa/ros_ws/install/assignment1_rt/share/ament_index/resource_index/packages/assignment1_rt
[7.868s] -- Up-to-date: /home/anto/Condivisa/ros_ws/install/assignment1_rt/share/assignment1_rt/cmake/assignment1_rtConfig.cmake
[7.888s] -- Up-to-date: /home/anto/Condivisa/ros_ws/install/assignment1_rt/share/assignment1_rt/cmake/assignment1_rtConfig-version.cmake
[7.912s] -- Up-to-date: /home/anto/Condivisa/ros_ws/install/assignment1_rt/share/assignment1_rt/package.xml
[7.923s] Invoked command in '/home/anto/Condivisa/ros_ws/build/assignment1_rt' returned '0': CMAKE_PREFIX_PATH=${CMAKE_PREFIX_PATH}:/home/anto/Condivisa/ros_ws/install/spawn:/opt/ros/humble /usr/bin/cmake --install /home/anto/Condivisa/ros_ws/build/assignment1_rt
