[0.464s] DEBUG:colcon:Command line arguments: ['/usr/bin/colcon', 'build', '--packages-select', 'assignment1_rt']
[0.464s] DEBUG:colcon:Parsed command line arguments: Namespace(log_base=None, log_level=None, verb_name='build', build_base='build', install_base='install', merge_install=False, symlink_install=False, test_result_base=None, continue_on_error=False, executor='parallel', parallel_workers=4, event_handlers=None, ignore_user_meta=False, metas=['./colcon.meta'], base_paths=['.'], packages_ignore=None, packages_ignore_regex=None, paths=None, packages_up_to=None, packages_up_to_regex=None, packages_above=None, packages_above_and_dependencies=None, packages_above_depth=None, packages_select_by_dep=None, packages_skip_by_dep=None, packages_skip_up_to=None, packages_select_build_failed=False, packages_skip_build_finished=False, packages_select_test_failures=False, packages_skip_test_passed=False, packages_select=['assignment1_rt'], packages_skip=None, packages_select_regex=None, packages_skip_regex=None, packages_start=None, packages_end=None, allow_overriding=[], cmake_args=None, cmake_target=None, cmake_target_skip_unavailable=False, cmake_clean_cache=False, cmake_clean_first=False, cmake_force_configure=False, ament_cmake_args=None, catkin_cmake_args=None, catkin_skip_building_tests=False, mixin_files=None, mixin=None, verb_parser=<colcon_mixin.mixin.mixin_argument.MixinArgumentDecorator object at 0xffffab8643a0>, verb_extension=<colcon_core.verb.build.BuildVerb object at 0xffffab82fd90>, main=<bound method BuildVerb.main of <colcon_core.verb.build.BuildVerb object at 0xffffab82fd90>>, mixin_verb=('build',))
[0.575s] Level 1:colcon.colcon_core.package_discovery:discover_packages(colcon_meta) check parameters
[0.575s] Level 1:colcon.colcon_core.package_discovery:discover_packages(recursive) check parameters
[0.576s] Level 1:colcon.colcon_core.package_discovery:discover_packages(ignore) check parameters
[0.576s] Level 1:colcon.colcon_core.package_discovery:discover_packages(path) check parameters
[0.576s] Level 1:colcon.colcon_core.package_discovery:discover_packages(colcon_meta) discover
[0.576s] Level 1:colcon.colcon_core.package_discovery:discover_packages(recursive) discover
[0.576s] INFO:colcon.colcon_core.package_discovery:Crawling recursively for packages in '/home/anto/Condivisa/ros_ws'
[0.580s] Level 1:colcon.colcon_core.package_identification:_identify(.) by extensions ['ignore', 'ignore_ament_install']
[0.580s] Level 1:colcon.colcon_core.package_identification:_identify(.) by extension 'ignore'
[0.581s] Level 1:colcon.colcon_core.package_identification:_identify(.) by extension 'ignore_ament_install'
[0.581s] Level 1:colcon.colcon_core.package_identification:_identify(.) by extensions ['colcon_pkg']
[0.581s] Level 1:colcon.colcon_core.package_identification:_identify(.) by extension 'colcon_pkg'
[0.582s] Level 1:colcon.colcon_core.package_identification:_identify(.) by extensions ['colcon_meta']
[0.582s] Level 1:colcon.colcon_core.package_identification:_identify(.) by extension 'colcon_meta'
[0.583s] Level 1:colcon.colcon_core.package_identification:_identify(.) by extensions ['ros']
[0.583s] Level 1:colcon.colcon_core.package_identification:_identify(.) by extension 'ros'
[0.609s] Level 1:colcon.colcon_core.package_identification:_identify(.) by extensions ['cmake', 'python']
[0.609s] Level 1:colcon.colcon_core.package_identification:_identify(.) by extension 'cmake'
[0.609s] Level 1:colcon.colcon_core.package_identification:_identify(.) by extension 'python'
[0.610s] Level 1:colcon.colcon_core.package_identification:_identify(.) by extensions ['python_setup_py']
[0.610s] Level 1:colcon.colcon_core.package_identification:_identify(.) by extension 'python_setup_py'
[0.616s] Level 1:colcon.colcon_core.package_identification:_identify(build) by extensions ['ignore', 'ignore_ament_install']
[0.616s] Level 1:colcon.colcon_core.package_identification:_identify(build) by extension 'ignore'
[0.617s] Level 1:colcon.colcon_core.package_identification:_identify(build) ignored
[0.628s] Level 1:colcon.colcon_core.package_identification:_identify(install) by extensions ['ignore', 'ignore_ament_install']
[0.628s] Level 1:colcon.colcon_core.package_identification:_identify(install) by extension 'ignore'
[0.629s] Level 1:colcon.colcon_core.package_identification:_identify(install) ignored
[0.654s] Level 1:colcon.colcon_core.package_identification:_identify(log) by extensions ['ignore', 'ignore_ament_install']
[0.654s] Level 1:colcon.colcon_core.package_identification:_identify(log) by extension 'ignore'
[0.654s] Level 1:colcon.colcon_core.package_identification:_identify(log) ignored
[0.657s] Level 1:colcon.colcon_core.package_identification:_identify(src) by extensions ['ignore', 'ignore_ament_install']
[0.657s] Level 1:colcon.colcon_core.package_identification:_identify(src) by extension 'ignore'
[0.658s] Level 1:colcon.colcon_core.package_identification:_identify(src) by extension 'ignore_ament_install'
[0.659s] Level 1:colcon.colcon_core.package_identification:_identify(src) by extensions ['colcon_pkg']
[0.659s] Level 1:colcon.colcon_core.package_identification:_identify(src) by extension 'colcon_pkg'
[0.660s] Level 1:colcon.colcon_core.package_identification:_identify(src) by extensions ['colcon_meta']
[0.660s] Level 1:colcon.colcon_core.package_identification:_identify(src) by extension 'colcon_meta'
[0.660s] Level 1:colcon.colcon_core.package_identification:_identify(src) by extensions ['ros']
[0.660s] Level 1:colcon.colcon_core.package_identification:_identify(src) by extension 'ros'
[0.663s] Level 1:colcon.colcon_core.package_identification:_identify(src) by extensions ['cmake', 'python']
[0.663s] Level 1:colcon.colcon_core.package_identification:_identify(src) by extension 'cmake'
[0.664s] Level 1:colcon.colcon_core.package_identification:_identify(src) by extension 'python'
[0.665s] Level 1:colcon.colcon_core.package_identification:_identify(src) by extensions ['python_setup_py']
[0.665s] Level 1:colcon.colcon_core.package_identification:_identify(src) by extension 'python_setup_py'
[0.672s] Level 1:colcon.colcon_core.package_identification:_identify(src/assignment1_rt) by extensions ['ignore', 'ignore_ament_install']
[0.672s] Level 1:colcon.colcon_core.package_identification:_identify(src/assignment1_rt) by extension 'ignore'
[0.673s] Level 1:colcon.colcon_core.package_identification:_identify(src/assignment1_rt) by extension 'ignore_ament_install'
[0.675s] Level 1:colcon.colcon_core.package_identification:_identify(src/assignment1_rt) by extensions ['colcon_pkg']
[0.675s] Level 1:colcon.colcon_core.package_identification:_identify(src/assignment1_rt) by extension 'colcon_pkg'
[0.677s] Level 1:colcon.colcon_core.package_identification:_identify(src/assignment1_rt) by extensions ['colcon_meta']
[0.677s] Level 1:colcon.colcon_core.package_identification:_identify(src/assignment1_rt) by extension 'colcon_meta'
[0.678s] Level 1:colcon.colcon_core.package_identification:_identify(src/assignment1_rt) by extensions ['ros']
[0.679s] Level 1:colcon.colcon_core.package_identification:_identify(src/assignment1_rt) by extension 'ros'
[0.694s] DEBUG:colcon.colcon_core.package_identification:Package 'src/assignment1_rt' with type 'ros.ament_cmake' and name 'assignment1_rt'
[0.702s] Level 1:colcon.colcon_core.package_identification:_identify(src/spawn) by extensions ['ignore', 'ignore_ament_install']
[0.703s] Level 1:colcon.colcon_core.package_identification:_identify(src/spawn) by extension 'ignore'
[0.704s] Level 1:colcon.colcon_core.package_identification:_identify(src/spawn) by extension 'ignore_ament_install'
[0.706s] Level 1:colcon.colcon_core.package_identification:_identify(src/spawn) by extensions ['colcon_pkg']
[0.706s] Level 1:colcon.colcon_core.package_identification:_identify(src/spawn) by extension 'colcon_pkg'
[0.707s] Level 1:colcon.colcon_core.package_identification:_identify(src/spawn) by extensions ['colcon_meta']
[0.708s] Level 1:colcon.colcon_core.package_identification:_identify(src/spawn) by extension 'colcon_meta'
[0.710s] Level 1:colcon.colcon_core.package_identification:_identify(src/spawn) by extensions ['ros']
[0.710s] Level 1:colcon.colcon_core.package_identification:_identify(src/spawn) by extension 'ros'
[0.727s] DEBUG:colcon.colcon_core.package_identification:Package 'src/spawn' with type 'ros.ament_python' and name 'spawn'
[0.728s] Level 1:colcon.colcon_core.package_discovery:discover_packages(recursive) using defaults
[0.728s] Level 1:colcon.colcon_core.package_discovery:discover_packages(ignore) discover
[0.728s] Level 1:colcon.colcon_core.package_discovery:discover_packages(ignore) using defaults
[0.728s] Level 1:colcon.colcon_core.package_discovery:discover_packages(path) discover
[0.728s] Level 1:colcon.colcon_core.package_discovery:discover_packages(path) using defaults
[0.818s] INFO:colcon.colcon_core.package_selection:Skipping not selected package 'spawn' in 'src/spawn'
[0.818s] Level 1:colcon.colcon_core.package_discovery:discover_packages(prefix_path) check parameters
[0.818s] Level 1:colcon.colcon_core.package_discovery:discover_packages(prefix_path) discover
[0.866s] DEBUG:colcon.colcon_installed_package_information.package_discovery:Found 2 installed packages in /home/anto/Condivisa/ros_ws/install
[0.866s] DEBUG:colcon.colcon_installed_package_information.package_discovery:Found 4 installed packages in /home/anto/ros2_ws/install
[0.867s] DEBUG:colcon.colcon_installed_package_information.package_discovery:Found 274 installed packages in /opt/ros/humble
[0.868s] Level 1:colcon.colcon_core.package_discovery:discover_packages(prefix_path) using defaults
[0.916s] Level 5:colcon.colcon_core.verb:set package 'assignment1_rt' build argument 'cmake_args' from command line to 'None'
[0.916s] Level 5:colcon.colcon_core.verb:set package 'assignment1_rt' build argument 'cmake_target' from command line to 'None'
[0.916s] Level 5:colcon.colcon_core.verb:set package 'assignment1_rt' build argument 'cmake_target_skip_unavailable' from command line to 'False'
[0.916s] Level 5:colcon.colcon_core.verb:set package 'assignment1_rt' build argument 'cmake_clean_cache' from command line to 'False'
[0.917s] Level 5:colcon.colcon_core.verb:set package 'assignment1_rt' build argument 'cmake_clean_first' from command line to 'False'
[0.917s] Level 5:colcon.colcon_core.verb:set package 'assignment1_rt' build argument 'cmake_force_configure' from command line to 'False'
[0.917s] Level 5:colcon.colcon_core.verb:set package 'assignment1_rt' build argument 'ament_cmake_args' from command line to 'None'
[0.917s] Level 5:colcon.colcon_core.verb:set package 'assignment1_rt' build argument 'catkin_cmake_args' from command line to 'None'
[0.917s] Level 5:colcon.colcon_core.verb:set package 'assignment1_rt' build argument 'catkin_skip_building_tests' from command line to 'False'
[0.917s] DEBUG:colcon.colcon_core.verb:Building package 'assignment1_rt' with the following arguments: {'ament_cmake_args': None, 'build_base': '/home/anto/Condivisa/ros_ws/build/assignment1_rt', 'catkin_cmake_args': None, 'catkin_skip_building_tests': False, 'cmake_args': None, 'cmake_clean_cache': False, 'cmake_clean_first': False, 'cmake_force_configure': False, 'cmake_target': None, 'cmake_target_skip_unavailable': False, 'install_base': '/home/anto/Condivisa/ros_ws/install/assignment1_rt', 'merge_install': False, 'path': '/home/anto/Condivisa/ros_ws/src/assignment1_rt', 'symlink_install': False, 'test_result_base': None}
[0.917s] INFO:colcon.colcon_core.executor:Executing jobs using 'parallel' executor
[0.918s] DEBUG:colcon.colcon_parallel_executor.executor.parallel:run_until_complete
[0.918s] INFO:colcon.colcon_ros.task.ament_cmake.build:Building ROS package in '/home/anto/Condivisa/ros_ws/src/assignment1_rt' with build type 'ament_cmake'
[0.919s] INFO:colcon.colcon_cmake.task.cmake.build:Building CMake package in '/home/anto/Condivisa/ros_ws/src/assignment1_rt'
[0.929s] INFO:colcon.colcon_core.plugin_system:Skipping extension 'colcon_core.shell.bat': Not used on non-Windows systems
[0.929s] INFO:colcon.colcon_core.shell:Skip shell extension 'powershell' for command environment: Not usable outside of PowerShell
[0.930s] DEBUG:colcon.colcon_core.shell:Skip shell extension 'dsv' for command environment
[1.039s] DEBUG:colcon.colcon_core.event_handler.log_command:Invoking command in '/home/anto/Condivisa/ros_ws/build/assignment1_rt': CMAKE_PREFIX_PATH=${CMAKE_PREFIX_PATH}:/home/anto/Condivisa/ros_ws/install/spawn:/opt/ros/humble /usr/bin/cmake --build /home/anto/Condivisa/ros_ws/build/assignment1_rt -- -j4 -l4
[4.064s] DEBUG:colcon.colcon_core.event_handler.log_command:Invoked command in '/home/anto/Condivisa/ros_ws/build/assignment1_rt' returned '0': CMAKE_PREFIX_PATH=${CMAKE_PREFIX_PATH}:/home/anto/Condivisa/ros_ws/install/spawn:/opt/ros/humble /usr/bin/cmake --build /home/anto/Condivisa/ros_ws/build/assignment1_rt -- -j4 -l4
[4.091s] DEBUG:colcon.colcon_core.event_handler.log_command:Invoking command in '/home/anto/Condivisa/ros_ws/build/assignment1_rt': CMAKE_PREFIX_PATH=${CMAKE_PREFIX_PATH}:/home/anto/Condivisa/ros_ws/install/spawn:/opt/ros/humble /usr/bin/cmake --install /home/anto/Condivisa/ros_ws/build/assignment1_rt
[4.694s] Level 1:colcon.colcon_core.environment:create_environment_scripts_only(assignment1_rt)
[4.695s] DEBUG:colcon.colcon_core.event_handler.log_command:Invoked command in '/home/anto/Condivisa/ros_ws/build/assignment1_rt' returned '0': CMAKE_PREFIX_PATH=${CMAKE_PREFIX_PATH}:/home/anto/Condivisa/ros_ws/install/spawn:/opt/ros/humble /usr/bin/cmake --install /home/anto/Condivisa/ros_ws/build/assignment1_rt
[4.706s] Level 1:colcon.colcon_core.environment:checking '/home/anto/Condivisa/ros_ws/install/assignment1_rt' for CMake module files
[4.802s] Level 1:colcon.colcon_core.environment:checking '/home/anto/Condivisa/ros_ws/install/assignment1_rt' for CMake config files
[4.958s] Level 1:colcon.colcon_core.shell:create_environment_hook('assignment1_rt', 'cmake_prefix_path')
[4.958s] INFO:colcon.colcon_core.shell:Creating environment hook '/home/anto/Condivisa/ros_ws/install/assignment1_rt/share/assignment1_rt/hook/cmake_prefix_path.ps1'
[4.974s] INFO:colcon.colcon_core.shell:Creating environment descriptor '/home/anto/Condivisa/ros_ws/install/assignment1_rt/share/assignment1_rt/hook/cmake_prefix_path.dsv'
[4.989s] INFO:colcon.colcon_core.shell:Creating environment hook '/home/anto/Condivisa/ros_ws/install/assignment1_rt/share/assignment1_rt/hook/cmake_prefix_path.sh'
[5.004s] Level 1:colcon.colcon_core.environment:checking '/home/anto/Condivisa/ros_ws/install/assignment1_rt/lib'
[5.007s] Level 1:colcon.colcon_core.environment:checking '/home/anto/Condivisa/ros_ws/install/assignment1_rt/bin'
[5.013s] Level 1:colcon.colcon_core.shell:create_environment_hook('assignment1_rt', 'path')
[5.013s] INFO:colcon.colcon_core.shell:Creating environment hook '/home/anto/Condivisa/ros_ws/install/assignment1_rt/share/assignment1_rt/hook/path.ps1'
[5.030s] INFO:colcon.colcon_core.shell:Creating environment descriptor '/home/anto/Condivisa/ros_ws/install/assignment1_rt/share/assignment1_rt/hook/path.dsv'
[5.043s] INFO:colcon.colcon_core.shell:Creating environment hook '/home/anto/Condivisa/ros_ws/install/assignment1_rt/share/assignment1_rt/hook/path.sh'
[5.056s] Level 1:colcon.colcon_core.environment:checking '/home/anto/Condivisa/ros_ws/install/assignment1_rt/lib/pkgconfig/assignment1_rt.pc'
[5.058s] Level 1:colcon.colcon_core.environment:checking '/home/anto/Condivisa/ros_ws/install/assignment1_rt/lib/python3.10/site-packages'
[5.060s] Level 1:colcon.colcon_core.shell:create_environment_hook('assignment1_rt', 'pythonpath')
[5.060s] INFO:colcon.colcon_core.shell:Creating environment hook '/home/anto/Condivisa/ros_ws/install/assignment1_rt/share/assignment1_rt/hook/pythonpath.ps1'
[5.074s] INFO:colcon.colcon_core.shell:Creating environment descriptor '/home/anto/Condivisa/ros_ws/install/assignment1_rt/share/assignment1_rt/hook/pythonpath.dsv'
[5.086s] INFO:colcon.colcon_core.shell:Creating environment hook '/home/anto/Condivisa/ros_ws/install/assignment1_rt/share/assignment1_rt/hook/pythonpath.sh'
[5.100s] Level 1:colcon.colcon_core.environment:checking '/home/anto/Condivisa/ros_ws/install/assignment1_rt/bin'
[5.105s] Level 1:colcon.colcon_core.shell:create_environment_hook('assignment1_rt', 'pythonscriptspath')
[5.105s] INFO:colcon.colcon_core.shell:Creating environment hook '/home/anto/Condivisa/ros_ws/install/assignment1_rt/share/assignment1_rt/hook/pythonscriptspath.ps1'
[5.124s] INFO:colcon.colcon_core.shell:Creating environment descriptor '/home/anto/Condivisa/ros_ws/install/assignment1_rt/share/assignment1_rt/hook/pythonscriptspath.dsv'
[5.138s] INFO:colcon.colcon_core.shell:Creating environment hook '/home/anto/Condivisa/ros_ws/install/assignment1_rt/share/assignment1_rt/hook/pythonscriptspath.sh'
[5.152s] INFO:colcon.colcon_core.shell:Creating package script '/home/anto/Condivisa/ros_ws/install/assignment1_rt/share/assignment1_rt/package.ps1'
[5.162s] INFO:colcon.colcon_core.shell:Creating package descriptor '/home/anto/Condivisa/ros_ws/install/assignment1_rt/share/assignment1_rt/package.dsv'
[5.173s] INFO:colcon.colcon_core.shell:Creating package script '/home/anto/Condivisa/ros_ws/install/assignment1_rt/share/assignment1_rt/package.sh'
[5.186s] INFO:colcon.colcon_core.shell:Creating package script '/home/anto/Condivisa/ros_ws/install/assignment1_rt/share/assignment1_rt/package.bash'
[5.198s] INFO:colcon.colcon_core.shell:Creating package script '/home/anto/Condivisa/ros_ws/install/assignment1_rt/share/assignment1_rt/package.zsh'
[5.210s] Level 1:colcon.colcon_core.environment:create_file_with_runtime_dependencies(/home/anto/Condivisa/ros_ws/install/assignment1_rt/share/colcon-core/packages/assignment1_rt)
[5.238s] Level 1:colcon.colcon_core.environment:create_environment_scripts_only(assignment1_rt)
[5.239s] Level 1:colcon.colcon_core.environment:checking '/home/anto/Condivisa/ros_ws/install/assignment1_rt' for CMake module files
[5.335s] Level 1:colcon.colcon_core.environment:checking '/home/anto/Condivisa/ros_ws/install/assignment1_rt' for CMake config files
[5.493s] Level 1:colcon.colcon_core.shell:create_environment_hook('assignment1_rt', 'cmake_prefix_path')
[5.493s] INFO:colcon.colcon_core.shell:Creating environment hook '/home/anto/Condivisa/ros_ws/install/assignment1_rt/share/assignment1_rt/hook/cmake_prefix_path.ps1'
[5.508s] INFO:colcon.colcon_core.shell:Creating environment descriptor '/home/anto/Condivisa/ros_ws/install/assignment1_rt/share/assignment1_rt/hook/cmake_prefix_path.dsv'
[5.525s] INFO:colcon.colcon_core.shell:Creating environment hook '/home/anto/Condivisa/ros_ws/install/assignment1_rt/share/assignment1_rt/hook/cmake_prefix_path.sh'
[5.541s] Level 1:colcon.colcon_core.environment:checking '/home/anto/Condivisa/ros_ws/install/assignment1_rt/lib'
[5.545s] Level 1:colcon.colcon_core.environment:checking '/home/anto/Condivisa/ros_ws/install/assignment1_rt/bin'
[5.551s] Level 1:colcon.colcon_core.shell:create_environment_hook('assignment1_rt', 'path')
[5.551s] INFO:colcon.colcon_core.shell:Creating environment hook '/home/anto/Condivisa/ros_ws/install/assignment1_rt/share/assignment1_rt/hook/path.ps1'
[5.568s] INFO:colcon.colcon_core.shell:Creating environment descriptor '/home/anto/Condivisa/ros_ws/install/assignment1_rt/share/assignment1_rt/hook/path.dsv'
[5.582s] INFO:colcon.colcon_core.shell:Creating environment hook '/home/anto/Condivisa/ros_ws/install/assignment1_rt/share/assignment1_rt/hook/path.sh'
[5.596s] Level 1:colcon.colcon_core.environment:checking '/home/anto/Condivisa/ros_ws/install/assignment1_rt/lib/pkgconfig/assignment1_rt.pc'
[5.598s] Level 1:colcon.colcon_core.environment:checking '/home/anto/Condivisa/ros_ws/install/assignment1_rt/lib/python3.10/site-packages'
[5.600s] Level 1:colcon.colcon_core.shell:create_environment_hook('assignment1_rt', 'pythonpath')
[5.600s] INFO:colcon.colcon_core.shell:Creating environment hook '/home/anto/Condivisa/ros_ws/install/assignment1_rt/share/assignment1_rt/hook/pythonpath.ps1'
[5.613s] INFO:colcon.colcon_core.shell:Creating environment descriptor '/home/anto/Condivisa/ros_ws/install/assignment1_rt/share/assignment1_rt/hook/pythonpath.dsv'
[5.630s] INFO:colcon.colcon_core.shell:Creating environment hook '/home/anto/Condivisa/ros_ws/install/assignment1_rt/share/assignment1_rt/hook/pythonpath.sh'
[5.646s] Level 1:colcon.colcon_core.environment:checking '/home/anto/Condivisa/ros_ws/install/assignment1_rt/bin'
[5.651s] Level 1:colcon.colcon_core.shell:create_environment_hook('assignment1_rt', 'pythonscriptspath')
[5.652s] INFO:colcon.colcon_core.shell:Creating environment hook '/home/anto/Condivisa/ros_ws/install/assignment1_rt/share/assignment1_rt/hook/pythonscriptspath.ps1'
[5.666s] INFO:colcon.colcon_core.shell:Creating environment descriptor '/home/anto/Condivisa/ros_ws/install/assignment1_rt/share/assignment1_rt/hook/pythonscriptspath.dsv'
[5.678s] INFO:colcon.colcon_core.shell:Creating environment hook '/home/anto/Condivisa/ros_ws/install/assignment1_rt/share/assignment1_rt/hook/pythonscriptspath.sh'
[5.691s] INFO:colcon.colcon_core.shell:Creating package script '/home/anto/Condivisa/ros_ws/install/assignment1_rt/share/assignment1_rt/package.ps1'
[5.700s] INFO:colcon.colcon_core.shell:Creating package descriptor '/home/anto/Condivisa/ros_ws/install/assignment1_rt/share/assignment1_rt/package.dsv'
[5.710s] INFO:colcon.colcon_core.shell:Creating package script '/home/anto/Condivisa/ros_ws/install/assignment1_rt/share/assignment1_rt/package.sh'
[5.724s] INFO:colcon.colcon_core.shell:Creating package script '/home/anto/Condivisa/ros_ws/install/assignment1_rt/share/assignment1_rt/package.bash'
[5.741s] INFO:colcon.colcon_core.shell:Creating package script '/home/anto/Condivisa/ros_ws/install/assignment1_rt/share/assignment1_rt/package.zsh'
[5.751s] Level 1:colcon.colcon_core.environment:create_file_with_runtime_dependencies(/home/anto/Condivisa/ros_ws/install/assignment1_rt/share/colcon-core/packages/assignment1_rt)
[5.760s] DEBUG:colcon.colcon_parallel_executor.executor.parallel:closing loop
[5.761s] DEBUG:colcon.colcon_parallel_executor.executor.parallel:loop closed
[5.761s] DEBUG:colcon.colcon_parallel_executor.executor.parallel:run_until_complete finished with '0'
[5.761s] DEBUG:colcon.colcon_core.event_reactor:joining thread
[5.800s] INFO:colcon.colcon_core.plugin_system:Skipping extension 'colcon_notification.desktop_notification.terminal_notifier': Not used on non-Darwin systems
[5.800s] INFO:colcon.colcon_core.plugin_system:Skipping extension 'colcon_notification.desktop_notification.win32': Not used on non-Windows systems
[5.800s] INFO:colcon.colcon_notification.desktop_notification:Sending desktop notification using 'notify2'
[5.816s] DEBUG:colcon.colcon_core.event_reactor:joined thread
[5.817s] INFO:colcon.colcon_core.shell:Creating prefix script '/home/anto/Condivisa/ros_ws/install/local_setup.ps1'
[5.823s] INFO:colcon.colcon_core.shell:Creating prefix util module '/home/anto/Condivisa/ros_ws/install/_local_setup_util_ps1.py'
[5.840s] INFO:colcon.colcon_core.shell:Creating prefix chain script '/home/anto/Condivisa/ros_ws/install/setup.ps1'
[5.870s] INFO:colcon.colcon_core.shell:Creating prefix script '/home/anto/Condivisa/ros_ws/install/local_setup.sh'
[5.874s] INFO:colcon.colcon_core.shell:Creating prefix util module '/home/anto/Condivisa/ros_ws/install/_local_setup_util_sh.py'
[5.880s] INFO:colcon.colcon_core.shell:Creating prefix chain script '/home/anto/Condivisa/ros_ws/install/setup.sh'
[5.898s] INFO:colcon.colcon_core.shell:Creating prefix script '/home/anto/Condivisa/ros_ws/install/local_setup.bash'
[5.903s] INFO:colcon.colcon_core.shell:Creating prefix chain script '/home/anto/Condivisa/ros_ws/install/setup.bash'
[5.922s] INFO:colcon.colcon_core.shell:Creating prefix script '/home/anto/Condivisa/ros_ws/install/local_setup.zsh'
[5.927s] INFO:colcon.colcon_core.shell:Creating prefix chain script '/home/anto/Condivisa/ros_ws/install/setup.zsh'
