[3.323s] Invoking command in '/home/anto/Condivisa/ros_ws/src/spawn': PYTHONPATH=/home/anto/Condivisa/ros_ws/build/spawn/prefix_override:/usr/lib/python3/dist-packages/colcon_core/task/python/colcon_distutils_commands:/home/anto/Condivisa/ros_ws/install/spawn/lib/python3.10/site-packages:${PYTHONPATH} /usr/bin/python3 -W ignore:setup.py install is deprecated -W ignore:easy_install command is deprecated setup.py egg_info --egg-base ../../build/spawn build --build-base /home/anto/Condivisa/ros_ws/build/spawn/build install --record /home/anto/Condivisa/ros_ws/build/spawn/install.log --single-version-externally-managed install_data
[4.633s] running egg_info
[4.674s] writing ../../build/spawn/spawn.egg-info/PKG-INFO
[4.692s] writing dependency_links to ../../build/spawn/spawn.egg-info/dependency_links.txt
[4.696s] writing entry points to ../../build/spawn/spawn.egg-info/entry_points.txt
[4.701s] writing requirements to ../../build/spawn/spawn.egg-info/requires.txt
[4.704s] writing top-level names to ../../build/spawn/spawn.egg-info/top_level.txt
[4.819s] reading manifest file '../../build/spawn/spawn.egg-info/SOURCES.txt'
[4.892s] writing manifest file '../../build/spawn/spawn.egg-info/SOURCES.txt'
[4.895s] running build
[4.896s] running build_py
[4.914s] copying spawn/__init__.py -> /home/anto/Condivisa/ros_ws/build/spawn/build/lib/spawn
[4.944s] copying spawn/turtle_spawn.py -> /home/anto/Condivisa/ros_ws/build/spawn/build/lib/spawn
[4.960s] running install
[4.962s] running install_lib
[5.105s] running install_data
[5.132s] copying resource/spawn -> /home/anto/Condivisa/ros_ws/install/spawn/share/ament_index/resource_index/packages
[5.221s] copying package.xml -> /home/anto/Condivisa/ros_ws/install/spawn/share/spawn
[5.238s] running install_egg_info
[5.278s] removing '/home/anto/Condivisa/ros_ws/install/spawn/lib/python3.10/site-packages/spawn-0.0.0-py3.10.egg-info' (and everything under it)
[5.354s] Copying ../../build/spawn/spawn.egg-info to /home/anto/Condivisa/ros_ws/install/spawn/lib/python3.10/site-packages/spawn-0.0.0-py3.10.egg-info
[5.645s] running install_scripts
[5.737s] Installing turtle_spawn script to /home/anto/Condivisa/ros_ws/install/spawn/lib/spawn
[5.755s] writing list of installed files to '/home/anto/Condivisa/ros_ws/build/spawn/install.log'
[5.773s] Invoked command in '/home/anto/Condivisa/ros_ws/src/spawn' returned '0': PYTHONPATH=/home/anto/Condivisa/ros_ws/build/spawn/prefix_override:/usr/lib/python3/dist-packages/colcon_core/task/python/colcon_distutils_commands:/home/anto/Condivisa/ros_ws/install/spawn/lib/python3.10/site-packages:${PYTHONPATH} /usr/bin/python3 -W ignore:setup.py install is deprecated -W ignore:easy_install command is deprecated setup.py egg_info --egg-base ../../build/spawn build --build-base /home/anto/Condivisa/ros_ws/build/spawn/build install --record /home/anto/Condivisa/ros_ws/build/spawn/install.log --single-version-externally-managed install_data
