[0.123s] Invoking command in '/home/anto/Condivisa/ros_ws/build/assignment1_rt': CMAKE_PREFIX_PATH=${CMAKE_PREFIX_PATH}:/home/anto/Condivisa/ros_ws/install/spawn:/opt/ros/humble /usr/bin/cmake --build /home/anto/Condivisa/ros_ws/build/assignment1_rt -- -j4 -l4
[0.314s] [35m[1mConsolidate compiler generated dependencies of target ui_node[0m
[0.625s] [ 50%] [32mBuilding CXX object CMakeFiles/ui_node.dir/src/ui_node.cpp.o[0m
[2.903s] [100%] [32m[1mLinking CXX executable ui_node[0m
[3.294s] [100%] Built target ui_node
[3.321s] Invoked command in '/home/anto/Condivisa/ros_ws/build/assignment1_rt' returned '0': CMAKE_PREFIX_PATH=${CMAKE_PREFIX_PATH}:/home/anto/Condivisa/ros_ws/install/spawn:/opt/ros/humble /usr/bin/cmake --build /home/anto/Condivisa/ros_ws/build/assignment1_rt -- -j4 -l4
[3.349s] Invoking command in '/home/anto/Condivisa/ros_ws/build/assignment1_rt': CMAKE_PREFIX_PATH=${CMAKE_PREFIX_PATH}:/home/anto/Condivisa/ros_ws/install/spawn:/opt/ros/humble /usr/bin/cmake --install /home/anto/Condivisa/ros_ws/build/assignment1_rt
[3.356s] -- Install configuration: ""
[3.389s] -- Installing: /home/anto/Condivisa/ros_ws/install/assignment1_rt/lib/assignment1_rt/ui_node
[3.519s] -- Set runtime path of "/home/anto/Condivisa/ros_ws/install/assignment1_rt/lib/assignment1_rt/ui_node" to ""
[3.549s] -- Up-to-date: /home/anto/Condivisa/ros_ws/install/assignment1_rt/share/ament_index/resource_index/package_run_dependencies/assignment1_rt
[3.585s] -- Up-to-date: /home/anto/Condivisa/ros_ws/install/assignment1_rt/share/ament_index/resource_index/parent_prefix_path/assignment1_rt
[3.606s] -- Up-to-date: /home/anto/Condivisa/ros_ws/install/assignment1_rt/share/assignment1_rt/environment/ament_prefix_path.sh
[3.630s] -- Up-to-date: /home/anto/Condivisa/ros_ws/install/assignment1_rt/share/assignment1_rt/environment/ament_prefix_path.dsv
[3.647s] -- Up-to-date: /home/anto/Condivisa/ros_ws/install/assignment1_rt/share/assignment1_rt/environment/path.sh
[3.669s] -- Up-to-date: /home/anto/Condivisa/ros_ws/install/assignment1_rt/share/assignment1_rt/environment/path.dsv
[3.688s] -- Up-to-date: /home/anto/Condivisa/ros_ws/install/assignment1_rt/share/assignment1_rt/local_setup.bash
[3.707s] -- Up-to-date: /home/anto/Condivisa/ros_ws/install/assignment1_rt/share/assignment1_rt/local_setup.sh
[3.725s] -- Up-to-date: /home/anto/Condivisa/ros_ws/install/assignment1_rt/share/assignment1_rt/local_setup.zsh
[3.742s] -- Up-to-date: /home/anto/Condivisa/ros_ws/install/assignment1_rt/share/assignment1_rt/local_setup.dsv
[3.759s] -- Installing: /home/anto/Condivisa/ros_ws/install/assignment1_rt/share/assignment1_rt/package.dsv
[3.835s] -- Up-to-date: /home/anto/Condivisa/ros_ws/install/assignment1_rt/share/ament_index/resource_index/packages/assignment1_rt
[3.858s] -- Up-to-date: /home/anto/Condivisa/ros_ws/install/assignment1_rt/share/assignment1_rt/cmake/assignment1_rtConfig.cmake
[3.874s] -- Up-to-date: /home/anto/Condivisa/ros_ws/install/assignment1_rt/share/assignment1_rt/cmake/assignment1_rtConfig-version.cmake
[3.899s] -- Up-to-date: /home/anto/Condivisa/ros_ws/install/assignment1_rt/share/assignment1_rt/package.xml
[3.912s] Invoked command in '/home/anto/Condivisa/ros_ws/build/assignment1_rt' returned '0': CMAKE_PREFIX_PATH=${CMAKE_PREFIX_PATH}:/home/anto/Condivisa/ros_ws/install/spawn:/opt/ros/humble /usr/bin/cmake --install /home/anto/Condivisa/ros_ws/build/assignment1_rt
