-- Found ament_cmake: 1.3.12 (/opt/ros/humble/share/ament_cmake/cmake)
-- Found rclcpp: 16.0.15 (/opt/ros/humble/share/rclcpp/cmake)
-- Found rosidl_generator_c: 3.1.7 (/opt/ros/humble/share/rosidl_generator_c/cmake)
-- Found rosidl_adapter: 3.1.7 (/opt/ros/humble/share/rosidl_adapter/cmake)
-- Found rosidl_generator_cpp: 3.1.7 (/opt/ros/humble/share/rosidl_generator_cpp/cmake)
-- Using all available rosidl_typesupport_c: rosidl_typesupport_fastrtps_c;rosidl_typesupport_introspection_c
-- Using all available rosidl_typesupport_cpp: rosidl_typesupport_fastrtps_cpp;rosidl_typesupport_introspection_cpp
-- Found rmw_implementation_cmake: 6.1.2 (/opt/ros/humble/share/rmw_implementation_cmake/cmake)
-- Found rmw_fastrtps_cpp: 6.2.8 (/opt/ros/humble/share/rmw_fastrtps_cpp/cmake)
-- Using RMW implementation 'rmw_fastrtps_cpp' as default
-- Found turtlesim: 1.4.3 (/opt/ros/humble/share/turtlesim/cmake)
-- Configuring done
-- Generating done
-- Build files have been written to: /home/anto/Condivisa/ros_ws/build/assignment1_rt
[ 50%] [32mBuilding CXX object CMakeFiles/input_vel.dir/src/input_vel.cpp.o[0m
[01m[K/home/anto/Condivisa/ros_ws/src/assignment1_rt/src/input_vel.cpp:5:10:[m[K [01;31m[Kerror: [m[K#include expects "FILENAME" or <FILENAME>
    5 | #include [01;31m[K"std_msgs/msg/string.hpp"A[m[K
      |          [01;31m[K^~~~~~~~~~~~~~~~~~~~~~~~~~[m[K
[01m[K/home/anto/Condivisa/ros_ws/src/assignment1_rt/src/input_vel.cpp:6:10:[m[K [01;31m[Kfatal error: [m[Kgeometry_msgs/msg/twist.hpp: No such file or directory
    6 | #include [01;31m[K"geometry_msgs/msg/twist.hpp"[m[K
      |          [01;31m[K^~~~~~~~~~~~~~~~~~~~~~~~~~~~~[m[K
compilation terminated.
gmake[2]: *** [CMakeFiles/input_vel.dir/build.make:76: CMakeFiles/input_vel.dir/src/input_vel.cpp.o] Error 1
gmake[1]: *** [CMakeFiles/Makefile2:137: CMakeFiles/input_vel.dir/all] Error 2
gmake: *** [Makefile:146: all] Error 2
