[0.146s] Invoking command in '/home/anto/Condivisa/ros_ws/build/assignment1_rt': CMAKE_PREFIX_PATH=${CMAKE_PREFIX_PATH}:/home/anto/Condivisa/ros_ws/install/spawn:/opt/ros/humble /usr/bin/cmake --build /home/anto/Condivisa/ros_ws/build/assignment1_rt -- -j4 -l4
[0.288s] [35m[1mConsolidate compiler generated dependencies of target ui_node[0m
[0.604s] [ 50%] [32mBuilding CXX object CMakeFiles/ui_node.dir/src/ui_node.cpp.o[0m
[2.916s] [100%] [32m[1mLinking CXX executable ui_node[0m
[3.254s] [100%] Built target ui_node
[3.276s] Invoked command in '/home/anto/Condivisa/ros_ws/build/assignment1_rt' returned '0': CMAKE_PREFIX_PATH=${CMAKE_PREFIX_PATH}:/home/anto/Condivisa/ros_ws/install/spawn:/opt/ros/humble /usr/bin/cmake --build /home/anto/Condivisa/ros_ws/build/assignment1_rt -- -j4 -l4
[3.304s] Invoking command in '/home/anto/Condivisa/ros_ws/build/assignment1_rt': CMAKE_PREFIX_PATH=${CMAKE_PREFIX_PATH}:/home/anto/Condivisa/ros_ws/install/spawn:/opt/ros/humble /usr/bin/cmake --install /home/anto/Condivisa/ros_ws/build/assignment1_rt
[3.311s] -- Install configuration: ""
[3.346s] -- Installing: /home/anto/Condivisa/ros_ws/install/assignment1_rt/lib/assignment1_rt/ui_node
[3.473s] -- Set runtime path of "/home/anto/Condivisa/ros_ws/install/assignment1_rt/lib/assignment1_rt/ui_node" to ""
[3.508s] -- Up-to-date: /home/anto/Condivisa/ros_ws/install/assignment1_rt/share/ament_index/resource_index/package_run_dependencies/assignment1_rt
[3.549s] -- Up-to-date: /home/anto/Condivisa/ros_ws/install/assignment1_rt/share/ament_index/resource_index/parent_prefix_path/assignment1_rt
[3.568s] -- Up-to-date: /home/anto/Condivisa/ros_ws/install/assignment1_rt/share/assignment1_rt/environment/ament_prefix_path.sh
[3.594s] -- Up-to-date: /home/anto/Condivisa/ros_ws/install/assignment1_rt/share/assignment1_rt/environment/ament_prefix_path.dsv
[3.613s] -- Up-to-date: /home/anto/Condivisa/ros_ws/install/assignment1_rt/share/assignment1_rt/environment/path.sh
[3.639s] -- Up-to-date: /home/anto/Condivisa/ros_ws/install/assignment1_rt/share/assignment1_rt/environment/path.dsv
[3.660s] -- Up-to-date: /home/anto/Condivisa/ros_ws/install/assignment1_rt/share/assignment1_rt/local_setup.bash
[3.688s] -- Up-to-date: /home/anto/Condivisa/ros_ws/install/assignment1_rt/share/assignment1_rt/local_setup.sh
[3.736s] -- Up-to-date: /home/anto/Condivisa/ros_ws/install/assignment1_rt/share/assignment1_rt/local_setup.zsh
[3.761s] -- Up-to-date: /home/anto/Condivisa/ros_ws/install/assignment1_rt/share/assignment1_rt/local_setup.dsv
[3.781s] -- Installing: /home/anto/Condivisa/ros_ws/install/assignment1_rt/share/assignment1_rt/package.dsv
[3.852s] -- Up-to-date: /home/anto/Condivisa/ros_ws/install/assignment1_rt/share/ament_index/resource_index/packages/assignment1_rt
[3.877s] -- Up-to-date: /home/anto/Condivisa/ros_ws/install/assignment1_rt/share/assignment1_rt/cmake/assignment1_rtConfig.cmake
[3.895s] -- Up-to-date: /home/anto/Condivisa/ros_ws/install/assignment1_rt/share/assignment1_rt/cmake/assignment1_rtConfig-version.cmake
[3.917s] -- Up-to-date: /home/anto/Condivisa/ros_ws/install/assignment1_rt/share/assignment1_rt/package.xml
[3.926s] Invoked command in '/home/anto/Condivisa/ros_ws/build/assignment1_rt' returned '0': CMAKE_PREFIX_PATH=${CMAKE_PREFIX_PATH}:/home/anto/Condivisa/ros_ws/install/spawn:/opt/ros/humble /usr/bin/cmake --install /home/anto/Condivisa/ros_ws/build/assignment1_rt
