[01m[K/home/anto/Condivisa/ros_ws/src/assignment1_rt/src/input_vel.cpp:17:28:[m[K [01;31m[Kerror: [m[K‘[01m[Kmsg[m[K’ is not a member of ‘[01m[Kstd[m[K’
   17 |     rclcpp::Publisher<std::[01;31m[Kmsg[m[K::Twist>::SharedPtr publisher_;
      |                            [01;31m[K^~~[m[K
[01m[K/home/anto/Condivisa/ros_ws/src/assignment1_rt/src/input_vel.cpp:17:28:[m[K [01;36m[Knote: [m[Ksuggested alternatives:
In file included from [01m[K/opt/ros/humble/include/builtin_interfaces/builtin_interfaces/msg/duration.hpp:7[m[K,
                 from [01m[K/opt/ros/humble/include/rclcpp/rclcpp/duration.hpp:20[m[K,
                 from [01m[K/opt/ros/humble/include/rclcpp/rclcpp/qos.hpp:20[m[K,
                 from [01m[K/opt/ros/humble/include/rclcpp/rclcpp/node_interfaces/node_graph_interface.hpp:32[m[K,
                 from [01m[K/opt/ros/humble/include/rclcpp/rclcpp/client.hpp:42[m[K,
                 from [01m[K/opt/ros/humble/include/rclcpp/rclcpp/callback_group.hpp:24[m[K,
                 from [01m[K/opt/ros/humble/include/rclcpp/rclcpp/any_executable.hpp:20[m[K,
                 from [01m[K/opt/ros/humble/include/rclcpp/rclcpp/memory_strategy.hpp:25[m[K,
                 from [01m[K/opt/ros/humble/include/rclcpp/rclcpp/memory_strategies.hpp:18[m[K,
                 from [01m[K/opt/ros/humble/include/rclcpp/rclcpp/executor_options.hpp:20[m[K,
                 from [01m[K/opt/ros/humble/include/rclcpp/rclcpp/executor.hpp:37[m[K,
                 from [01m[K/opt/ros/humble/include/rclcpp/rclcpp/executors/multi_threaded_executor.hpp:25[m[K,
                 from [01m[K/opt/ros/humble/include/rclcpp/rclcpp/executors.hpp:21[m[K,
                 from [01m[K/opt/ros/humble/include/rclcpp/rclcpp/rclcpp.hpp:155[m[K,
                 from [01m[K/home/anto/Condivisa/ros_ws/src/assignment1_rt/src/input_vel.cpp:1[m[K:
[01m[K/opt/ros/humble/include/builtin_interfaces/builtin_interfaces/msg/detail/duration__struct.hpp:27:11:[m[K [01;36m[Knote: [m[K  ‘[01m[Kbuiltin_interfaces::msg[m[K’
   27 | namespace [01;36m[Kmsg[m[K
      |           [01;36m[K^~~[m[K
In file included from [01m[K/opt/ros/humble/include/rcl_interfaces/rcl_interfaces/msg/set_parameters_result.hpp:7[m[K,
                 from [01m[K/opt/ros/humble/include/rclcpp/rclcpp/qos_overriding_options.hpp:28[m[K,
                 from [01m[K/opt/ros/humble/include/rclcpp/rclcpp/subscription_options.hpp:30[m[K,
                 from [01m[K/opt/ros/humble/include/rclcpp/rclcpp/subscription.hpp:45[m[K,
                 from [01m[K/opt/ros/humble/include/rclcpp/rclcpp/any_executable.hpp:25[m[K,
                 from [01m[K/opt/ros/humble/include/rclcpp/rclcpp/memory_strategy.hpp:25[m[K,
                 from [01m[K/opt/ros/humble/include/rclcpp/rclcpp/memory_strategies.hpp:18[m[K,
                 from [01m[K/opt/ros/humble/include/rclcpp/rclcpp/executor_options.hpp:20[m[K,
                 from [01m[K/opt/ros/humble/include/rclcpp/rclcpp/executor.hpp:37[m[K,
                 from [01m[K/opt/ros/humble/include/rclcpp/rclcpp/executors/multi_threaded_executor.hpp:25[m[K,
                 from [01m[K/opt/ros/humble/include/rclcpp/rclcpp/executors.hpp:21[m[K,
                 from [01m[K/opt/ros/humble/include/rclcpp/rclcpp/rclcpp.hpp:155[m[K,
                 from [01m[K/home/anto/Condivisa/ros_ws/src/assignment1_rt/src/input_vel.cpp:1[m[K:
[01m[K/opt/ros/humble/include/rcl_interfaces/rcl_interfaces/msg/detail/set_parameters_result__struct.hpp:27:11:[m[K [01;36m[Knote: [m[K  ‘[01m[Krcl_interfaces::msg[m[K’
   27 | namespace [01;36m[Kmsg[m[K
      |           [01;36m[K^~~[m[K
In file included from [01m[K/opt/ros/humble/include/statistics_msgs/statistics_msgs/msg/detail/metrics_message__struct.hpp:23[m[K,
                 from [01m[K/opt/ros/humble/include/statistics_msgs/statistics_msgs/msg/metrics_message.hpp:7[m[K,
                 from [01m[K/opt/ros/humble/include/libstatistics_collector/libstatistics_collector/collector/generate_statistics_message.hpp:21[m[K,
                 from [01m[K/opt/ros/humble/include/rclcpp/rclcpp/topic_statistics/subscription_topic_statistics.hpp:23[m[K,
                 from [01m[K/opt/ros/humble/include/rclcpp/rclcpp/subscription.hpp:50[m[K,
                 from [01m[K/opt/ros/humble/include/rclcpp/rclcpp/any_executable.hpp:25[m[K,
                 from [01m[K/opt/ros/humble/include/rclcpp/rclcpp/memory_strategy.hpp:25[m[K,
                 from [01m[K/opt/ros/humble/include/rclcpp/rclcpp/memory_strategies.hpp:18[m[K,
                 from [01m[K/opt/ros/humble/include/rclcpp/rclcpp/executor_options.hpp:20[m[K,
                 from [01m[K/opt/ros/humble/include/rclcpp/rclcpp/executor.hpp:37[m[K,
                 from [01m[K/opt/ros/humble/include/rclcpp/rclcpp/executors/multi_threaded_executor.hpp:25[m[K,
                 from [01m[K/opt/ros/humble/include/rclcpp/rclcpp/executors.hpp:21[m[K,
                 from [01m[K/opt/ros/humble/include/rclcpp/rclcpp/rclcpp.hpp:155[m[K,
                 from [01m[K/home/anto/Condivisa/ros_ws/src/assignment1_rt/src/input_vel.cpp:1[m[K:
[01m[K/opt/ros/humble/include/statistics_msgs/statistics_msgs/msg/detail/statistic_data_point__struct.hpp:27:11:[m[K [01;36m[Knote: [m[K  ‘[01m[Kstatistics_msgs::msg[m[K’
   27 | namespace [01;36m[Kmsg[m[K
      |           [01;36m[K^~~[m[K
In file included from [01m[K/opt/ros/humble/include/std_msgs/std_msgs/msg/string.hpp:7[m[K,
                 from [01m[K/home/anto/Condivisa/ros_ws/src/assignment1_rt/src/input_vel.cpp:5[m[K:
[01m[K/opt/ros/humble/include/std_msgs/std_msgs/msg/detail/string__struct.hpp:27:11:[m[K [01;36m[Knote: [m[K  ‘[01m[Kstd_msgs::msg[m[K’
   27 | namespace [01;36m[Kmsg[m[K
      |           [01;36m[K^~~[m[K
In file included from [01m[K/opt/ros/humble/include/geometry_msgs/geometry_msgs/msg/detail/twist__struct.hpp:21[m[K,
                 from [01m[K/opt/ros/humble/include/geometry_msgs/geometry_msgs/msg/twist.hpp:7[m[K,
                 from [01m[K/home/anto/Condivisa/ros_ws/src/assignment1_rt/src/input_vel.cpp:6[m[K:
[01m[K/opt/ros/humble/include/geometry_msgs/geometry_msgs/msg/detail/vector3__struct.hpp:27:11:[m[K [01;36m[Knote: [m[K  ‘[01m[Kgeometry_msgs::msg[m[K’
   27 | namespace [01;36m[Kmsg[m[K
      |           [01;36m[K^~~[m[K
[01m[K/home/anto/Condivisa/ros_ws/src/assignment1_rt/src/input_vel.cpp:17:38:[m[K [01;31m[Kerror: [m[Ktemplate argument 1 is invalid
   17 |     rclcpp::Publisher<std::msg::Twist[01;31m[K>[m[K::SharedPtr publisher_;
      |                                      [01;31m[K^[m[K
[01m[K/home/anto/Condivisa/ros_ws/src/assignment1_rt/src/input_vel.cpp:17:41:[m[K [01;31m[Kerror: [m[Kexpected ‘[01m[K;[m[K’ at end of member declaration
   17 |     rclcpp::Publisher<std::msg::Twist>::[01;31m[KSharedPtr[m[K publisher_;
      |                                         [01;31m[K^~~~~~~~~[m[K
      |                                                  [32m[K;[m[K
[01m[K/home/anto/Condivisa/ros_ws/src/assignment1_rt/src/input_vel.cpp:17:51:[m[K [01;31m[Kerror: [m[K‘[01m[Kpublisher_[m[K’ does not name a type; did you mean ‘[01m[Krmw_publisher_t[m[K’?
   17 |     rclcpp::Publisher<std::msg::Twist>::SharedPtr [01;31m[Kpublisher_[m[K;
      |                                                   [01;31m[K^~~~~~~~~~[m[K
      |                                                   [32m[Krmw_publisher_t[m[K
[01m[K/home/anto/Condivisa/ros_ws/src/assignment1_rt/src/input_vel.cpp:[m[K In constructor ‘[01m[KVelocityInputNode::VelocityInputNode()[m[K’:
[01m[K/home/anto/Condivisa/ros_ws/src/assignment1_rt/src/input_vel.cpp:14:9:[m[K [01;31m[Kerror: [m[K‘[01m[Kpublisher_[m[K’ was not declared in this scope; did you mean ‘[01m[Krmw_publisher_t[m[K’?
   14 |         [01;31m[Kpublisher_[m[K = this->create_publisher<std_msgs::msg::Twist>("turtle1/cmd_vel", 10);
      |         [01;31m[K^~~~~~~~~~[m[K
      |         [32m[Krmw_publisher_t[m[K
[01m[K/home/anto/Condivisa/ros_ws/src/assignment1_rt/src/input_vel.cpp:14:60:[m[K [01;31m[Kerror: [m[K‘[01m[KTwist[m[K’ is not a member of ‘[01m[Kstd_msgs::msg[m[K’; did you mean ‘[01m[Kgeometry_msgs::msg::Twist[m[K’?
   14 |        publisher_ = this->create_publisher<std_msgs::msg::[01;31m[KTwist[m[K>("turtle1/cmd_vel", 10);
      |                                                           [01;31m[K^~~~~[m[K

In file included from [01m[K/opt/ros/humble/include/geometry_msgs/geometry_msgs/msg/twist.hpp:7[m[K,
                 from [01m[K/home/anto/Condivisa/ros_ws/src/assignment1_rt/src/input_vel.cpp:6[m[K:
[01m[K/opt/ros/humble/include/geometry_msgs/geometry_msgs/msg/detail/twist__struct.hpp:134:7:[m[K [01;36m[Knote: [m[K‘[01m[Kgeometry_msgs::msg::Twist[m[K’ declared here
  134 | using [01;36m[KTwist[m[K =
      |       [01;36m[K^~~~~[m[K
[01m[K/home/anto/Condivisa/ros_ws/src/assignment1_rt/src/input_vel.cpp:14:66:[m[K [01;31m[Kerror: [m[Kno matching function for call to ‘[01m[KVelocityInputNode::create_publisher<<expression error> >(const char [16], int)[m[K’
   14 |  publisher_ = [01;31m[Kthis->create_publisher<std_msgs::msg::Twist>("turtle1/cmd_vel", 10)[m[K;
      |               [01;31m[K~~~~~~~~~~~~~~~~~~~~~~~~~~~~~~~~~~~~~~~~~~~~^~~~~~~~~~~~~~~~~~~~~~~[m[K

In file included from [01m[K/opt/ros/humble/include/rclcpp/rclcpp/executors/single_threaded_executor.hpp:28[m[K,
                 from [01m[K/opt/ros/humble/include/rclcpp/rclcpp/executors.hpp:22[m[K,
                 from [01m[K/opt/ros/humble/include/rclcpp/rclcpp/rclcpp.hpp:155[m[K,
                 from [01m[K/home/anto/Condivisa/ros_ws/src/assignment1_rt/src/input_vel.cpp:1[m[K:
[01m[K/opt/ros/humble/include/rclcpp/rclcpp/node.hpp:195:3:[m[K [01;36m[Knote: [m[Kcandidate: ‘[01m[Ktemplate<class MessageT, class AllocatorT, class PublisherT> std::shared_ptr<PublisherT> rclcpp::Node::create_publisher(const string&, const rclcpp::QoS&, const rclcpp::PublisherOptionsWithAllocator<AllocatorT>&)[m[K’
  195 |   [01;36m[Kcreate_publisher[m[K(
      |   [01;36m[K^~~~~~~~~~~~~~~~[m[K
[01m[K/opt/ros/humble/include/rclcpp/rclcpp/node.hpp:195:3:[m[K [01;36m[Knote: [m[K  template argument deduction/substitution failed:
[01m[K/home/anto/Condivisa/ros_ws/src/assignment1_rt/src/input_vel.cpp:14:66:[m[K [01;31m[Kerror: [m[Ktemplate argument 1 is invalid
   14 |  publisher_ = [01;31m[Kthis->create_publisher<std_msgs::msg::Twist>("turtle1/cmd_vel", 10)[m[K;
      |               [01;31m[K~~~~~~~~~~~~~~~~~~~~~~~~~~~~~~~~~~~~~~~~~~~~^~~~~~~~~~~~~~~~~~~~~~~[m[K

[01m[K/home/anto/Condivisa/ros_ws/src/assignment1_rt/src/input_vel.cpp:[m[K In function ‘[01m[Kint main(int, char**)[m[K’:
[01m[K/home/anto/Condivisa/ros_ws/src/assignment1_rt/src/input_vel.cpp:24:13:[m[K [01;31m[Kerror: [m[K‘[01m[Kshut_down[m[K’ is not a member of ‘[01m[Krclcpp[m[K’; did you mean ‘[01m[Kshutdown[m[K’?
   24 |     rclcpp::[01;31m[Kshut_down[m[K;
      |             [01;31m[K^~~~~~~~~[m[K
      |             [32m[Kshutdown[m[K
gmake[2]: *** [CMakeFiles/input_vel.dir/build.make:76: CMakeFiles/input_vel.dir/src/input_vel.cpp.o] Error 1
gmake[1]: *** [CMakeFiles/Makefile2:137: CMakeFiles/input_vel.dir/all] Error 2
gmake: *** [Makefile:146: all] Error 2
