[0.442s] DEBUG:colcon:Command line arguments: ['/usr/bin/colcon', 'build', '--packages-select', 'assignment1_rt']
[0.442s] DEBUG:colcon:Parsed command line arguments: Namespace(log_base=None, log_level=None, verb_name='build', build_base='build', install_base='install', merge_install=False, symlink_install=False, test_result_base=None, continue_on_error=False, executor='parallel', parallel_workers=4, event_handlers=None, ignore_user_meta=False, metas=['./colcon.meta'], base_paths=['.'], packages_ignore=None, packages_ignore_regex=None, paths=None, packages_up_to=None, packages_up_to_regex=None, packages_above=None, packages_above_and_dependencies=None, packages_above_depth=None, packages_select_by_dep=None, packages_skip_by_dep=None, packages_skip_up_to=None, packages_select_build_failed=False, packages_skip_build_finished=False, packages_select_test_failures=False, packages_skip_test_passed=False, packages_select=['assignment1_rt'], packages_skip=None, packages_select_regex=None, packages_skip_regex=None, packages_start=None, packages_end=None, allow_overriding=[], cmake_args=None, cmake_target=None, cmake_target_skip_unavailable=False, cmake_clean_cache=False, cmake_clean_first=False, cmake_force_configure=False, ament_cmake_args=None, catkin_cmake_args=None, catkin_skip_building_tests=False, mixin_files=None, mixin=None, verb_parser=<colcon_mixin.mixin.mixin_argument.MixinArgumentDecorator object at 0xffffa1ae43a0>, verb_extension=<colcon_core.verb.build.BuildVerb object at 0xffffa1aafd90>, main=<bound method BuildVerb.main of <colcon_core.verb.build.BuildVerb object at 0xffffa1aafd90>>, mixin_verb=('build',))
[0.566s] Level 1:colcon.colcon_core.package_discovery:discover_packages(colcon_meta) check parameters
[0.567s] Level 1:colcon.colcon_core.package_discovery:discover_packages(recursive) check parameters
[0.567s] Level 1:colcon.colcon_core.package_discovery:discover_packages(ignore) check parameters
[0.567s] Level 1:colcon.colcon_core.package_discovery:discover_packages(path) check parameters
[0.567s] Level 1:colcon.colcon_core.package_discovery:discover_packages(colcon_meta) discover
[0.567s] Level 1:colcon.colcon_core.package_discovery:discover_packages(recursive) discover
[0.567s] INFO:colcon.colcon_core.package_discovery:Crawling recursively for packages in '/home/anto/Condivisa/ros_ws'
[0.572s] Level 1:colcon.colcon_core.package_identification:_identify(.) by extensions ['ignore', 'ignore_ament_install']
[0.572s] Level 1:colcon.colcon_core.package_identification:_identify(.) by extension 'ignore'
[0.573s] Level 1:colcon.colcon_core.package_identification:_identify(.) by extension 'ignore_ament_install'
[0.573s] Level 1:colcon.colcon_core.package_identification:_identify(.) by extensions ['colcon_pkg']
[0.573s] Level 1:colcon.colcon_core.package_identification:_identify(.) by extension 'colcon_pkg'
[0.574s] Level 1:colcon.colcon_core.package_identification:_identify(.) by extensions ['colcon_meta']
[0.574s] Level 1:colcon.colcon_core.package_identification:_identify(.) by extension 'colcon_meta'
[0.574s] Level 1:colcon.colcon_core.package_identification:_identify(.) by extensions ['ros']
[0.574s] Level 1:colcon.colcon_core.package_identification:_identify(.) by extension 'ros'
[0.606s] Level 1:colcon.colcon_core.package_identification:_identify(.) by extensions ['cmake', 'python']
[0.606s] Level 1:colcon.colcon_core.package_identification:_identify(.) by extension 'cmake'
[0.606s] Level 1:colcon.colcon_core.package_identification:_identify(.) by extension 'python'
[0.607s] Level 1:colcon.colcon_core.package_identification:_identify(.) by extensions ['python_setup_py']
[0.607s] Level 1:colcon.colcon_core.package_identification:_identify(.) by extension 'python_setup_py'
[0.612s] Level 1:colcon.colcon_core.package_identification:_identify(build) by extensions ['ignore', 'ignore_ament_install']
[0.612s] Level 1:colcon.colcon_core.package_identification:_identify(build) by extension 'ignore'
[0.613s] Level 1:colcon.colcon_core.package_identification:_identify(build) ignored
[0.626s] Level 1:colcon.colcon_core.package_identification:_identify(install) by extensions ['ignore', 'ignore_ament_install']
[0.626s] Level 1:colcon.colcon_core.package_identification:_identify(install) by extension 'ignore'
[0.627s] Level 1:colcon.colcon_core.package_identification:_identify(install) ignored
[0.648s] Level 1:colcon.colcon_core.package_identification:_identify(log) by extensions ['ignore', 'ignore_ament_install']
[0.649s] Level 1:colcon.colcon_core.package_identification:_identify(log) by extension 'ignore'
[0.650s] Level 1:colcon.colcon_core.package_identification:_identify(log) ignored
[0.653s] Level 1:colcon.colcon_core.package_identification:_identify(src) by extensions ['ignore', 'ignore_ament_install']
[0.653s] Level 1:colcon.colcon_core.package_identification:_identify(src) by extension 'ignore'
[0.654s] Level 1:colcon.colcon_core.package_identification:_identify(src) by extension 'ignore_ament_install'
[0.656s] Level 1:colcon.colcon_core.package_identification:_identify(src) by extensions ['colcon_pkg']
[0.656s] Level 1:colcon.colcon_core.package_identification:_identify(src) by extension 'colcon_pkg'
[0.657s] Level 1:colcon.colcon_core.package_identification:_identify(src) by extensions ['colcon_meta']
[0.657s] Level 1:colcon.colcon_core.package_identification:_identify(src) by extension 'colcon_meta'
[0.657s] Level 1:colcon.colcon_core.package_identification:_identify(src) by extensions ['ros']
[0.657s] Level 1:colcon.colcon_core.package_identification:_identify(src) by extension 'ros'
[0.660s] Level 1:colcon.colcon_core.package_identification:_identify(src) by extensions ['cmake', 'python']
[0.660s] Level 1:colcon.colcon_core.package_identification:_identify(src) by extension 'cmake'
[0.661s] Level 1:colcon.colcon_core.package_identification:_identify(src) by extension 'python'
[0.662s] Level 1:colcon.colcon_core.package_identification:_identify(src) by extensions ['python_setup_py']
[0.662s] Level 1:colcon.colcon_core.package_identification:_identify(src) by extension 'python_setup_py'
[0.669s] Level 1:colcon.colcon_core.package_identification:_identify(src/assignment1_rt) by extensions ['ignore', 'ignore_ament_install']
[0.669s] Level 1:colcon.colcon_core.package_identification:_identify(src/assignment1_rt) by extension 'ignore'
[0.670s] Level 1:colcon.colcon_core.package_identification:_identify(src/assignment1_rt) by extension 'ignore_ament_install'
[0.673s] Level 1:colcon.colcon_core.package_identification:_identify(src/assignment1_rt) by extensions ['colcon_pkg']
[0.673s] Level 1:colcon.colcon_core.package_identification:_identify(src/assignment1_rt) by extension 'colcon_pkg'
[0.674s] Level 1:colcon.colcon_core.package_identification:_identify(src/assignment1_rt) by extensions ['colcon_meta']
[0.674s] Level 1:colcon.colcon_core.package_identification:_identify(src/assignment1_rt) by extension 'colcon_meta'
[0.676s] Level 1:colcon.colcon_core.package_identification:_identify(src/assignment1_rt) by extensions ['ros']
[0.676s] Level 1:colcon.colcon_core.package_identification:_identify(src/assignment1_rt) by extension 'ros'
[0.690s] DEBUG:colcon.colcon_core.package_identification:Package 'src/assignment1_rt' with type 'ros.ament_cmake' and name 'assignment1_rt'
[0.697s] Level 1:colcon.colcon_core.package_identification:_identify(src/spawn) by extensions ['ignore', 'ignore_ament_install']
[0.697s] Level 1:colcon.colcon_core.package_identification:_identify(src/spawn) by extension 'ignore'
[0.699s] Level 1:colcon.colcon_core.package_identification:_identify(src/spawn) by extension 'ignore_ament_install'
[0.701s] Level 1:colcon.colcon_core.package_identification:_identify(src/spawn) by extensions ['colcon_pkg']
[0.701s] Level 1:colcon.colcon_core.package_identification:_identify(src/spawn) by extension 'colcon_pkg'
[0.702s] Level 1:colcon.colcon_core.package_identification:_identify(src/spawn) by extensions ['colcon_meta']
[0.702s] Level 1:colcon.colcon_core.package_identification:_identify(src/spawn) by extension 'colcon_meta'
[0.704s] Level 1:colcon.colcon_core.package_identification:_identify(src/spawn) by extensions ['ros']
[0.704s] Level 1:colcon.colcon_core.package_identification:_identify(src/spawn) by extension 'ros'
[0.717s] DEBUG:colcon.colcon_core.package_identification:Package 'src/spawn' with type 'ros.ament_python' and name 'spawn'
[0.717s] Level 1:colcon.colcon_core.package_discovery:discover_packages(recursive) using defaults
[0.718s] Level 1:colcon.colcon_core.package_discovery:discover_packages(ignore) discover
[0.718s] Level 1:colcon.colcon_core.package_discovery:discover_packages(ignore) using defaults
[0.718s] Level 1:colcon.colcon_core.package_discovery:discover_packages(path) discover
[0.718s] Level 1:colcon.colcon_core.package_discovery:discover_packages(path) using defaults
[0.806s] INFO:colcon.colcon_core.package_selection:Skipping not selected package 'spawn' in 'src/spawn'
[0.806s] Level 1:colcon.colcon_core.package_discovery:discover_packages(prefix_path) check parameters
[0.806s] Level 1:colcon.colcon_core.package_discovery:discover_packages(prefix_path) discover
[0.852s] DEBUG:colcon.colcon_installed_package_information.package_discovery:Found 2 installed packages in /home/anto/Condivisa/ros_ws/install
[0.852s] DEBUG:colcon.colcon_installed_package_information.package_discovery:Found 4 installed packages in /home/anto/ros2_ws/install
[0.853s] DEBUG:colcon.colcon_installed_package_information.package_discovery:Found 274 installed packages in /opt/ros/humble
[0.854s] Level 1:colcon.colcon_core.package_discovery:discover_packages(prefix_path) using defaults
[0.903s] Level 5:colcon.colcon_core.verb:set package 'assignment1_rt' build argument 'cmake_args' from command line to 'None'
[0.903s] Level 5:colcon.colcon_core.verb:set package 'assignment1_rt' build argument 'cmake_target' from command line to 'None'
[0.903s] Level 5:colcon.colcon_core.verb:set package 'assignment1_rt' build argument 'cmake_target_skip_unavailable' from command line to 'False'
[0.903s] Level 5:colcon.colcon_core.verb:set package 'assignment1_rt' build argument 'cmake_clean_cache' from command line to 'False'
[0.904s] Level 5:colcon.colcon_core.verb:set package 'assignment1_rt' build argument 'cmake_clean_first' from command line to 'False'
[0.904s] Level 5:colcon.colcon_core.verb:set package 'assignment1_rt' build argument 'cmake_force_configure' from command line to 'False'
[0.904s] Level 5:colcon.colcon_core.verb:set package 'assignment1_rt' build argument 'ament_cmake_args' from command line to 'None'
[0.904s] Level 5:colcon.colcon_core.verb:set package 'assignment1_rt' build argument 'catkin_cmake_args' from command line to 'None'
[0.904s] Level 5:colcon.colcon_core.verb:set package 'assignment1_rt' build argument 'catkin_skip_building_tests' from command line to 'False'
[0.904s] DEBUG:colcon.colcon_core.verb:Building package 'assignment1_rt' with the following arguments: {'ament_cmake_args': None, 'build_base': '/home/anto/Condivisa/ros_ws/build/assignment1_rt', 'catkin_cmake_args': None, 'catkin_skip_building_tests': False, 'cmake_args': None, 'cmake_clean_cache': False, 'cmake_clean_first': False, 'cmake_force_configure': False, 'cmake_target': None, 'cmake_target_skip_unavailable': False, 'install_base': '/home/anto/Condivisa/ros_ws/install/assignment1_rt', 'merge_install': False, 'path': '/home/anto/Condivisa/ros_ws/src/assignment1_rt', 'symlink_install': False, 'test_result_base': None}
[0.904s] INFO:colcon.colcon_core.executor:Executing jobs using 'parallel' executor
[0.905s] DEBUG:colcon.colcon_parallel_executor.executor.parallel:run_until_complete
[0.906s] INFO:colcon.colcon_ros.task.ament_cmake.build:Building ROS package in '/home/anto/Condivisa/ros_ws/src/assignment1_rt' with build type 'ament_cmake'
[0.906s] INFO:colcon.colcon_cmake.task.cmake.build:Building CMake package in '/home/anto/Condivisa/ros_ws/src/assignment1_rt'
[0.918s] INFO:colcon.colcon_core.plugin_system:Skipping extension 'colcon_core.shell.bat': Not used on non-Windows systems
[0.918s] INFO:colcon.colcon_core.shell:Skip shell extension 'powershell' for command environment: Not usable outside of PowerShell
[0.918s] DEBUG:colcon.colcon_core.shell:Skip shell extension 'dsv' for command environment
[1.039s] DEBUG:colcon.colcon_core.event_handler.log_command:Invoking command in '/home/anto/Condivisa/ros_ws/build/assignment1_rt': CMAKE_PREFIX_PATH=${CMAKE_PREFIX_PATH}:/home/anto/Condivisa/ros_ws/install/spawn:/opt/ros/humble /usr/bin/cmake --build /home/anto/Condivisa/ros_ws/build/assignment1_rt -- -j4 -l4
[3.999s] DEBUG:colcon.colcon_core.event_handler.log_command:Invoked command in '/home/anto/Condivisa/ros_ws/build/assignment1_rt' returned '0': CMAKE_PREFIX_PATH=${CMAKE_PREFIX_PATH}:/home/anto/Condivisa/ros_ws/install/spawn:/opt/ros/humble /usr/bin/cmake --build /home/anto/Condivisa/ros_ws/build/assignment1_rt -- -j4 -l4
[4.028s] DEBUG:colcon.colcon_core.event_handler.log_command:Invoking command in '/home/anto/Condivisa/ros_ws/build/assignment1_rt': CMAKE_PREFIX_PATH=${CMAKE_PREFIX_PATH}:/home/anto/Condivisa/ros_ws/install/spawn:/opt/ros/humble /usr/bin/cmake --install /home/anto/Condivisa/ros_ws/build/assignment1_rt
[4.630s] Level 1:colcon.colcon_core.environment:create_environment_scripts_only(assignment1_rt)
[4.631s] DEBUG:colcon.colcon_core.event_handler.log_command:Invoked command in '/home/anto/Condivisa/ros_ws/build/assignment1_rt' returned '0': CMAKE_PREFIX_PATH=${CMAKE_PREFIX_PATH}:/home/anto/Condivisa/ros_ws/install/spawn:/opt/ros/humble /usr/bin/cmake --install /home/anto/Condivisa/ros_ws/build/assignment1_rt
[4.641s] Level 1:colcon.colcon_core.environment:checking '/home/anto/Condivisa/ros_ws/install/assignment1_rt' for CMake module files
[4.736s] Level 1:colcon.colcon_core.environment:checking '/home/anto/Condivisa/ros_ws/install/assignment1_rt' for CMake config files
[4.889s] Level 1:colcon.colcon_core.shell:create_environment_hook('assignment1_rt', 'cmake_prefix_path')
[4.889s] INFO:colcon.colcon_core.shell:Creating environment hook '/home/anto/Condivisa/ros_ws/install/assignment1_rt/share/assignment1_rt/hook/cmake_prefix_path.ps1'
[4.904s] INFO:colcon.colcon_core.shell:Creating environment descriptor '/home/anto/Condivisa/ros_ws/install/assignment1_rt/share/assignment1_rt/hook/cmake_prefix_path.dsv'
[4.918s] INFO:colcon.colcon_core.shell:Creating environment hook '/home/anto/Condivisa/ros_ws/install/assignment1_rt/share/assignment1_rt/hook/cmake_prefix_path.sh'
[4.935s] Level 1:colcon.colcon_core.environment:checking '/home/anto/Condivisa/ros_ws/install/assignment1_rt/lib'
[4.938s] Level 1:colcon.colcon_core.environment:checking '/home/anto/Condivisa/ros_ws/install/assignment1_rt/bin'
[4.949s] Level 1:colcon.colcon_core.shell:create_environment_hook('assignment1_rt', 'path')
[4.950s] INFO:colcon.colcon_core.shell:Creating environment hook '/home/anto/Condivisa/ros_ws/install/assignment1_rt/share/assignment1_rt/hook/path.ps1'
[4.964s] INFO:colcon.colcon_core.shell:Creating environment descriptor '/home/anto/Condivisa/ros_ws/install/assignment1_rt/share/assignment1_rt/hook/path.dsv'
[4.979s] INFO:colcon.colcon_core.shell:Creating environment hook '/home/anto/Condivisa/ros_ws/install/assignment1_rt/share/assignment1_rt/hook/path.sh'
[4.995s] Level 1:colcon.colcon_core.environment:checking '/home/anto/Condivisa/ros_ws/install/assignment1_rt/lib/pkgconfig/assignment1_rt.pc'
[4.997s] Level 1:colcon.colcon_core.environment:checking '/home/anto/Condivisa/ros_ws/install/assignment1_rt/lib/python3.10/site-packages'
[4.999s] Level 1:colcon.colcon_core.shell:create_environment_hook('assignment1_rt', 'pythonpath')
[4.999s] INFO:colcon.colcon_core.shell:Creating environment hook '/home/anto/Condivisa/ros_ws/install/assignment1_rt/share/assignment1_rt/hook/pythonpath.ps1'
[5.014s] INFO:colcon.colcon_core.shell:Creating environment descriptor '/home/anto/Condivisa/ros_ws/install/assignment1_rt/share/assignment1_rt/hook/pythonpath.dsv'
[5.027s] INFO:colcon.colcon_core.shell:Creating environment hook '/home/anto/Condivisa/ros_ws/install/assignment1_rt/share/assignment1_rt/hook/pythonpath.sh'
[5.041s] Level 1:colcon.colcon_core.environment:checking '/home/anto/Condivisa/ros_ws/install/assignment1_rt/bin'
[5.047s] Level 1:colcon.colcon_core.shell:create_environment_hook('assignment1_rt', 'pythonscriptspath')
[5.047s] INFO:colcon.colcon_core.shell:Creating environment hook '/home/anto/Condivisa/ros_ws/install/assignment1_rt/share/assignment1_rt/hook/pythonscriptspath.ps1'
[5.062s] INFO:colcon.colcon_core.shell:Creating environment descriptor '/home/anto/Condivisa/ros_ws/install/assignment1_rt/share/assignment1_rt/hook/pythonscriptspath.dsv'
[5.077s] INFO:colcon.colcon_core.shell:Creating environment hook '/home/anto/Condivisa/ros_ws/install/assignment1_rt/share/assignment1_rt/hook/pythonscriptspath.sh'
[5.094s] INFO:colcon.colcon_core.shell:Creating package script '/home/anto/Condivisa/ros_ws/install/assignment1_rt/share/assignment1_rt/package.ps1'
[5.105s] INFO:colcon.colcon_core.shell:Creating package descriptor '/home/anto/Condivisa/ros_ws/install/assignment1_rt/share/assignment1_rt/package.dsv'
[5.115s] INFO:colcon.colcon_core.shell:Creating package script '/home/anto/Condivisa/ros_ws/install/assignment1_rt/share/assignment1_rt/package.sh'
[5.128s] INFO:colcon.colcon_core.shell:Creating package script '/home/anto/Condivisa/ros_ws/install/assignment1_rt/share/assignment1_rt/package.bash'
[5.139s] INFO:colcon.colcon_core.shell:Creating package script '/home/anto/Condivisa/ros_ws/install/assignment1_rt/share/assignment1_rt/package.zsh'
[5.152s] Level 1:colcon.colcon_core.environment:create_file_with_runtime_dependencies(/home/anto/Condivisa/ros_ws/install/assignment1_rt/share/colcon-core/packages/assignment1_rt)
[5.175s] Level 1:colcon.colcon_core.environment:create_environment_scripts_only(assignment1_rt)
[5.175s] Level 1:colcon.colcon_core.environment:checking '/home/anto/Condivisa/ros_ws/install/assignment1_rt' for CMake module files
[5.274s] Level 1:colcon.colcon_core.environment:checking '/home/anto/Condivisa/ros_ws/install/assignment1_rt' for CMake config files
[5.425s] Level 1:colcon.colcon_core.shell:create_environment_hook('assignment1_rt', 'cmake_prefix_path')
[5.426s] INFO:colcon.colcon_core.shell:Creating environment hook '/home/anto/Condivisa/ros_ws/install/assignment1_rt/share/assignment1_rt/hook/cmake_prefix_path.ps1'
[5.441s] INFO:colcon.colcon_core.shell:Creating environment descriptor '/home/anto/Condivisa/ros_ws/install/assignment1_rt/share/assignment1_rt/hook/cmake_prefix_path.dsv'
[5.458s] INFO:colcon.colcon_core.shell:Creating environment hook '/home/anto/Condivisa/ros_ws/install/assignment1_rt/share/assignment1_rt/hook/cmake_prefix_path.sh'
[5.475s] Level 1:colcon.colcon_core.environment:checking '/home/anto/Condivisa/ros_ws/install/assignment1_rt/lib'
[5.478s] Level 1:colcon.colcon_core.environment:checking '/home/anto/Condivisa/ros_ws/install/assignment1_rt/bin'
[5.485s] Level 1:colcon.colcon_core.shell:create_environment_hook('assignment1_rt', 'path')
[5.485s] INFO:colcon.colcon_core.shell:Creating environment hook '/home/anto/Condivisa/ros_ws/install/assignment1_rt/share/assignment1_rt/hook/path.ps1'
[5.501s] INFO:colcon.colcon_core.shell:Creating environment descriptor '/home/anto/Condivisa/ros_ws/install/assignment1_rt/share/assignment1_rt/hook/path.dsv'
[5.514s] INFO:colcon.colcon_core.shell:Creating environment hook '/home/anto/Condivisa/ros_ws/install/assignment1_rt/share/assignment1_rt/hook/path.sh'
[5.528s] Level 1:colcon.colcon_core.environment:checking '/home/anto/Condivisa/ros_ws/install/assignment1_rt/lib/pkgconfig/assignment1_rt.pc'
[5.530s] Level 1:colcon.colcon_core.environment:checking '/home/anto/Condivisa/ros_ws/install/assignment1_rt/lib/python3.10/site-packages'
[5.532s] Level 1:colcon.colcon_core.shell:create_environment_hook('assignment1_rt', 'pythonpath')
[5.532s] INFO:colcon.colcon_core.shell:Creating environment hook '/home/anto/Condivisa/ros_ws/install/assignment1_rt/share/assignment1_rt/hook/pythonpath.ps1'
[5.546s] INFO:colcon.colcon_core.shell:Creating environment descriptor '/home/anto/Condivisa/ros_ws/install/assignment1_rt/share/assignment1_rt/hook/pythonpath.dsv'
[5.563s] INFO:colcon.colcon_core.shell:Creating environment hook '/home/anto/Condivisa/ros_ws/install/assignment1_rt/share/assignment1_rt/hook/pythonpath.sh'
[5.576s] Level 1:colcon.colcon_core.environment:checking '/home/anto/Condivisa/ros_ws/install/assignment1_rt/bin'
[5.582s] Level 1:colcon.colcon_core.shell:create_environment_hook('assignment1_rt', 'pythonscriptspath')
[5.583s] INFO:colcon.colcon_core.shell:Creating environment hook '/home/anto/Condivisa/ros_ws/install/assignment1_rt/share/assignment1_rt/hook/pythonscriptspath.ps1'
[5.599s] INFO:colcon.colcon_core.shell:Creating environment descriptor '/home/anto/Condivisa/ros_ws/install/assignment1_rt/share/assignment1_rt/hook/pythonscriptspath.dsv'
[5.614s] INFO:colcon.colcon_core.shell:Creating environment hook '/home/anto/Condivisa/ros_ws/install/assignment1_rt/share/assignment1_rt/hook/pythonscriptspath.sh'
[5.626s] INFO:colcon.colcon_core.shell:Creating package script '/home/anto/Condivisa/ros_ws/install/assignment1_rt/share/assignment1_rt/package.ps1'
[5.638s] INFO:colcon.colcon_core.shell:Creating package descriptor '/home/anto/Condivisa/ros_ws/install/assignment1_rt/share/assignment1_rt/package.dsv'
[5.648s] INFO:colcon.colcon_core.shell:Creating package script '/home/anto/Condivisa/ros_ws/install/assignment1_rt/share/assignment1_rt/package.sh'
[5.661s] INFO:colcon.colcon_core.shell:Creating package script '/home/anto/Condivisa/ros_ws/install/assignment1_rt/share/assignment1_rt/package.bash'
[5.673s] INFO:colcon.colcon_core.shell:Creating package script '/home/anto/Condivisa/ros_ws/install/assignment1_rt/share/assignment1_rt/package.zsh'
[5.684s] Level 1:colcon.colcon_core.environment:create_file_with_runtime_dependencies(/home/anto/Condivisa/ros_ws/install/assignment1_rt/share/colcon-core/packages/assignment1_rt)
[5.693s] DEBUG:colcon.colcon_parallel_executor.executor.parallel:closing loop
[5.693s] DEBUG:colcon.colcon_parallel_executor.executor.parallel:loop closed
[5.693s] DEBUG:colcon.colcon_parallel_executor.executor.parallel:run_until_complete finished with '0'
[5.693s] DEBUG:colcon.colcon_core.event_reactor:joining thread
[5.724s] INFO:colcon.colcon_core.plugin_system:Skipping extension 'colcon_notification.desktop_notification.terminal_notifier': Not used on non-Darwin systems
[5.724s] INFO:colcon.colcon_core.plugin_system:Skipping extension 'colcon_notification.desktop_notification.win32': Not used on non-Windows systems
[5.724s] INFO:colcon.colcon_notification.desktop_notification:Sending desktop notification using 'notify2'
[5.744s] DEBUG:colcon.colcon_core.event_reactor:joined thread
[5.745s] INFO:colcon.colcon_core.shell:Creating prefix script '/home/anto/Condivisa/ros_ws/install/local_setup.ps1'
[5.764s] INFO:colcon.colcon_core.shell:Creating prefix util module '/home/anto/Condivisa/ros_ws/install/_local_setup_util_ps1.py'
[5.780s] INFO:colcon.colcon_core.shell:Creating prefix chain script '/home/anto/Condivisa/ros_ws/install/setup.ps1'
[5.802s] INFO:colcon.colcon_core.shell:Creating prefix script '/home/anto/Condivisa/ros_ws/install/local_setup.sh'
[5.807s] INFO:colcon.colcon_core.shell:Creating prefix util module '/home/anto/Condivisa/ros_ws/install/_local_setup_util_sh.py'
[5.811s] INFO:colcon.colcon_core.shell:Creating prefix chain script '/home/anto/Condivisa/ros_ws/install/setup.sh'
[5.828s] INFO:colcon.colcon_core.shell:Creating prefix script '/home/anto/Condivisa/ros_ws/install/local_setup.bash'
[5.832s] INFO:colcon.colcon_core.shell:Creating prefix chain script '/home/anto/Condivisa/ros_ws/install/setup.bash'
[5.851s] INFO:colcon.colcon_core.shell:Creating prefix script '/home/anto/Condivisa/ros_ws/install/local_setup.zsh'
[5.855s] INFO:colcon.colcon_core.shell:Creating prefix chain script '/home/anto/Condivisa/ros_ws/install/setup.zsh'
