[1.373s] Invoking command in '/home/anto/Condivisa/ros_ws/src/spawn': PYTHONPATH=/home/anto/Condivisa/ros_ws/build/spawn/prefix_override:/usr/lib/python3/dist-packages/colcon_core/task/python/colcon_distutils_commands:/home/anto/Condivisa/ros_ws/install/spawn/lib/python3.10/site-packages:${PYTHONPATH} /usr/bin/python3 -W ignore:setup.py install is deprecated -W ignore:easy_install command is deprecated setup.py egg_info --egg-base ../../build/spawn build --build-base /home/anto/Condivisa/ros_ws/build/spawn/build install --record /home/anto/Condivisa/ros_ws/build/spawn/install.log --single-version-externally-managed install_data
[2.229s] running egg_info
[2.267s] writing ../../build/spawn/spawn.egg-info/PKG-INFO
[2.282s] writing dependency_links to ../../build/spawn/spawn.egg-info/dependency_links.txt
[2.288s] writing entry points to ../../build/spawn/spawn.egg-info/entry_points.txt
[2.293s] writing requirements to ../../build/spawn/spawn.egg-info/requires.txt
[2.296s] writing top-level names to ../../build/spawn/spawn.egg-info/top_level.txt
[2.413s] reading manifest file '../../build/spawn/spawn.egg-info/SOURCES.txt'
[2.529s] writing manifest file '../../build/spawn/spawn.egg-info/SOURCES.txt'
[2.533s] running build
[2.534s] running build_py
[2.561s] copying spawn/__init__.py -> /home/anto/Condivisa/ros_ws/build/spawn/build/lib/spawn
[2.605s] copying spawn/turtle_spawn.py -> /home/anto/Condivisa/ros_ws/build/spawn/build/lib/spawn
[2.631s] running install
[2.633s] running install_lib
[2.759s] running install_data
[2.788s] copying resource/spawn -> /home/anto/Condivisa/ros_ws/install/spawn/share/ament_index/resource_index/packages
[2.830s] copying package.xml -> /home/anto/Condivisa/ros_ws/install/spawn/share/spawn
[2.848s] running install_egg_info
[2.883s] removing '/home/anto/Condivisa/ros_ws/install/spawn/lib/python3.10/site-packages/spawn-0.0.0-py3.10.egg-info' (and everything under it)
[2.955s] Copying ../../build/spawn/spawn.egg-info to /home/anto/Condivisa/ros_ws/install/spawn/lib/python3.10/site-packages/spawn-0.0.0-py3.10.egg-info
[3.233s] running install_scripts
[3.305s] Installing turtle_spawn script to /home/anto/Condivisa/ros_ws/install/spawn/lib/spawn
[3.320s] writing list of installed files to '/home/anto/Condivisa/ros_ws/build/spawn/install.log'
[3.339s] Invoked command in '/home/anto/Condivisa/ros_ws/src/spawn' returned '0': PYTHONPATH=/home/anto/Condivisa/ros_ws/build/spawn/prefix_override:/usr/lib/python3/dist-packages/colcon_core/task/python/colcon_distutils_commands:/home/anto/Condivisa/ros_ws/install/spawn/lib/python3.10/site-packages:${PYTHONPATH} /usr/bin/python3 -W ignore:setup.py install is deprecated -W ignore:easy_install command is deprecated setup.py egg_info --egg-base ../../build/spawn build --build-base /home/anto/Condivisa/ros_ws/build/spawn/build install --record /home/anto/Condivisa/ros_ws/build/spawn/install.log --single-version-externally-managed install_data
