[0.110s] Invoking command in '/home/anto/Condivisa/ros_ws/build/assignment1_rt': CMAKE_PREFIX_PATH=${CMAKE_PREFIX_PATH}:/opt/ros/humble /usr/bin/cmake --build /home/anto/Condivisa/ros_ws/build/assignment1_rt -- -j4 -l4
[0.281s] [35m[1mConsolidate compiler generated dependencies of target distance[0m
[0.345s] [ 50%] Built target ui_node
[0.692s] [ 75%] [32mBuilding CXX object CMakeFiles/distance.dir/src/distance_node.cpp.o[0m
[2.442s] In file included from [01m[K/usr/include/c++/11/pstl/glue_algorithm_defs.h:13[m[K,
[2.443s]                  from [01m[K/usr/include/c++/11/algorithm:74[m[K,
[2.444s]                  from [01m[K/opt/ros/humble/include/rclcpp/rclcpp/executor.hpp:18[m[K,
[2.445s]                  from [01m[K/opt/ros/humble/include/rclcpp/rclcpp/executors/multi_threaded_executor.hpp:25[m[K,
[2.446s]                  from [01m[K/opt/ros/humble/include/rclcpp/rclcpp/executors.hpp:21[m[K,
[2.447s]                  from [01m[K/opt/ros/humble/include/rclcpp/rclcpp/rclcpp.hpp:155[m[K,
[2.448s]                  from [01m[K/home/anto/Condivisa/ros_ws/src/assignment1_rt/src/distance_node.cpp:1[m[K:
[2.449s] /usr/include/c++/11/functional: In instantiation of ‘[01m[Kstruct std::_Bind_check_arity<void (DistanceNode::*)(std::shared_ptr<turtlesim::msg::Pose_<std::allocator<void> > >), DistanceNode*>[m[K’:
[2.450s] [01m[K/usr/include/c++/11/functional:768:12:[m[K   required from ‘[01m[Kstruct std::_Bind_helper<false, void (DistanceNode::*)(std::shared_ptr<turtlesim::msg::Pose_<std::allocator<void> > >), DistanceNode*>[m[K’
[2.452s] [01m[K/usr/include/c++/11/functional:789:5:[m[K   required by substitution of ‘[01m[Ktemplate<class _Func, class ... _BoundArgs> typename std::_Bind_helper<std::__is_socketlike<_Func>::value, _Func, _BoundArgs ...>::type std::bind(_Func&&, _BoundArgs&& ...) [with _Func = void (DistanceNode::*)(std::shared_ptr<turtlesim::msg::Pose_<std::allocator<void> > >); _BoundArgs = {DistanceNode*}][m[K’
[2.454s] [01m[K/home/anto/Condivisa/ros_ws/src/assignment1_rt/src/distance_node.cpp:12:44:[m[K   required from here
[2.455s] [01m[K/usr/include/c++/11/functional:756:21:[m[K [01;31m[Kerror: [m[Kstatic assertion failed: Wrong number of arguments for pointer-to-member
[2.456s]   755 |       static_assert(_Varargs::[01;31m[Kvalue[m[K
[2.456s]       |                               [01;31m[K~~~~~[m[K
[2.457s]   756 | [01;31m[K                    ? sizeof...(_BoundArgs) >= _Arity::value + 1[m[K
[2.458s]       |                     [01;31m[K^~~~~~~~~~~~~~~~~~~~~~~~~~~~~~~~~~~~~~~~~~~~[m[K
[2.459s]   757 | [01;31m[K                    : sizeof...(_BoundArgs) == _Arity::value + 1[m[K,
[2.459s]       |                     [01;31m[K~~~~~~~~~~~~~~~~~~~~~~~~~~~~~~~~~~~~~~~~~~~~[m[K
[2.460s] [01m[K/usr/include/c++/11/functional:756:21:[m[K [01;36m[Knote: [m[K‘[01m[K(false ? (1 >= (((long unsigned int)std::integral_constant<long unsigned int, 1>::value) + 1)) : (1 == (((long unsigned int)std::integral_constant<long unsigned int, 1>::value) + 1)))[m[K’ evaluates to false
[2.770s] In file included from [01m[K/opt/ros/humble/include/rclcpp/rclcpp/subscription_base.hpp:32[m[K,
[2.771s]                  from [01m[K/opt/ros/humble/include/rclcpp/rclcpp/callback_group.hpp:29[m[K,
[2.771s]                  from [01m[K/opt/ros/humble/include/rclcpp/rclcpp/any_executable.hpp:20[m[K,
[2.772s]                  from [01m[K/opt/ros/humble/include/rclcpp/rclcpp/memory_strategy.hpp:25[m[K,
[2.772s]                  from [01m[K/opt/ros/humble/include/rclcpp/rclcpp/memory_strategies.hpp:18[m[K,
[2.773s]                  from [01m[K/opt/ros/humble/include/rclcpp/rclcpp/executor_options.hpp:20[m[K,
[2.774s]                  from [01m[K/opt/ros/humble/include/rclcpp/rclcpp/executor.hpp:37[m[K,
[2.774s]                  from [01m[K/opt/ros/humble/include/rclcpp/rclcpp/executors/multi_threaded_executor.hpp:25[m[K,
[2.775s]                  from [01m[K/opt/ros/humble/include/rclcpp/rclcpp/executors.hpp:21[m[K,
[2.776s]                  from [01m[K/opt/ros/humble/include/rclcpp/rclcpp/rclcpp.hpp:155[m[K,
[2.777s]                  from [01m[K/home/anto/Condivisa/ros_ws/src/assignment1_rt/src/distance_node.cpp:1[m[K:
[2.778s] /opt/ros/humble/include/rclcpp/rclcpp/any_subscription_callback.hpp: In instantiation of ‘[01m[Krclcpp::AnySubscriptionCallback<MessageT, AllocatorT> rclcpp::AnySubscriptionCallback<MessageT, AllocatorT>::set(CallbackT) [with CallbackT = std::_Bind<void (DistanceNode::*(DistanceNode*))(std::shared_ptr<turtlesim::msg::Pose_<std::allocator<void> > >)>; MessageT = turtlesim::msg::Pose_<std::allocator<void> >; AllocatorT = std::allocator<void>][m[K’:
[2.779s] [01m[K/opt/ros/humble/include/rclcpp/rclcpp/subscription_factory.hpp:94:32:[m[K   required from ‘[01m[Krclcpp::SubscriptionFactory rclcpp::create_subscription_factory(CallbackT&&, const rclcpp::SubscriptionOptionsWithAllocator<AllocatorT>&, typename MessageMemoryStrategyT::SharedPtr, std::shared_ptr<rclcpp::topic_statistics::SubscriptionTopicStatistics<ROSMessageType> >) [with MessageT = turtlesim::msg::Pose_<std::allocator<void> >; CallbackT = std::_Bind<void (DistanceNode::*(DistanceNode*))(std::shared_ptr<turtlesim::msg::Pose_<std::allocator<void> > >)>; AllocatorT = std::allocator<void>; SubscriptionT = rclcpp::Subscription<turtlesim::msg::Pose_<std::allocator<void> > >; MessageMemoryStrategyT = rclcpp::message_memory_strategy::MessageMemoryStrategy<turtlesim::msg::Pose_<std::allocator<void> >, std::allocator<void> >; ROSMessageType = turtlesim::msg::Pose_<std::allocator<void> >; typename MessageMemoryStrategyT::SharedPtr = std::shared_ptr<rclcpp::message_memory_strategy::MessageMemoryStrategy<turtlesim::msg::Pose_<std::allocator<void> >, std::allocator<void> > >][m[K’
[2.779s] [01m[K/opt/ros/humble/include/rclcpp/rclcpp/create_subscription.hpp:122:63:[m[K   required from ‘[01m[Kstd::shared_ptr<ROSMessageT> rclcpp::detail::create_subscription(NodeParametersT&, NodeTopicsT&, const string&, const rclcpp::QoS&, CallbackT&&, const rclcpp::SubscriptionOptionsWithAllocator<AllocatorT>&, typename MessageMemoryStrategyT::SharedPtr) [with MessageT = turtlesim::msg::Pose_<std::allocator<void> >; CallbackT = std::_Bind<void (DistanceNode::*(DistanceNode*))(std::shared_ptr<turtlesim::msg::Pose_<std::allocator<void> > >)>; AllocatorT = std::allocator<void>; SubscriptionT = rclcpp::Subscription<turtlesim::msg::Pose_<std::allocator<void> > >; MessageMemoryStrategyT = rclcpp::message_memory_strategy::MessageMemoryStrategy<turtlesim::msg::Pose_<std::allocator<void> >, std::allocator<void> >; NodeParametersT = rclcpp::Node; NodeTopicsT = rclcpp::Node; ROSMessageType = turtlesim::msg::Pose_<std::allocator<void> >; std::string = std::__cxx11::basic_string<char>; typename MessageMemoryStrategyT::SharedPtr = std::shared_ptr<rclcpp::message_memory_strategy::MessageMemoryStrategy<turtlesim::msg::Pose_<std::allocator<void> >, std::allocator<void> > >][m[K’
[2.780s] [01m[K/opt/ros/humble/include/rclcpp/rclcpp/create_subscription.hpp:191:76:[m[K   required from ‘[01m[Kstd::shared_ptr<ROSMessageT> rclcpp::create_subscription(NodeT&, const string&, const rclcpp::QoS&, CallbackT&&, const rclcpp::SubscriptionOptionsWithAllocator<AllocatorT>&, typename MessageMemoryStrategyT::SharedPtr) [with MessageT = turtlesim::msg::Pose_<std::allocator<void> >; CallbackT = std::_Bind<void (DistanceNode::*(DistanceNode*))(std::shared_ptr<turtlesim::msg::Pose_<std::allocator<void> > >)>; AllocatorT = std::allocator<void>; SubscriptionT = rclcpp::Subscription<turtlesim::msg::Pose_<std::allocator<void> > >; MessageMemoryStrategyT = rclcpp::message_memory_strategy::MessageMemoryStrategy<turtlesim::msg::Pose_<std::allocator<void> >, std::allocator<void> >; NodeT = rclcpp::Node; std::string = std::__cxx11::basic_string<char>; typename MessageMemoryStrategyT::SharedPtr = std::shared_ptr<rclcpp::message_memory_strategy::MessageMemoryStrategy<turtlesim::msg::Pose_<std::allocator<void> >, std::allocator<void> > >][m[K’
[2.780s] [01m[K/opt/ros/humble/include/rclcpp/rclcpp/node_impl.hpp:99:47:[m[K   required from ‘[01m[Kstd::shared_ptr<ROSMessageT> rclcpp::Node::create_subscription(const string&, const rclcpp::QoS&, CallbackT&&, const rclcpp::SubscriptionOptionsWithAllocator<AllocatorT>&, typename MessageMemoryStrategyT::SharedPtr) [with MessageT = turtlesim::msg::Pose_<std::allocator<void> >; CallbackT = std::_Bind<void (DistanceNode::*(DistanceNode*))(std::shared_ptr<turtlesim::msg::Pose_<std::allocator<void> > >)>; AllocatorT = std::allocator<void>; SubscriptionT = rclcpp::Subscription<turtlesim::msg::Pose_<std::allocator<void> > >; MessageMemoryStrategyT = rclcpp::message_memory_strategy::MessageMemoryStrategy<turtlesim::msg::Pose_<std::allocator<void> >, std::allocator<void> >; std::string = std::__cxx11::basic_string<char>; typename MessageMemoryStrategyT::SharedPtr = std::shared_ptr<rclcpp::message_memory_strategy::MessageMemoryStrategy<turtlesim::msg::Pose_<std::allocator<void> >, std::allocator<void> > >][m[K’
[2.781s] [01m[K/home/anto/Condivisa/ros_ws/src/assignment1_rt/src/distance_node.cpp:12:9:[m[K   required from here
[2.782s] [01m[K/opt/ros/humble/include/rclcpp/rclcpp/any_subscription_callback.hpp:391:22:[m[K [01;31m[Kerror: [m[Kno matching function for call to ‘[01m[Kstd::function<void(std::shared_ptr<turtlesim::msg::Pose_<std::allocator<void> > >)>::function(std::_Bind<void (DistanceNode::*(DistanceNode*))(std::shared_ptr<turtlesim::msg::Pose_<std::allocator<void> > >)>&)[m[K’
[2.783s]   391 |       set_deprecated([01;31m[Kstatic_cast<typename scbth::callback_type>(callback)[m[K);
[2.784s]       |                      [01;31m[K^~~~~~~~~~~~~~~~~~~~~~~~~~~~~~~~~~~~~~~~~~~~~~~~~~~~[m[K
[2.784s] In file included from [01m[K/usr/include/c++/11/future:47[m[K,
[2.785s]                  from [01m[K/opt/ros/humble/include/rclcpp/rclcpp/executors.hpp:18[m[K,
[2.785s]                  from [01m[K/opt/ros/humble/include/rclcpp/rclcpp/rclcpp.hpp:155[m[K,
[2.786s]                  from [01m[K/home/anto/Condivisa/ros_ws/src/assignment1_rt/src/distance_node.cpp:1[m[K:
[2.787s] [01m[K/usr/include/c++/11/bits/std_function.h:435:9:[m[K [01;36m[Knote: [m[Kcandidate: ‘[01m[Ktemplate<class _Functor, class _Constraints> std::function<_Res(_ArgTypes ...)>::function(_Functor&&) [with _Functor = _Functor; _Constraints = _Constraints; _Res = void; _ArgTypes = {std::shared_ptr<turtlesim::msg::Pose_<std::allocator<void> > >}][m[K’
[2.787s]   435 |         [01;36m[Kfunction[m[K(_Functor&& __f)
[2.788s]       |         [01;36m[K^~~~~~~~[m[K
[2.788s] [01m[K/usr/include/c++/11/bits/std_function.h:435:9:[m[K [01;36m[Knote: [m[K  template argument deduction/substitution failed:
[2.789s] In file included from [01m[K/usr/include/c++/11/bits/move.h:57[m[K,
[2.789s]                  from [01m[K/usr/include/c++/11/bits/stl_pair.h:59[m[K,
[2.790s]                  from [01m[K/usr/include/c++/11/bits/stl_algobase.h:64[m[K,
[2.791s]                  from [01m[K/usr/include/c++/11/memory:63[m[K,
[2.792s]                  from [01m[K/opt/ros/humble/include/rclcpp/rclcpp/rclcpp.hpp:153[m[K,
[2.793s]                  from [01m[K/home/anto/Condivisa/ros_ws/src/assignment1_rt/src/distance_node.cpp:1[m[K:
[2.793s] /usr/include/c++/11/type_traits: In substitution of ‘[01m[Ktemplate<bool _Cond, class _Tp> using __enable_if_t = typename std::enable_if::type [with bool _Cond = false; _Tp = void][m[K’:
[2.794s] [01m[K/usr/include/c++/11/bits/std_function.h:353:8:[m[K   required by substitution of ‘[01m[Ktemplate<class _Res, class ... _ArgTypes> template<class _Cond, class _Tp> using _Requires = std::__enable_if_t<_Cond::value, _Tp> [with _Cond = std::function<void(std::shared_ptr<turtlesim::msg::Pose_<std::allocator<void> > >)>::_Callable<std::_Bind<void (DistanceNode::*(DistanceNode*))(std::shared_ptr<turtlesim::msg::Pose_<std::allocator<void> > >)>&, std::_Bind<void (DistanceNode::*(DistanceNode*))(std::shared_ptr<turtlesim::msg::Pose_<std::allocator<void> > >)>, std::__invoke_result<std::_Bind<void (DistanceNode::*(DistanceNode*))(std::shared_ptr<turtlesim::msg::Pose_<std::allocator<void> > >)>&, std::shared_ptr<turtlesim::msg::Pose_<std::allocator<void> > > > >; _Tp = void; _Res = void; _ArgTypes = {std::shared_ptr<turtlesim::msg::Pose_<std::allocator<void> > >}][m[K’
[2.795s] [01m[K/usr/include/c++/11/bits/std_function.h:434:9:[m[K   required from ‘[01m[Krclcpp::AnySubscriptionCallback<MessageT, AllocatorT> rclcpp::AnySubscriptionCallback<MessageT, AllocatorT>::set(CallbackT) [with CallbackT = std::_Bind<void (DistanceNode::*(DistanceNode*))(std::shared_ptr<turtlesim::msg::Pose_<std::allocator<void> > >)>; MessageT = turtlesim::msg::Pose_<std::allocator<void> >; AllocatorT = std::allocator<void>][m[K’
[2.796s] [01m[K/opt/ros/humble/include/rclcpp/rclcpp/subscription_factory.hpp:94:32:[m[K   required from ‘[01m[Krclcpp::SubscriptionFactory rclcpp::create_subscription_factory(CallbackT&&, const rclcpp::SubscriptionOptionsWithAllocator<AllocatorT>&, typename MessageMemoryStrategyT::SharedPtr, std::shared_ptr<rclcpp::topic_statistics::SubscriptionTopicStatistics<ROSMessageType> >) [with MessageT = turtlesim::msg::Pose_<std::allocator<void> >; CallbackT = std::_Bind<void (DistanceNode::*(DistanceNode*))(std::shared_ptr<turtlesim::msg::Pose_<std::allocator<void> > >)>; AllocatorT = std::allocator<void>; SubscriptionT = rclcpp::Subscription<turtlesim::msg::Pose_<std::allocator<void> > >; MessageMemoryStrategyT = rclcpp::message_memory_strategy::MessageMemoryStrategy<turtlesim::msg::Pose_<std::allocator<void> >, std::allocator<void> >; ROSMessageType = turtlesim::msg::Pose_<std::allocator<void> >; typename MessageMemoryStrategyT::SharedPtr = std::shared_ptr<rclcpp::message_memory_strategy::MessageMemoryStrategy<turtlesim::msg::Pose_<std::allocator<void> >, std::allocator<void> > >][m[K’
[2.796s] [01m[K/opt/ros/humble/include/rclcpp/rclcpp/create_subscription.hpp:122:63:[m[K   required from ‘[01m[Kstd::shared_ptr<ROSMessageT> rclcpp::detail::create_subscription(NodeParametersT&, NodeTopicsT&, const string&, const rclcpp::QoS&, CallbackT&&, const rclcpp::SubscriptionOptionsWithAllocator<AllocatorT>&, typename MessageMemoryStrategyT::SharedPtr) [with MessageT = turtlesim::msg::Pose_<std::allocator<void> >; CallbackT = std::_Bind<void (DistanceNode::*(DistanceNode*))(std::shared_ptr<turtlesim::msg::Pose_<std::allocator<void> > >)>; AllocatorT = std::allocator<void>; SubscriptionT = rclcpp::Subscription<turtlesim::msg::Pose_<std::allocator<void> > >; MessageMemoryStrategyT = rclcpp::message_memory_strategy::MessageMemoryStrategy<turtlesim::msg::Pose_<std::allocator<void> >, std::allocator<void> >; NodeParametersT = rclcpp::Node; NodeTopicsT = rclcpp::Node; ROSMessageType = turtlesim::msg::Pose_<std::allocator<void> >; std::string = std::__cxx11::basic_string<char>; typename MessageMemoryStrategyT::SharedPtr = std::shared_ptr<rclcpp::message_memory_strategy::MessageMemoryStrategy<turtlesim::msg::Pose_<std::allocator<void> >, std::allocator<void> > >][m[K’
[2.797s] [01m[K/opt/ros/humble/include/rclcpp/rclcpp/create_subscription.hpp:191:76:[m[K   required from ‘[01m[Kstd::shared_ptr<ROSMessageT> rclcpp::create_subscription(NodeT&, const string&, const rclcpp::QoS&, CallbackT&&, const rclcpp::SubscriptionOptionsWithAllocator<AllocatorT>&, typename MessageMemoryStrategyT::SharedPtr) [with MessageT = turtlesim::msg::Pose_<std::allocator<void> >; CallbackT = std::_Bind<void (DistanceNode::*(DistanceNode*))(std::shared_ptr<turtlesim::msg::Pose_<std::allocator<void> > >)>; AllocatorT = std::allocator<void>; SubscriptionT = rclcpp::Subscription<turtlesim::msg::Pose_<std::allocator<void> > >; MessageMemoryStrategyT = rclcpp::message_memory_strategy::MessageMemoryStrategy<turtlesim::msg::Pose_<std::allocator<void> >, std::allocator<void> >; NodeT = rclcpp::Node; std::string = std::__cxx11::basic_string<char>; typename MessageMemoryStrategyT::SharedPtr = std::shared_ptr<rclcpp::message_memory_strategy::MessageMemoryStrategy<turtlesim::msg::Pose_<std::allocator<void> >, std::allocator<void> > >][m[K’
[2.797s] [01m[K/opt/ros/humble/include/rclcpp/rclcpp/node_impl.hpp:99:47:[m[K   required from ‘[01m[Kstd::shared_ptr<ROSMessageT> rclcpp::Node::create_subscription(const string&, const rclcpp::QoS&, CallbackT&&, const rclcpp::SubscriptionOptionsWithAllocator<AllocatorT>&, typename MessageMemoryStrategyT::SharedPtr) [with MessageT = turtlesim::msg::Pose_<std::allocator<void> >; CallbackT = std::_Bind<void (DistanceNode::*(DistanceNode*))(std::shared_ptr<turtlesim::msg::Pose_<std::allocator<void> > >)>; AllocatorT = std::allocator<void>; SubscriptionT = rclcpp::Subscription<turtlesim::msg::Pose_<std::allocator<void> > >; MessageMemoryStrategyT = rclcpp::message_memory_strategy::MessageMemoryStrategy<turtlesim::msg::Pose_<std::allocator<void> >, std::allocator<void> >; std::string = std::__cxx11::basic_string<char>; typename MessageMemoryStrategyT::SharedPtr = std::shared_ptr<rclcpp::message_memory_strategy::MessageMemoryStrategy<turtlesim::msg::Pose_<std::allocator<void> >, std::allocator<void> > >][m[K’
[2.798s] [01m[K/home/anto/Condivisa/ros_ws/src/assignment1_rt/src/distance_node.cpp:12:9:[m[K   required from here
[2.799s] [01m[K/usr/include/c++/11/type_traits:2205:11:[m[K [01;31m[Kerror: [m[Kno type named ‘[01m[Ktype[m[K’ in ‘[01m[Kstruct std::enable_if<false, void>[m[K’
[2.800s]  2205 |     using [01;31m[K__enable_if_t[m[K = typename enable_if<_Cond, _Tp>::type;
[2.800s]       |           [01;31m[K^~~~~~~~~~~~~[m[K
[2.800s] In file included from [01m[K/usr/include/c++/11/future:47[m[K,
[2.801s]                  from [01m[K/opt/ros/humble/include/rclcpp/rclcpp/executors.hpp:18[m[K,
[2.802s]                  from [01m[K/opt/ros/humble/include/rclcpp/rclcpp/rclcpp.hpp:155[m[K,
[2.803s]                  from [01m[K/home/anto/Condivisa/ros_ws/src/assignment1_rt/src/distance_node.cpp:1[m[K:
[2.803s] /opt/ros/humble/include/rclcpp/rclcpp/any_subscription_callback.hpp: In instantiation of ‘[01m[Krclcpp::AnySubscriptionCallback<MessageT, AllocatorT> rclcpp::AnySubscriptionCallback<MessageT, AllocatorT>::set(CallbackT) [with CallbackT = std::_Bind<void (DistanceNode::*(DistanceNode*))(std::shared_ptr<turtlesim::msg::Pose_<std::allocator<void> > >)>; MessageT = turtlesim::msg::Pose_<std::allocator<void> >; AllocatorT = std::allocator<void>][m[K’:
[2.804s] [01m[K/opt/ros/humble/include/rclcpp/rclcpp/subscription_factory.hpp:94:32:[m[K   required from ‘[01m[Krclcpp::SubscriptionFactory rclcpp::create_subscription_factory(CallbackT&&, const rclcpp::SubscriptionOptionsWithAllocator<AllocatorT>&, typename MessageMemoryStrategyT::SharedPtr, std::shared_ptr<rclcpp::topic_statistics::SubscriptionTopicStatistics<ROSMessageType> >) [with MessageT = turtlesim::msg::Pose_<std::allocator<void> >; CallbackT = std::_Bind<void (DistanceNode::*(DistanceNode*))(std::shared_ptr<turtlesim::msg::Pose_<std::allocator<void> > >)>; AllocatorT = std::allocator<void>; SubscriptionT = rclcpp::Subscription<turtlesim::msg::Pose_<std::allocator<void> > >; MessageMemoryStrategyT = rclcpp::message_memory_strategy::MessageMemoryStrategy<turtlesim::msg::Pose_<std::allocator<void> >, std::allocator<void> >; ROSMessageType = turtlesim::msg::Pose_<std::allocator<void> >; typename MessageMemoryStrategyT::SharedPtr = std::shared_ptr<rclcpp::message_memory_strategy::MessageMemoryStrategy<turtlesim::msg::Pose_<std::allocator<void> >, std::allocator<void> > >][m[K’
[2.805s] [01m[K/opt/ros/humble/include/rclcpp/rclcpp/create_subscription.hpp:122:63:[m[K   required from ‘[01m[Kstd::shared_ptr<ROSMessageT> rclcpp::detail::create_subscription(NodeParametersT&, NodeTopicsT&, const string&, const rclcpp::QoS&, CallbackT&&, const rclcpp::SubscriptionOptionsWithAllocator<AllocatorT>&, typename MessageMemoryStrategyT::SharedPtr) [with MessageT = turtlesim::msg::Pose_<std::allocator<void> >; CallbackT = std::_Bind<void (DistanceNode::*(DistanceNode*))(std::shared_ptr<turtlesim::msg::Pose_<std::allocator<void> > >)>; AllocatorT = std::allocator<void>; SubscriptionT = rclcpp::Subscription<turtlesim::msg::Pose_<std::allocator<void> > >; MessageMemoryStrategyT = rclcpp::message_memory_strategy::MessageMemoryStrategy<turtlesim::msg::Pose_<std::allocator<void> >, std::allocator<void> >; NodeParametersT = rclcpp::Node; NodeTopicsT = rclcpp::Node; ROSMessageType = turtlesim::msg::Pose_<std::allocator<void> >; std::string = std::__cxx11::basic_string<char>; typename MessageMemoryStrategyT::SharedPtr = std::shared_ptr<rclcpp::message_memory_strategy::MessageMemoryStrategy<turtlesim::msg::Pose_<std::allocator<void> >, std::allocator<void> > >][m[K’
[2.805s] [01m[K/opt/ros/humble/include/rclcpp/rclcpp/create_subscription.hpp:191:76:[m[K   required from ‘[01m[Kstd::shared_ptr<ROSMessageT> rclcpp::create_subscription(NodeT&, const string&, const rclcpp::QoS&, CallbackT&&, const rclcpp::SubscriptionOptionsWithAllocator<AllocatorT>&, typename MessageMemoryStrategyT::SharedPtr) [with MessageT = turtlesim::msg::Pose_<std::allocator<void> >; CallbackT = std::_Bind<void (DistanceNode::*(DistanceNode*))(std::shared_ptr<turtlesim::msg::Pose_<std::allocator<void> > >)>; AllocatorT = std::allocator<void>; SubscriptionT = rclcpp::Subscription<turtlesim::msg::Pose_<std::allocator<void> > >; MessageMemoryStrategyT = rclcpp::message_memory_strategy::MessageMemoryStrategy<turtlesim::msg::Pose_<std::allocator<void> >, std::allocator<void> >; NodeT = rclcpp::Node; std::string = std::__cxx11::basic_string<char>; typename MessageMemoryStrategyT::SharedPtr = std::shared_ptr<rclcpp::message_memory_strategy::MessageMemoryStrategy<turtlesim::msg::Pose_<std::allocator<void> >, std::allocator<void> > >][m[K’
[2.806s] [01m[K/opt/ros/humble/include/rclcpp/rclcpp/node_impl.hpp:99:47:[m[K   required from ‘[01m[Kstd::shared_ptr<ROSMessageT> rclcpp::Node::create_subscription(const string&, const rclcpp::QoS&, CallbackT&&, const rclcpp::SubscriptionOptionsWithAllocator<AllocatorT>&, typename MessageMemoryStrategyT::SharedPtr) [with MessageT = turtlesim::msg::Pose_<std::allocator<void> >; CallbackT = std::_Bind<void (DistanceNode::*(DistanceNode*))(std::shared_ptr<turtlesim::msg::Pose_<std::allocator<void> > >)>; AllocatorT = std::allocator<void>; SubscriptionT = rclcpp::Subscription<turtlesim::msg::Pose_<std::allocator<void> > >; MessageMemoryStrategyT = rclcpp::message_memory_strategy::MessageMemoryStrategy<turtlesim::msg::Pose_<std::allocator<void> >, std::allocator<void> >; std::string = std::__cxx11::basic_string<char>; typename MessageMemoryStrategyT::SharedPtr = std::shared_ptr<rclcpp::message_memory_strategy::MessageMemoryStrategy<turtlesim::msg::Pose_<std::allocator<void> >, std::allocator<void> > >][m[K’
[2.807s] [01m[K/home/anto/Condivisa/ros_ws/src/assignment1_rt/src/distance_node.cpp:12:9:[m[K   required from here
[2.808s] [01m[K/usr/include/c++/11/bits/std_function.h:404:7:[m[K [01;36m[Knote: [m[Kcandidate: ‘[01m[Kstd::function<_Res(_ArgTypes ...)>::function(std::function<_Res(_ArgTypes ...)>&&) [with _Res = void; _ArgTypes = {std::shared_ptr<turtlesim::msg::Pose_<std::allocator<void> > >}][m[K’
[2.808s]   404 |       [01;36m[Kfunction[m[K(function&& __x) noexcept
[2.808s]       |       [01;36m[K^~~~~~~~[m[K
[2.809s] [01m[K/usr/include/c++/11/bits/std_function.h:404:27:[m[K [01;36m[Knote: [m[K  no known conversion for argument 1 from ‘[01m[Kstd::_Bind<void (DistanceNode::*(DistanceNode*))(std::shared_ptr<turtlesim::msg::Pose_<std::allocator<void> > >)>[m[K’ to ‘[01m[Kstd::function<void(std::shared_ptr<turtlesim::msg::Pose_<std::allocator<void> > >)>&&[m[K’
[2.810s]   404 |       function([01;36m[Kfunction&& __x[m[K) noexcept
[2.810s]       |                [01;36m[K~~~~~~~~~~~^~~[m[K
[2.811s] [01m[K/usr/include/c++/11/bits/std_function.h:386:7:[m[K [01;36m[Knote: [m[Kcandidate: ‘[01m[Kstd::function<_Res(_ArgTypes ...)>::function(const std::function<_Res(_ArgTypes ...)>&) [with _Res = void; _ArgTypes = {std::shared_ptr<turtlesim::msg::Pose_<std::allocator<void> > >}][m[K’
[2.812s]   386 |       [01;36m[Kfunction[m[K(const function& __x)
[2.813s]       |       [01;36m[K^~~~~~~~[m[K
[2.813s] [01m[K/usr/include/c++/11/bits/std_function.h:386:32:[m[K [01;36m[Knote: [m[K  no known conversion for argument 1 from ‘[01m[Kstd::_Bind<void (DistanceNode::*(DistanceNode*))(std::shared_ptr<turtlesim::msg::Pose_<std::allocator<void> > >)>[m[K’ to ‘[01m[Kconst std::function<void(std::shared_ptr<turtlesim::msg::Pose_<std::allocator<void> > >)>&[m[K’
[2.814s]   386 |       function([01;36m[Kconst function& __x[m[K)
[2.815s]       |                [01;36m[K~~~~~~~~~~~~~~~~^~~[m[K
[2.816s] [01m[K/usr/include/c++/11/bits/std_function.h:375:7:[m[K [01;36m[Knote: [m[Kcandidate: ‘[01m[Kstd::function<_Res(_ArgTypes ...)>::function(std::nullptr_t) [with _Res = void; _ArgTypes = {std::shared_ptr<turtlesim::msg::Pose_<std::allocator<void> > >}; std::nullptr_t = std::nullptr_t][m[K’
[2.816s]   375 |       [01;36m[Kfunction[m[K(nullptr_t) noexcept
[2.817s]       |       [01;36m[K^~~~~~~~[m[K
[2.818s] [01m[K/usr/include/c++/11/bits/std_function.h:375:16:[m[K [01;36m[Knote: [m[K  no known conversion for argument 1 from ‘[01m[Kstd::_Bind<void (DistanceNode::*(DistanceNode*))(std::shared_ptr<turtlesim::msg::Pose_<std::allocator<void> > >)>[m[K’ to ‘[01m[Kstd::nullptr_t[m[K’
[2.819s]   375 |       function([01;36m[Knullptr_t[m[K) noexcept
[2.819s]       |                [01;36m[K^~~~~~~~~[m[K
[2.820s] [01m[K/usr/include/c++/11/bits/std_function.h:368:7:[m[K [01;36m[Knote: [m[Kcandidate: ‘[01m[Kstd::function<_Res(_ArgTypes ...)>::function() [with _Res = void; _ArgTypes = {std::shared_ptr<turtlesim::msg::Pose_<std::allocator<void> > >}][m[K’
[2.820s]   368 |       [01;36m[Kfunction[m[K() noexcept
[2.821s]       |       [01;36m[K^~~~~~~~[m[K
[2.822s] [01m[K/usr/include/c++/11/bits/std_function.h:368:7:[m[K [01;36m[Knote: [m[K  candidate expects 0 arguments, 1 provided
[3.864s] gmake[2]: *** [CMakeFiles/distance.dir/build.make:76: CMakeFiles/distance.dir/src/distance_node.cpp.o] Error 1
[3.866s] gmake[1]: *** [CMakeFiles/Makefile2:165: CMakeFiles/distance.dir/all] Error 2
[3.867s] gmake: *** [Makefile:146: all] Error 2
