[0.125s] Invoking command in '/home/anto/Condivisa/ros_ws/build/assignment1_rt': CMAKE_PREFIX_PATH=${CMAKE_PREFIX_PATH}:/home/anto/Condivisa/ros_ws/install/spawn:/opt/ros/humble /usr/bin/cmake --build /home/anto/Condivisa/ros_ws/build/assignment1_rt -- -j4 -l4
[0.286s] [35m[1mConsolidate compiler generated dependencies of target input_vel[0m
[0.617s] [ 50%] [32mBuilding CXX object CMakeFiles/input_vel.dir/src/input_vel.cpp.o[0m
[1.966s] [01m[K/home/anto/Condivisa/ros_ws/src/assignment1_rt/src/input_vel.cpp:17:28:[m[K [01;31m[Kerror: [m[K‘[01m[Kmsg[m[K’ is not a member of ‘[01m[Kstd[m[K’
[1.966s]    17 |     rclcpp::Publisher<std::[01;31m[Kmsg[m[K::Twist>::SharedPtr publisher_;
[1.967s]       |                            [01;31m[K^~~[m[K
[1.968s] [01m[K/home/anto/Condivisa/ros_ws/src/assignment1_rt/src/input_vel.cpp:17:28:[m[K [01;36m[Knote: [m[Ksuggested alternatives:
[1.969s] In file included from [01m[K/opt/ros/humble/include/builtin_interfaces/builtin_interfaces/msg/duration.hpp:7[m[K,
[1.969s]                  from [01m[K/opt/ros/humble/include/rclcpp/rclcpp/duration.hpp:20[m[K,
[1.970s]                  from [01m[K/opt/ros/humble/include/rclcpp/rclcpp/qos.hpp:20[m[K,
[1.970s]                  from [01m[K/opt/ros/humble/include/rclcpp/rclcpp/node_interfaces/node_graph_interface.hpp:32[m[K,
[1.971s]                  from [01m[K/opt/ros/humble/include/rclcpp/rclcpp/client.hpp:42[m[K,
[1.971s]                  from [01m[K/opt/ros/humble/include/rclcpp/rclcpp/callback_group.hpp:24[m[K,
[1.972s]                  from [01m[K/opt/ros/humble/include/rclcpp/rclcpp/any_executable.hpp:20[m[K,
[1.973s]                  from [01m[K/opt/ros/humble/include/rclcpp/rclcpp/memory_strategy.hpp:25[m[K,
[1.973s]                  from [01m[K/opt/ros/humble/include/rclcpp/rclcpp/memory_strategies.hpp:18[m[K,
[1.974s]                  from [01m[K/opt/ros/humble/include/rclcpp/rclcpp/executor_options.hpp:20[m[K,
[1.974s]                  from [01m[K/opt/ros/humble/include/rclcpp/rclcpp/executor.hpp:37[m[K,
[1.975s]                  from [01m[K/opt/ros/humble/include/rclcpp/rclcpp/executors/multi_threaded_executor.hpp:25[m[K,
[1.975s]                  from [01m[K/opt/ros/humble/include/rclcpp/rclcpp/executors.hpp:21[m[K,
[1.976s]                  from [01m[K/opt/ros/humble/include/rclcpp/rclcpp/rclcpp.hpp:155[m[K,
[1.977s]                  from [01m[K/home/anto/Condivisa/ros_ws/src/assignment1_rt/src/input_vel.cpp:1[m[K:
[1.978s] [01m[K/opt/ros/humble/include/builtin_interfaces/builtin_interfaces/msg/detail/duration__struct.hpp:27:11:[m[K [01;36m[Knote: [m[K  ‘[01m[Kbuiltin_interfaces::msg[m[K’
[1.978s]    27 | namespace [01;36m[Kmsg[m[K
[1.979s]       |           [01;36m[K^~~[m[K
[1.980s] In file included from [01m[K/opt/ros/humble/include/rcl_interfaces/rcl_interfaces/msg/set_parameters_result.hpp:7[m[K,
[1.981s]                  from [01m[K/opt/ros/humble/include/rclcpp/rclcpp/qos_overriding_options.hpp:28[m[K,
[1.981s]                  from [01m[K/opt/ros/humble/include/rclcpp/rclcpp/subscription_options.hpp:30[m[K,
[1.982s]                  from [01m[K/opt/ros/humble/include/rclcpp/rclcpp/subscription.hpp:45[m[K,
[1.982s]                  from [01m[K/opt/ros/humble/include/rclcpp/rclcpp/any_executable.hpp:25[m[K,
[1.982s]                  from [01m[K/opt/ros/humble/include/rclcpp/rclcpp/memory_strategy.hpp:25[m[K,
[1.983s]                  from [01m[K/opt/ros/humble/include/rclcpp/rclcpp/memory_strategies.hpp:18[m[K,
[1.984s]                  from [01m[K/opt/ros/humble/include/rclcpp/rclcpp/executor_options.hpp:20[m[K,
[1.985s]                  from [01m[K/opt/ros/humble/include/rclcpp/rclcpp/executor.hpp:37[m[K,
[1.985s]                  from [01m[K/opt/ros/humble/include/rclcpp/rclcpp/executors/multi_threaded_executor.hpp:25[m[K,
[1.986s]                  from [01m[K/opt/ros/humble/include/rclcpp/rclcpp/executors.hpp:21[m[K,
[1.986s]                  from [01m[K/opt/ros/humble/include/rclcpp/rclcpp/rclcpp.hpp:155[m[K,
[1.987s]                  from [01m[K/home/anto/Condivisa/ros_ws/src/assignment1_rt/src/input_vel.cpp:1[m[K:
[1.988s] [01m[K/opt/ros/humble/include/rcl_interfaces/rcl_interfaces/msg/detail/set_parameters_result__struct.hpp:27:11:[m[K [01;36m[Knote: [m[K  ‘[01m[Krcl_interfaces::msg[m[K’
[1.989s]    27 | namespace [01;36m[Kmsg[m[K
[1.990s]       |           [01;36m[K^~~[m[K
[1.990s] In file included from [01m[K/opt/ros/humble/include/statistics_msgs/statistics_msgs/msg/detail/metrics_message__struct.hpp:23[m[K,
[1.990s]                  from [01m[K/opt/ros/humble/include/statistics_msgs/statistics_msgs/msg/metrics_message.hpp:7[m[K,
[1.991s]                  from [01m[K/opt/ros/humble/include/libstatistics_collector/libstatistics_collector/collector/generate_statistics_message.hpp:21[m[K,
[1.992s]                  from [01m[K/opt/ros/humble/include/rclcpp/rclcpp/topic_statistics/subscription_topic_statistics.hpp:23[m[K,
[1.993s]                  from [01m[K/opt/ros/humble/include/rclcpp/rclcpp/subscription.hpp:50[m[K,
[1.993s]                  from [01m[K/opt/ros/humble/include/rclcpp/rclcpp/any_executable.hpp:25[m[K,
[1.994s]                  from [01m[K/opt/ros/humble/include/rclcpp/rclcpp/memory_strategy.hpp:25[m[K,
[1.994s]                  from [01m[K/opt/ros/humble/include/rclcpp/rclcpp/memory_strategies.hpp:18[m[K,
[1.995s]                  from [01m[K/opt/ros/humble/include/rclcpp/rclcpp/executor_options.hpp:20[m[K,
[1.995s]                  from [01m[K/opt/ros/humble/include/rclcpp/rclcpp/executor.hpp:37[m[K,
[1.996s]                  from [01m[K/opt/ros/humble/include/rclcpp/rclcpp/executors/multi_threaded_executor.hpp:25[m[K,
[1.997s]                  from [01m[K/opt/ros/humble/include/rclcpp/rclcpp/executors.hpp:21[m[K,
[1.997s]                  from [01m[K/opt/ros/humble/include/rclcpp/rclcpp/rclcpp.hpp:155[m[K,
[1.998s]                  from [01m[K/home/anto/Condivisa/ros_ws/src/assignment1_rt/src/input_vel.cpp:1[m[K:
[1.998s] [01m[K/opt/ros/humble/include/statistics_msgs/statistics_msgs/msg/detail/statistic_data_point__struct.hpp:27:11:[m[K [01;36m[Knote: [m[K  ‘[01m[Kstatistics_msgs::msg[m[K’
[1.999s]    27 | namespace [01;36m[Kmsg[m[K
[2.000s]       |           [01;36m[K^~~[m[K
[2.000s] In file included from [01m[K/opt/ros/humble/include/std_msgs/std_msgs/msg/string.hpp:7[m[K,
[2.001s]                  from [01m[K/home/anto/Condivisa/ros_ws/src/assignment1_rt/src/input_vel.cpp:5[m[K:
[2.001s] [01m[K/opt/ros/humble/include/std_msgs/std_msgs/msg/detail/string__struct.hpp:27:11:[m[K [01;36m[Knote: [m[K  ‘[01m[Kstd_msgs::msg[m[K’
[2.002s]    27 | namespace [01;36m[Kmsg[m[K
[2.002s]       |           [01;36m[K^~~[m[K
[2.003s] In file included from [01m[K/opt/ros/humble/include/geometry_msgs/geometry_msgs/msg/detail/twist__struct.hpp:21[m[K,
[2.004s]                  from [01m[K/opt/ros/humble/include/geometry_msgs/geometry_msgs/msg/twist.hpp:7[m[K,
[2.004s]                  from [01m[K/home/anto/Condivisa/ros_ws/src/assignment1_rt/src/input_vel.cpp:6[m[K:
[2.005s] [01m[K/opt/ros/humble/include/geometry_msgs/geometry_msgs/msg/detail/vector3__struct.hpp:27:11:[m[K [01;36m[Knote: [m[K  ‘[01m[Kgeometry_msgs::msg[m[K’
[2.005s]    27 | namespace [01;36m[Kmsg[m[K
[2.006s]       |           [01;36m[K^~~[m[K
[2.006s] [01m[K/home/anto/Condivisa/ros_ws/src/assignment1_rt/src/input_vel.cpp:17:38:[m[K [01;31m[Kerror: [m[Ktemplate argument 1 is invalid
[2.007s]    17 |     rclcpp::Publisher<std::msg::Twist[01;31m[K>[m[K::SharedPtr publisher_;
[2.008s]       |                                      [01;31m[K^[m[K
[2.009s] [01m[K/home/anto/Condivisa/ros_ws/src/assignment1_rt/src/input_vel.cpp:17:41:[m[K [01;31m[Kerror: [m[Kexpected ‘[01m[K;[m[K’ at end of member declaration
[2.009s]    17 |     rclcpp::Publisher<std::msg::Twist>::[01;31m[KSharedPtr[m[K publisher_;
[2.010s]       |                                         [01;31m[K^~~~~~~~~[m[K
[2.010s]       |                                                  [32m[K;[m[K
[2.010s] [01m[K/home/anto/Condivisa/ros_ws/src/assignment1_rt/src/input_vel.cpp:17:51:[m[K [01;31m[Kerror: [m[K‘[01m[Kpublisher_[m[K’ does not name a type; did you mean ‘[01m[Krmw_publisher_t[m[K’?
[2.011s]    17 |     rclcpp::Publisher<std::msg::Twist>::SharedPtr [01;31m[Kpublisher_[m[K;
[2.012s]       |                                                   [01;31m[K^~~~~~~~~~[m[K
[2.013s]       |                                                   [32m[Krmw_publisher_t[m[K
[2.013s] [01m[K/home/anto/Condivisa/ros_ws/src/assignment1_rt/src/input_vel.cpp:[m[K In constructor ‘[01m[KVelocityInputNode::VelocityInputNode()[m[K’:
[2.014s] [01m[K/home/anto/Condivisa/ros_ws/src/assignment1_rt/src/input_vel.cpp:14:9:[m[K [01;31m[Kerror: [m[K‘[01m[Kpublisher_[m[K’ was not declared in this scope; did you mean ‘[01m[Krmw_publisher_t[m[K’?
[2.014s]    14 |         [01;31m[Kpublisher_[m[K = this->create_publisher<std_msgs::msg::Twist>("turtle1/cmd_vel", 10);
[2.015s]       |         [01;31m[K^~~~~~~~~~[m[K
[2.015s]       |         [32m[Krmw_publisher_t[m[K
[2.016s] [01m[K/home/anto/Condivisa/ros_ws/src/assignment1_rt/src/input_vel.cpp:14:60:[m[K [01;31m[Kerror: [m[K‘[01m[KTwist[m[K’ is not a member of ‘[01m[Kstd_msgs::msg[m[K’; did you mean ‘[01m[Kgeometry_msgs::msg::Twist[m[K’?
[2.017s]    14 |        publisher_ = this->create_publisher<std_msgs::msg::[01;31m[KTwist[m[K>("turtle1/cmd_vel", 10);
[2.017s]       |                                                           [01;31m[K^~~~~[m[K
[2.018s] 
[2.018s] In file included from [01m[K/opt/ros/humble/include/geometry_msgs/geometry_msgs/msg/twist.hpp:7[m[K,
[2.019s]                  from [01m[K/home/anto/Condivisa/ros_ws/src/assignment1_rt/src/input_vel.cpp:6[m[K:
[2.020s] [01m[K/opt/ros/humble/include/geometry_msgs/geometry_msgs/msg/detail/twist__struct.hpp:134:7:[m[K [01;36m[Knote: [m[K‘[01m[Kgeometry_msgs::msg::Twist[m[K’ declared here
[2.020s]   134 | using [01;36m[KTwist[m[K =
[2.021s]       |       [01;36m[K^~~~~[m[K
[2.021s] [01m[K/home/anto/Condivisa/ros_ws/src/assignment1_rt/src/input_vel.cpp:14:66:[m[K [01;31m[Kerror: [m[Kno matching function for call to ‘[01m[KVelocityInputNode::create_publisher<<expression error> >(const char [16], int)[m[K’
[2.022s]    14 |  publisher_ = [01;31m[Kthis->create_publisher<std_msgs::msg::Twist>("turtle1/cmd_vel", 10)[m[K;
[2.022s]       |               [01;31m[K~~~~~~~~~~~~~~~~~~~~~~~~~~~~~~~~~~~~~~~~~~~~^~~~~~~~~~~~~~~~~~~~~~~[m[K
[2.023s] 
[2.024s] In file included from [01m[K/opt/ros/humble/include/rclcpp/rclcpp/executors/single_threaded_executor.hpp:28[m[K,
[2.025s]                  from [01m[K/opt/ros/humble/include/rclcpp/rclcpp/executors.hpp:22[m[K,
[2.025s]                  from [01m[K/opt/ros/humble/include/rclcpp/rclcpp/rclcpp.hpp:155[m[K,
[2.026s]                  from [01m[K/home/anto/Condivisa/ros_ws/src/assignment1_rt/src/input_vel.cpp:1[m[K:
[2.026s] [01m[K/opt/ros/humble/include/rclcpp/rclcpp/node.hpp:195:3:[m[K [01;36m[Knote: [m[Kcandidate: ‘[01m[Ktemplate<class MessageT, class AllocatorT, class PublisherT> std::shared_ptr<PublisherT> rclcpp::Node::create_publisher(const string&, const rclcpp::QoS&, const rclcpp::PublisherOptionsWithAllocator<AllocatorT>&)[m[K’
[2.026s]   195 |   [01;36m[Kcreate_publisher[m[K(
[2.027s]       |   [01;36m[K^~~~~~~~~~~~~~~~[m[K
[2.028s] [01m[K/opt/ros/humble/include/rclcpp/rclcpp/node.hpp:195:3:[m[K [01;36m[Knote: [m[K  template argument deduction/substitution failed:
[2.029s] [01m[K/home/anto/Condivisa/ros_ws/src/assignment1_rt/src/input_vel.cpp:14:66:[m[K [01;31m[Kerror: [m[Ktemplate argument 1 is invalid
[2.029s]    14 |  publisher_ = [01;31m[Kthis->create_publisher<std_msgs::msg::Twist>("turtle1/cmd_vel", 10)[m[K;
[2.030s]       |               [01;31m[K~~~~~~~~~~~~~~~~~~~~~~~~~~~~~~~~~~~~~~~~~~~~^~~~~~~~~~~~~~~~~~~~~~~[m[K
[2.030s] 
[2.234s] gmake[2]: *** [CMakeFiles/input_vel.dir/build.make:76: CMakeFiles/input_vel.dir/src/input_vel.cpp.o] Error 1
[2.236s] gmake[1]: *** [CMakeFiles/Makefile2:137: CMakeFiles/input_vel.dir/all] Error 2
[2.237s] gmake: *** [Makefile:146: all] Error 2
[2.238s] Invoked command in '/home/anto/Condivisa/ros_ws/build/assignment1_rt' returned '2': CMAKE_PREFIX_PATH=${CMAKE_PREFIX_PATH}:/home/anto/Condivisa/ros_ws/install/spawn:/opt/ros/humble /usr/bin/cmake --build /home/anto/Condivisa/ros_ws/build/assignment1_rt -- -j4 -l4
