[01m[K/home/anto/Condivisa/ros_ws/src/assignment1_rt/src/input_vel.cpp:17:54:[m[K [01;31m[Kerror: [m[K‘[01m[KTwist[m[K’ is not a member of ‘[01m[Kstd_msgs::msg[m[K’; did you mean ‘[01m[Kgeometry_msgs::msg::Twist[m[K’?
   17 |     std::shared_ptr<rclcpp::Publisher<std_msgs::msg::[01;31m[KTwist[m[K>> publisher_;
      |                                                      [01;31m[K^~~~~[m[K
In file included from [01m[K/opt/ros/humble/include/geometry_msgs/geometry_msgs/msg/twist.hpp:7[m[K,
                 from [01m[K/home/anto/Condivisa/ros_ws/src/assignment1_rt/src/input_vel.cpp:6[m[K:
[01m[K/opt/ros/humble/include/geometry_msgs/geometry_msgs/msg/detail/twist__struct.hpp:134:7:[m[K [01;36m[Knote: [m[K‘[01m[Kgeometry_msgs::msg::Twist[m[K’ declared here
  134 | using [01;36m[KTwist[m[K =
      |       [01;36m[K^~~~~[m[K
[01m[K/home/anto/Condivisa/ros_ws/src/assignment1_rt/src/input_vel.cpp:17:54:[m[K [01;31m[Kerror: [m[Ktemplate argument 1 is invalid
   17 |     std::shared_ptr<rclcpp::Publisher<std_msgs::msg::[01;31m[KTwist[m[K>> publisher_;
      |                                                      [01;31m[K^~~~~[m[K
[01m[K/home/anto/Condivisa/ros_ws/src/assignment1_rt/src/input_vel.cpp:17:59:[m[K [01;31m[Kerror: [m[Ktemplate argument 1 is invalid
   17 |     std::shared_ptr<rclcpp::Publisher<std_msgs::msg::Twist[01;31m[K>>[m[K publisher_;
      |                                                           [01;31m[K^~[m[K
[01m[K/home/anto/Condivisa/ros_ws/src/assignment1_rt/src/input_vel.cpp:[m[K In constructor ‘[01m[KVelocityInputNode::VelocityInputNode()[m[K’:
[01m[K/home/anto/Condivisa/ros_ws/src/assignment1_rt/src/input_vel.cpp:14:61:[m[K [01;31m[Kerror: [m[K‘[01m[KTwist[m[K’ is not a member of ‘[01m[Kstd_msgs::msg[m[K’; did you mean ‘[01m[Kgeometry_msgs::msg::Twist[m[K’?
   14 |       publisher_ = this->create_publisher<<std_msgs::msg::[01;31m[KTwist[m[K>("turtle1/cmd_vel", 10);
      |                                                           [01;31m[K^~~~~[m[K

In file included from [01m[K/opt/ros/humble/include/geometry_msgs/geometry_msgs/msg/twist.hpp:7[m[K,
                 from [01m[K/home/anto/Condivisa/ros_ws/src/assignment1_rt/src/input_vel.cpp:6[m[K:
[01m[K/opt/ros/humble/include/geometry_msgs/geometry_msgs/msg/detail/twist__struct.hpp:134:7:[m[K [01;36m[Knote: [m[K‘[01m[Kgeometry_msgs::msg::Twist[m[K’ declared here
  134 | using [01;36m[KTwist[m[K =
      |       [01;36m[K^~~~~[m[K
[01m[K/home/anto/Condivisa/ros_ws/src/assignment1_rt/src/input_vel.cpp:14:68:[m[K [01;35m[Kwarning: [m[Kleft operand of comma operator has no effect [[01;35m[K]8;;https://gcc.gnu.org/onlinedocs/gcc/Warning-Options.html#index-Wunused-value-Wunused-value]8;;[m[K]
   14 | ublisher_ = this->create_publisher<<std_msgs::msg::Twist>([01;35m[K"turtle1/cmd_vel"[m[K, 10);
      |                                                           [01;35m[K^~~~~~~~~~~~~~~~~[m[K

[01m[K/home/anto/Condivisa/ros_ws/src/assignment1_rt/src/input_vel.cpp:[m[K In function ‘[01m[Kint main(int, char**)[m[K’:
[01m[K/home/anto/Condivisa/ros_ws/src/assignment1_rt/src/input_vel.cpp:25:13:[m[K [01;31m[Kerror: [m[K‘[01m[Kshut_down[m[K’ is not a member of ‘[01m[Krclcpp[m[K’; did you mean ‘[01m[Kshutdown[m[K’?
   25 |     rclcpp::[01;31m[Kshut_down[m[K;
      |             [01;31m[K^~~~~~~~~[m[K
      |             [32m[Kshutdown[m[K
gmake[2]: *** [CMakeFiles/input_vel.dir/build.make:76: CMakeFiles/input_vel.dir/src/input_vel.cpp.o] Error 1
gmake[1]: *** [CMakeFiles/Makefile2:137: CMakeFiles/input_vel.dir/all] Error 2
gmake: *** [Makefile:146: all] Error 2
