[0.134s] Invoking command in '/home/anto/Condivisa/ros_ws/build/assignment1_rt': CMAKE_PREFIX_PATH=${CMAKE_PREFIX_PATH}:/home/anto/Condivisa/ros_ws/install/spawn:/opt/ros/humble /usr/bin/cmake --build /home/anto/Condivisa/ros_ws/build/assignment1_rt -- -j4 -l4
[0.285s] -- Found ament_cmake: 1.3.12 (/opt/ros/humble/share/ament_cmake/cmake)
[1.233s] -- Found rclcpp: 16.0.15 (/opt/ros/humble/share/rclcpp/cmake)
[1.280s] -- Found rosidl_generator_c: 3.1.7 (/opt/ros/humble/share/rosidl_generator_c/cmake)
[1.282s] -- Found rosidl_adapter: 3.1.7 (/opt/ros/humble/share/rosidl_adapter/cmake)
[1.286s] -- Found rosidl_generator_cpp: 3.1.7 (/opt/ros/humble/share/rosidl_generator_cpp/cmake)
[1.301s] -- Using all available rosidl_typesupport_c: rosidl_typesupport_fastrtps_c;rosidl_typesupport_introspection_c
[1.317s] -- Using all available rosidl_typesupport_cpp: rosidl_typesupport_fastrtps_cpp;rosidl_typesupport_introspection_cpp
[1.357s] -- Found rmw_implementation_cmake: 6.1.2 (/opt/ros/humble/share/rmw_implementation_cmake/cmake)
[1.366s] -- Found rmw_fastrtps_cpp: 6.2.8 (/opt/ros/humble/share/rmw_fastrtps_cpp/cmake)
[1.911s] -- Using RMW implementation 'rmw_fastrtps_cpp' as default
[1.945s] -- Found turtlesim: 1.4.3 (/opt/ros/humble/share/turtlesim/cmake)
[1.973s] -- Found geometry_msgs: 4.9.0 (/opt/ros/humble/share/geometry_msgs/cmake)
[2.595s] -- Configuring done
[2.872s] -- Generating done
[3.044s] -- Build files have been written to: /home/anto/Condivisa/ros_ws/build/assignment1_rt
[3.152s] [ 50%] [32mBuilding CXX object CMakeFiles/input_vel.dir/src/input_vel.cpp.o[0m
[4.957s] [01m[K/home/anto/Condivisa/ros_ws/src/assignment1_rt/src/input_vel.cpp:17:54:[m[K [01;31m[Kerror: [m[K‘[01m[KTwist[m[K’ is not a member of ‘[01m[Kstd_msgs::msg[m[K’; did you mean ‘[01m[Kgeometry_msgs::msg::Twist[m[K’?
[4.957s]    17 |     std::shared_ptr<rclcpp::Publisher<std_msgs::msg::[01;31m[KTwist[m[K>> publisher_;
[4.958s]       |                                                      [01;31m[K^~~~~[m[K
[4.962s] In file included from [01m[K/opt/ros/humble/include/geometry_msgs/geometry_msgs/msg/twist.hpp:7[m[K,
[4.962s]                  from [01m[K/home/anto/Condivisa/ros_ws/src/assignment1_rt/src/input_vel.cpp:6[m[K:
[4.962s] [01m[K/opt/ros/humble/include/geometry_msgs/geometry_msgs/msg/detail/twist__struct.hpp:134:7:[m[K [01;36m[Knote: [m[K‘[01m[Kgeometry_msgs::msg::Twist[m[K’ declared here
[4.963s]   134 | using [01;36m[KTwist[m[K =
[4.964s]       |       [01;36m[K^~~~~[m[K
[4.964s] [01m[K/home/anto/Condivisa/ros_ws/src/assignment1_rt/src/input_vel.cpp:17:54:[m[K [01;31m[Kerror: [m[Ktemplate argument 1 is invalid
[4.965s]    17 |     std::shared_ptr<rclcpp::Publisher<std_msgs::msg::[01;31m[KTwist[m[K>> publisher_;
[4.966s]       |                                                      [01;31m[K^~~~~[m[K
[4.967s] [01m[K/home/anto/Condivisa/ros_ws/src/assignment1_rt/src/input_vel.cpp:17:59:[m[K [01;31m[Kerror: [m[Ktemplate argument 1 is invalid
[4.967s]    17 |     std::shared_ptr<rclcpp::Publisher<std_msgs::msg::Twist[01;31m[K>>[m[K publisher_;
[4.968s]       |                                                           [01;31m[K^~[m[K
[4.969s] [01m[K/home/anto/Condivisa/ros_ws/src/assignment1_rt/src/input_vel.cpp:[m[K In constructor ‘[01m[KVelocityInputNode::VelocityInputNode()[m[K’:
[4.971s] [01m[K/home/anto/Condivisa/ros_ws/src/assignment1_rt/src/input_vel.cpp:14:61:[m[K [01;31m[Kerror: [m[K‘[01m[KTwist[m[K’ is not a member of ‘[01m[Kstd_msgs::msg[m[K’; did you mean ‘[01m[Kgeometry_msgs::msg::Twist[m[K’?
[4.972s]    14 |       publisher_ = this->create_publisher<<std_msgs::msg::[01;31m[KTwist[m[K>("turtle1/cmd_vel", 10);
[4.972s]       |                                                           [01;31m[K^~~~~[m[K
[4.973s] 
[4.973s] In file included from [01m[K/opt/ros/humble/include/geometry_msgs/geometry_msgs/msg/twist.hpp:7[m[K,
[4.974s]                  from [01m[K/home/anto/Condivisa/ros_ws/src/assignment1_rt/src/input_vel.cpp:6[m[K:
[4.974s] [01m[K/opt/ros/humble/include/geometry_msgs/geometry_msgs/msg/detail/twist__struct.hpp:134:7:[m[K [01;36m[Knote: [m[K‘[01m[Kgeometry_msgs::msg::Twist[m[K’ declared here
[4.975s]   134 | using [01;36m[KTwist[m[K =
[4.976s]       |       [01;36m[K^~~~~[m[K
[4.976s] [01m[K/home/anto/Condivisa/ros_ws/src/assignment1_rt/src/input_vel.cpp:14:68:[m[K [01;35m[Kwarning: [m[Kleft operand of comma operator has no effect [[01;35m[K]8;;https://gcc.gnu.org/onlinedocs/gcc/Warning-Options.html#index-Wunused-value-Wunused-value]8;;[m[K]
[4.977s]    14 | ublisher_ = this->create_publisher<<std_msgs::msg::Twist>([01;35m[K"turtle1/cmd_vel"[m[K, 10);
[4.978s]       |                                                           [01;35m[K^~~~~~~~~~~~~~~~~[m[K
[4.978s] 
[4.979s] [01m[K/home/anto/Condivisa/ros_ws/src/assignment1_rt/src/input_vel.cpp:[m[K In function ‘[01m[Kint main(int, char**)[m[K’:
[4.980s] [01m[K/home/anto/Condivisa/ros_ws/src/assignment1_rt/src/input_vel.cpp:25:13:[m[K [01;31m[Kerror: [m[K‘[01m[Kshut_down[m[K’ is not a member of ‘[01m[Krclcpp[m[K’; did you mean ‘[01m[Kshutdown[m[K’?
[4.980s]    25 |     rclcpp::[01;31m[Kshut_down[m[K;
[4.981s]       |             [01;31m[K^~~~~~~~~[m[K
[4.981s]       |             [32m[Kshutdown[m[K
[5.232s] gmake[2]: *** [CMakeFiles/input_vel.dir/build.make:76: CMakeFiles/input_vel.dir/src/input_vel.cpp.o] Error 1
[5.233s] gmake[1]: *** [CMakeFiles/Makefile2:137: CMakeFiles/input_vel.dir/all] Error 2
[5.234s] gmake: *** [Makefile:146: all] Error 2
[5.236s] Invoked command in '/home/anto/Condivisa/ros_ws/build/assignment1_rt' returned '2': CMAKE_PREFIX_PATH=${CMAKE_PREFIX_PATH}:/home/anto/Condivisa/ros_ws/install/spawn:/opt/ros/humble /usr/bin/cmake --build /home/anto/Condivisa/ros_ws/build/assignment1_rt -- -j4 -l4
