[2.797s] Invoking command in '/home/anto/Condivisa/ros_ws/src/spawn': PYTHONPATH=/home/anto/Condivisa/ros_ws/build/spawn/prefix_override:/usr/lib/python3/dist-packages/colcon_core/task/python/colcon_distutils_commands:/home/anto/Condivisa/ros_ws/install/spawn/lib/python3.10/site-packages:${PYTHONPATH} /usr/bin/python3 -W ignore:setup.py install is deprecated -W ignore:easy_install command is deprecated setup.py egg_info --egg-base ../../build/spawn build --build-base /home/anto/Condivisa/ros_ws/build/spawn/build install --record /home/anto/Condivisa/ros_ws/build/spawn/install.log --single-version-externally-managed install_data
[4.020s] running egg_info
[4.053s] writing ../../build/spawn/spawn.egg-info/PKG-INFO
[4.068s] writing dependency_links to ../../build/spawn/spawn.egg-info/dependency_links.txt
[4.072s] writing entry points to ../../build/spawn/spawn.egg-info/entry_points.txt
[4.076s] writing requirements to ../../build/spawn/spawn.egg-info/requires.txt
[4.080s] writing top-level names to ../../build/spawn/spawn.egg-info/top_level.txt
[4.180s] reading manifest file '../../build/spawn/spawn.egg-info/SOURCES.txt'
[4.261s] writing manifest file '../../build/spawn/spawn.egg-info/SOURCES.txt'
[4.265s] running build
[4.266s] running build_py
[4.286s] copying spawn/__init__.py -> /home/anto/Condivisa/ros_ws/build/spawn/build/lib/spawn
[4.318s] copying spawn/turtle_spawn.py -> /home/anto/Condivisa/ros_ws/build/spawn/build/lib/spawn
[4.339s] running install
[4.343s] running install_lib
[4.509s] running install_data
[4.540s] copying resource/spawn -> /home/anto/Condivisa/ros_ws/install/spawn/share/ament_index/resource_index/packages
[4.579s] copying package.xml -> /home/anto/Condivisa/ros_ws/install/spawn/share/spawn
[4.596s] running install_egg_info
[4.640s] removing '/home/anto/Condivisa/ros_ws/install/spawn/lib/python3.10/site-packages/spawn-0.0.0-py3.10.egg-info' (and everything under it)
[4.717s] Copying ../../build/spawn/spawn.egg-info to /home/anto/Condivisa/ros_ws/install/spawn/lib/python3.10/site-packages/spawn-0.0.0-py3.10.egg-info
[4.991s] running install_scripts
[5.081s] Installing turtle_spawn script to /home/anto/Condivisa/ros_ws/install/spawn/lib/spawn
[5.102s] writing list of installed files to '/home/anto/Condivisa/ros_ws/build/spawn/install.log'
[5.122s] Invoked command in '/home/anto/Condivisa/ros_ws/src/spawn' returned '0': PYTHONPATH=/home/anto/Condivisa/ros_ws/build/spawn/prefix_override:/usr/lib/python3/dist-packages/colcon_core/task/python/colcon_distutils_commands:/home/anto/Condivisa/ros_ws/install/spawn/lib/python3.10/site-packages:${PYTHONPATH} /usr/bin/python3 -W ignore:setup.py install is deprecated -W ignore:easy_install command is deprecated setup.py egg_info --egg-base ../../build/spawn build --build-base /home/anto/Condivisa/ros_ws/build/spawn/build install --record /home/anto/Condivisa/ros_ws/build/spawn/install.log --single-version-externally-managed install_data
