[0.433s] DEBUG:colcon:Command line arguments: ['/usr/bin/colcon', 'build']
[0.433s] DEBUG:colcon:Parsed command line arguments: Namespace(log_base=None, log_level=None, verb_name='build', build_base='build', install_base='install', merge_install=False, symlink_install=False, test_result_base=None, continue_on_error=False, executor='parallel', parallel_workers=4, event_handlers=None, ignore_user_meta=False, metas=['./colcon.meta'], base_paths=['.'], packages_ignore=None, packages_ignore_regex=None, paths=None, packages_up_to=None, packages_up_to_regex=None, packages_above=None, packages_above_and_dependencies=None, packages_above_depth=None, packages_select_by_dep=None, packages_skip_by_dep=None, packages_skip_up_to=None, packages_select_build_failed=False, packages_skip_build_finished=False, packages_select_test_failures=False, packages_skip_test_passed=False, packages_select=None, packages_skip=None, packages_select_regex=None, packages_skip_regex=None, packages_start=None, packages_end=None, allow_overriding=[], cmake_args=None, cmake_target=None, cmake_target_skip_unavailable=False, cmake_clean_cache=False, cmake_clean_first=False, cmake_force_configure=False, ament_cmake_args=None, catkin_cmake_args=None, catkin_skip_building_tests=False, mixin_files=None, mixin=None, verb_parser=<colcon_mixin.mixin.mixin_argument.MixinArgumentDecorator object at 0xffffa2d48340>, verb_extension=<colcon_core.verb.build.BuildVerb object at 0xffffa2d13d30>, main=<bound method BuildVerb.main of <colcon_core.verb.build.BuildVerb object at 0xffffa2d13d30>>, mixin_verb=('build',))
[0.537s] Level 1:colcon.colcon_core.package_discovery:discover_packages(colcon_meta) check parameters
[0.537s] Level 1:colcon.colcon_core.package_discovery:discover_packages(recursive) check parameters
[0.537s] Level 1:colcon.colcon_core.package_discovery:discover_packages(ignore) check parameters
[0.537s] Level 1:colcon.colcon_core.package_discovery:discover_packages(path) check parameters
[0.538s] Level 1:colcon.colcon_core.package_discovery:discover_packages(colcon_meta) discover
[0.538s] Level 1:colcon.colcon_core.package_discovery:discover_packages(recursive) discover
[0.538s] INFO:colcon.colcon_core.package_discovery:Crawling recursively for packages in '/home/anto/Condivisa/ros_ws'
[0.543s] Level 1:colcon.colcon_core.package_identification:_identify(.) by extensions ['ignore', 'ignore_ament_install']
[0.543s] Level 1:colcon.colcon_core.package_identification:_identify(.) by extension 'ignore'
[0.543s] Level 1:colcon.colcon_core.package_identification:_identify(.) by extension 'ignore_ament_install'
[0.544s] Level 1:colcon.colcon_core.package_identification:_identify(.) by extensions ['colcon_pkg']
[0.544s] Level 1:colcon.colcon_core.package_identification:_identify(.) by extension 'colcon_pkg'
[0.544s] Level 1:colcon.colcon_core.package_identification:_identify(.) by extensions ['colcon_meta']
[0.544s] Level 1:colcon.colcon_core.package_identification:_identify(.) by extension 'colcon_meta'
[0.544s] Level 1:colcon.colcon_core.package_identification:_identify(.) by extensions ['ros']
[0.545s] Level 1:colcon.colcon_core.package_identification:_identify(.) by extension 'ros'
[0.570s] Level 1:colcon.colcon_core.package_identification:_identify(.) by extensions ['cmake', 'python']
[0.570s] Level 1:colcon.colcon_core.package_identification:_identify(.) by extension 'cmake'
[0.570s] Level 1:colcon.colcon_core.package_identification:_identify(.) by extension 'python'
[0.570s] Level 1:colcon.colcon_core.package_identification:_identify(.) by extensions ['python_setup_py']
[0.571s] Level 1:colcon.colcon_core.package_identification:_identify(.) by extension 'python_setup_py'
[0.579s] Level 1:colcon.colcon_core.package_identification:_identify(build) by extensions ['ignore', 'ignore_ament_install']
[0.579s] Level 1:colcon.colcon_core.package_identification:_identify(build) by extension 'ignore'
[0.580s] Level 1:colcon.colcon_core.package_identification:_identify(build) ignored
[0.591s] Level 1:colcon.colcon_core.package_identification:_identify(install) by extensions ['ignore', 'ignore_ament_install']
[0.591s] Level 1:colcon.colcon_core.package_identification:_identify(install) by extension 'ignore'
[0.592s] Level 1:colcon.colcon_core.package_identification:_identify(install) ignored
[0.638s] Level 1:colcon.colcon_core.package_identification:_identify(log) by extensions ['ignore', 'ignore_ament_install']
[0.638s] Level 1:colcon.colcon_core.package_identification:_identify(log) by extension 'ignore'
[0.639s] Level 1:colcon.colcon_core.package_identification:_identify(log) ignored
[0.641s] Level 1:colcon.colcon_core.package_identification:_identify(src) by extensions ['ignore', 'ignore_ament_install']
[0.641s] Level 1:colcon.colcon_core.package_identification:_identify(src) by extension 'ignore'
[0.642s] Level 1:colcon.colcon_core.package_identification:_identify(src) by extension 'ignore_ament_install'
[0.643s] Level 1:colcon.colcon_core.package_identification:_identify(src) by extensions ['colcon_pkg']
[0.644s] Level 1:colcon.colcon_core.package_identification:_identify(src) by extension 'colcon_pkg'
[0.644s] Level 1:colcon.colcon_core.package_identification:_identify(src) by extensions ['colcon_meta']
[0.644s] Level 1:colcon.colcon_core.package_identification:_identify(src) by extension 'colcon_meta'
[0.645s] Level 1:colcon.colcon_core.package_identification:_identify(src) by extensions ['ros']
[0.645s] Level 1:colcon.colcon_core.package_identification:_identify(src) by extension 'ros'
[0.648s] Level 1:colcon.colcon_core.package_identification:_identify(src) by extensions ['cmake', 'python']
[0.648s] Level 1:colcon.colcon_core.package_identification:_identify(src) by extension 'cmake'
[0.648s] Level 1:colcon.colcon_core.package_identification:_identify(src) by extension 'python'
[0.649s] Level 1:colcon.colcon_core.package_identification:_identify(src) by extensions ['python_setup_py']
[0.649s] Level 1:colcon.colcon_core.package_identification:_identify(src) by extension 'python_setup_py'
[0.656s] Level 1:colcon.colcon_core.package_identification:_identify(src/assignment1_rt) by extensions ['ignore', 'ignore_ament_install']
[0.656s] Level 1:colcon.colcon_core.package_identification:_identify(src/assignment1_rt) by extension 'ignore'
[0.657s] Level 1:colcon.colcon_core.package_identification:_identify(src/assignment1_rt) by extension 'ignore_ament_install'
[0.660s] Level 1:colcon.colcon_core.package_identification:_identify(src/assignment1_rt) by extensions ['colcon_pkg']
[0.660s] Level 1:colcon.colcon_core.package_identification:_identify(src/assignment1_rt) by extension 'colcon_pkg'
[0.661s] Level 1:colcon.colcon_core.package_identification:_identify(src/assignment1_rt) by extensions ['colcon_meta']
[0.661s] Level 1:colcon.colcon_core.package_identification:_identify(src/assignment1_rt) by extension 'colcon_meta'
[0.663s] Level 1:colcon.colcon_core.package_identification:_identify(src/assignment1_rt) by extensions ['ros']
[0.663s] Level 1:colcon.colcon_core.package_identification:_identify(src/assignment1_rt) by extension 'ros'
[0.678s] DEBUG:colcon.colcon_core.package_identification:Package 'src/assignment1_rt' with type 'ros.ament_cmake' and name 'assignment1_rt'
[0.685s] Level 1:colcon.colcon_core.package_identification:_identify(src/spawn) by extensions ['ignore', 'ignore_ament_install']
[0.685s] Level 1:colcon.colcon_core.package_identification:_identify(src/spawn) by extension 'ignore'
[0.686s] Level 1:colcon.colcon_core.package_identification:_identify(src/spawn) by extension 'ignore_ament_install'
[0.688s] Level 1:colcon.colcon_core.package_identification:_identify(src/spawn) by extensions ['colcon_pkg']
[0.688s] Level 1:colcon.colcon_core.package_identification:_identify(src/spawn) by extension 'colcon_pkg'
[0.689s] Level 1:colcon.colcon_core.package_identification:_identify(src/spawn) by extensions ['colcon_meta']
[0.689s] Level 1:colcon.colcon_core.package_identification:_identify(src/spawn) by extension 'colcon_meta'
[0.690s] Level 1:colcon.colcon_core.package_identification:_identify(src/spawn) by extensions ['ros']
[0.690s] Level 1:colcon.colcon_core.package_identification:_identify(src/spawn) by extension 'ros'
[0.703s] DEBUG:colcon.colcon_core.package_identification:Package 'src/spawn' with type 'ros.ament_python' and name 'spawn'
[0.703s] Level 1:colcon.colcon_core.package_discovery:discover_packages(recursive) using defaults
[0.703s] Level 1:colcon.colcon_core.package_discovery:discover_packages(ignore) discover
[0.703s] Level 1:colcon.colcon_core.package_discovery:discover_packages(ignore) using defaults
[0.703s] Level 1:colcon.colcon_core.package_discovery:discover_packages(path) discover
[0.703s] Level 1:colcon.colcon_core.package_discovery:discover_packages(path) using defaults
[0.799s] Level 1:colcon.colcon_core.package_discovery:discover_packages(prefix_path) check parameters
[0.799s] Level 1:colcon.colcon_core.package_discovery:discover_packages(prefix_path) discover
[0.847s] DEBUG:colcon.colcon_installed_package_information.package_discovery:Found 2 installed packages in /home/anto/Condivisa/ros_ws/install
[0.847s] DEBUG:colcon.colcon_installed_package_information.package_discovery:Found 4 installed packages in /home/anto/ros2_ws/install
[0.848s] DEBUG:colcon.colcon_installed_package_information.package_discovery:Found 274 installed packages in /opt/ros/humble
[0.849s] Level 1:colcon.colcon_core.package_discovery:discover_packages(prefix_path) using defaults
[0.894s] Level 5:colcon.colcon_core.verb:set package 'assignment1_rt' build argument 'cmake_args' from command line to 'None'
[0.894s] Level 5:colcon.colcon_core.verb:set package 'assignment1_rt' build argument 'cmake_target' from command line to 'None'
[0.894s] Level 5:colcon.colcon_core.verb:set package 'assignment1_rt' build argument 'cmake_target_skip_unavailable' from command line to 'False'
[0.895s] Level 5:colcon.colcon_core.verb:set package 'assignment1_rt' build argument 'cmake_clean_cache' from command line to 'False'
[0.895s] Level 5:colcon.colcon_core.verb:set package 'assignment1_rt' build argument 'cmake_clean_first' from command line to 'False'
[0.895s] Level 5:colcon.colcon_core.verb:set package 'assignment1_rt' build argument 'cmake_force_configure' from command line to 'False'
[0.895s] Level 5:colcon.colcon_core.verb:set package 'assignment1_rt' build argument 'ament_cmake_args' from command line to 'None'
[0.895s] Level 5:colcon.colcon_core.verb:set package 'assignment1_rt' build argument 'catkin_cmake_args' from command line to 'None'
[0.896s] Level 5:colcon.colcon_core.verb:set package 'assignment1_rt' build argument 'catkin_skip_building_tests' from command line to 'False'
[0.896s] DEBUG:colcon.colcon_core.verb:Building package 'assignment1_rt' with the following arguments: {'ament_cmake_args': None, 'build_base': '/home/anto/Condivisa/ros_ws/build/assignment1_rt', 'catkin_cmake_args': None, 'catkin_skip_building_tests': False, 'cmake_args': None, 'cmake_clean_cache': False, 'cmake_clean_first': False, 'cmake_force_configure': False, 'cmake_target': None, 'cmake_target_skip_unavailable': False, 'install_base': '/home/anto/Condivisa/ros_ws/install/assignment1_rt', 'merge_install': False, 'path': '/home/anto/Condivisa/ros_ws/src/assignment1_rt', 'symlink_install': False, 'test_result_base': None}
[0.896s] Level 5:colcon.colcon_core.verb:set package 'spawn' build argument 'cmake_args' from command line to 'None'
[0.896s] Level 5:colcon.colcon_core.verb:set package 'spawn' build argument 'cmake_target' from command line to 'None'
[0.896s] Level 5:colcon.colcon_core.verb:set package 'spawn' build argument 'cmake_target_skip_unavailable' from command line to 'False'
[0.896s] Level 5:colcon.colcon_core.verb:set package 'spawn' build argument 'cmake_clean_cache' from command line to 'False'
[0.896s] Level 5:colcon.colcon_core.verb:set package 'spawn' build argument 'cmake_clean_first' from command line to 'False'
[0.896s] Level 5:colcon.colcon_core.verb:set package 'spawn' build argument 'cmake_force_configure' from command line to 'False'
[0.897s] Level 5:colcon.colcon_core.verb:set package 'spawn' build argument 'ament_cmake_args' from command line to 'None'
[0.897s] Level 5:colcon.colcon_core.verb:set package 'spawn' build argument 'catkin_cmake_args' from command line to 'None'
[0.897s] Level 5:colcon.colcon_core.verb:set package 'spawn' build argument 'catkin_skip_building_tests' from command line to 'False'
[0.897s] DEBUG:colcon.colcon_core.verb:Building package 'spawn' with the following arguments: {'ament_cmake_args': None, 'build_base': '/home/anto/Condivisa/ros_ws/build/spawn', 'catkin_cmake_args': None, 'catkin_skip_building_tests': False, 'cmake_args': None, 'cmake_clean_cache': False, 'cmake_clean_first': False, 'cmake_force_configure': False, 'cmake_target': None, 'cmake_target_skip_unavailable': False, 'install_base': '/home/anto/Condivisa/ros_ws/install/spawn', 'merge_install': False, 'path': '/home/anto/Condivisa/ros_ws/src/spawn', 'symlink_install': False, 'test_result_base': None}
[0.897s] INFO:colcon.colcon_core.executor:Executing jobs using 'parallel' executor
[0.898s] DEBUG:colcon.colcon_parallel_executor.executor.parallel:run_until_complete
[0.898s] INFO:colcon.colcon_ros.task.ament_cmake.build:Building ROS package in '/home/anto/Condivisa/ros_ws/src/assignment1_rt' with build type 'ament_cmake'
[0.898s] INFO:colcon.colcon_cmake.task.cmake.build:Building CMake package in '/home/anto/Condivisa/ros_ws/src/assignment1_rt'
[0.911s] INFO:colcon.colcon_core.plugin_system:Skipping extension 'colcon_core.shell.bat': Not used on non-Windows systems
[0.911s] INFO:colcon.colcon_core.shell:Skip shell extension 'powershell' for command environment: Not usable outside of PowerShell
[0.911s] DEBUG:colcon.colcon_core.shell:Skip shell extension 'dsv' for command environment
[0.983s] INFO:colcon.colcon_ros.task.ament_python.build:Building ROS package in '/home/anto/Condivisa/ros_ws/src/spawn' with build type 'ament_python'
[0.983s] Level 1:colcon.colcon_core.shell:create_environment_hook('spawn', 'ament_prefix_path')
[0.984s] INFO:colcon.colcon_core.shell:Creating environment hook '/home/anto/Condivisa/ros_ws/install/spawn/share/spawn/hook/ament_prefix_path.ps1'
[1.000s] INFO:colcon.colcon_core.shell:Creating environment descriptor '/home/anto/Condivisa/ros_ws/install/spawn/share/spawn/hook/ament_prefix_path.dsv'
[1.017s] INFO:colcon.colcon_core.shell:Creating environment hook '/home/anto/Condivisa/ros_ws/install/spawn/share/spawn/hook/ament_prefix_path.sh'
[1.037s] INFO:colcon.colcon_core.shell:Skip shell extension 'powershell' for command environment: Not usable outside of PowerShell
[1.037s] DEBUG:colcon.colcon_core.shell:Skip shell extension 'dsv' for command environment
[1.138s] DEBUG:colcon.colcon_core.event_handler.log_command:Invoking command in '/home/anto/Condivisa/ros_ws/build/assignment1_rt': CMAKE_PREFIX_PATH=${CMAKE_PREFIX_PATH}:/home/anto/Condivisa/ros_ws/install/spawn:/opt/ros/humble /usr/bin/cmake --build /home/anto/Condivisa/ros_ws/build/assignment1_rt -- -j4 -l4
[2.122s] INFO:colcon.colcon_core.task.python.build:Building Python package in '/home/anto/Condivisa/ros_ws/src/spawn'
[2.123s] INFO:colcon.colcon_core.shell:Skip shell extension 'powershell' for command environment: Not usable outside of PowerShell
[2.123s] DEBUG:colcon.colcon_core.shell:Skip shell extension 'dsv' for command environment
[3.831s] DEBUG:colcon.colcon_core.event_handler.log_command:Invoking command in '/home/anto/Condivisa/ros_ws/src/spawn': PYTHONPATH=/home/anto/Condivisa/ros_ws/build/spawn/prefix_override:/usr/lib/python3/dist-packages/colcon_core/task/python/colcon_distutils_commands:/home/anto/Condivisa/ros_ws/install/spawn/lib/python3.10/site-packages:${PYTHONPATH} /usr/bin/python3 -W ignore:setup.py install is deprecated -W ignore:easy_install command is deprecated setup.py egg_info --egg-base ../../build/spawn build --build-base /home/anto/Condivisa/ros_ws/build/spawn/build install --record /home/anto/Condivisa/ros_ws/build/spawn/install.log --single-version-externally-managed install_data
[6.168s] DEBUG:colcon.colcon_core.event_handler.log_command:Invoked command in '/home/anto/Condivisa/ros_ws/src/spawn' returned '0': PYTHONPATH=/home/anto/Condivisa/ros_ws/build/spawn/prefix_override:/usr/lib/python3/dist-packages/colcon_core/task/python/colcon_distutils_commands:/home/anto/Condivisa/ros_ws/install/spawn/lib/python3.10/site-packages:${PYTHONPATH} /usr/bin/python3 -W ignore:setup.py install is deprecated -W ignore:easy_install command is deprecated setup.py egg_info --egg-base ../../build/spawn build --build-base /home/anto/Condivisa/ros_ws/build/spawn/build install --record /home/anto/Condivisa/ros_ws/build/spawn/install.log --single-version-externally-managed install_data
[6.188s] Level 1:colcon.colcon_core.environment:checking '/home/anto/Condivisa/ros_ws/install/spawn' for CMake module files
[6.251s] Level 1:colcon.colcon_core.environment:checking '/home/anto/Condivisa/ros_ws/install/spawn' for CMake config files
[6.372s] Level 1:colcon.colcon_core.environment:checking '/home/anto/Condivisa/ros_ws/install/spawn/lib'
[6.377s] Level 1:colcon.colcon_core.environment:checking '/home/anto/Condivisa/ros_ws/install/spawn/bin'
[6.378s] Level 1:colcon.colcon_core.environment:checking '/home/anto/Condivisa/ros_ws/install/spawn/lib/pkgconfig/spawn.pc'
[6.380s] Level 1:colcon.colcon_core.environment:checking '/home/anto/Condivisa/ros_ws/install/spawn/lib/python3.10/site-packages'
[6.383s] Level 1:colcon.colcon_core.shell:create_environment_hook('spawn', 'pythonpath')
[6.383s] INFO:colcon.colcon_core.shell:Creating environment hook '/home/anto/Condivisa/ros_ws/install/spawn/share/spawn/hook/pythonpath.ps1'
[6.410s] INFO:colcon.colcon_core.shell:Creating environment descriptor '/home/anto/Condivisa/ros_ws/install/spawn/share/spawn/hook/pythonpath.dsv'
[6.430s] INFO:colcon.colcon_core.shell:Creating environment hook '/home/anto/Condivisa/ros_ws/install/spawn/share/spawn/hook/pythonpath.sh'
[6.447s] Level 1:colcon.colcon_core.environment:checking '/home/anto/Condivisa/ros_ws/install/spawn/bin'
[6.449s] Level 1:colcon.colcon_core.environment:create_environment_scripts_only(spawn)
[6.449s] INFO:colcon.colcon_core.shell:Creating package script '/home/anto/Condivisa/ros_ws/install/spawn/share/spawn/package.ps1'
[6.462s] INFO:colcon.colcon_core.shell:Creating package descriptor '/home/anto/Condivisa/ros_ws/install/spawn/share/spawn/package.dsv'
[6.476s] INFO:colcon.colcon_core.shell:Creating package script '/home/anto/Condivisa/ros_ws/install/spawn/share/spawn/package.sh'
[6.492s] INFO:colcon.colcon_core.shell:Creating package script '/home/anto/Condivisa/ros_ws/install/spawn/share/spawn/package.bash'
[6.506s] INFO:colcon.colcon_core.shell:Creating package script '/home/anto/Condivisa/ros_ws/install/spawn/share/spawn/package.zsh'
[6.521s] Level 1:colcon.colcon_core.environment:create_file_with_runtime_dependencies(/home/anto/Condivisa/ros_ws/install/spawn/share/colcon-core/packages/spawn)
[8.094s] DEBUG:colcon.colcon_core.event_handler.log_command:Invoked command in '/home/anto/Condivisa/ros_ws/build/assignment1_rt' returned '0': CMAKE_PREFIX_PATH=${CMAKE_PREFIX_PATH}:/home/anto/Condivisa/ros_ws/install/spawn:/opt/ros/humble /usr/bin/cmake --build /home/anto/Condivisa/ros_ws/build/assignment1_rt -- -j4 -l4
[8.123s] DEBUG:colcon.colcon_core.event_handler.log_command:Invoking command in '/home/anto/Condivisa/ros_ws/build/assignment1_rt': CMAKE_PREFIX_PATH=${CMAKE_PREFIX_PATH}:/home/anto/Condivisa/ros_ws/install/spawn:/opt/ros/humble /usr/bin/cmake --install /home/anto/Condivisa/ros_ws/build/assignment1_rt
[8.901s] Level 1:colcon.colcon_core.environment:create_environment_scripts_only(assignment1_rt)
[8.902s] Level 1:colcon.colcon_core.environment:checking '/home/anto/Condivisa/ros_ws/install/assignment1_rt' for CMake module files
[8.903s] DEBUG:colcon.colcon_core.event_handler.log_command:Invoked command in '/home/anto/Condivisa/ros_ws/build/assignment1_rt' returned '0': CMAKE_PREFIX_PATH=${CMAKE_PREFIX_PATH}:/home/anto/Condivisa/ros_ws/install/spawn:/opt/ros/humble /usr/bin/cmake --install /home/anto/Condivisa/ros_ws/build/assignment1_rt
[8.998s] Level 1:colcon.colcon_core.environment:checking '/home/anto/Condivisa/ros_ws/install/assignment1_rt' for CMake config files
[9.153s] Level 1:colcon.colcon_core.shell:create_environment_hook('assignment1_rt', 'cmake_prefix_path')
[9.154s] INFO:colcon.colcon_core.shell:Creating environment hook '/home/anto/Condivisa/ros_ws/install/assignment1_rt/share/assignment1_rt/hook/cmake_prefix_path.ps1'
[9.169s] INFO:colcon.colcon_core.shell:Creating environment descriptor '/home/anto/Condivisa/ros_ws/install/assignment1_rt/share/assignment1_rt/hook/cmake_prefix_path.dsv'
[9.182s] INFO:colcon.colcon_core.shell:Creating environment hook '/home/anto/Condivisa/ros_ws/install/assignment1_rt/share/assignment1_rt/hook/cmake_prefix_path.sh'
[9.199s] Level 1:colcon.colcon_core.environment:checking '/home/anto/Condivisa/ros_ws/install/assignment1_rt/lib'
[9.203s] Level 1:colcon.colcon_core.environment:checking '/home/anto/Condivisa/ros_ws/install/assignment1_rt/bin'
[9.210s] Level 1:colcon.colcon_core.shell:create_environment_hook('assignment1_rt', 'path')
[9.210s] INFO:colcon.colcon_core.shell:Creating environment hook '/home/anto/Condivisa/ros_ws/install/assignment1_rt/share/assignment1_rt/hook/path.ps1'
[9.224s] INFO:colcon.colcon_core.shell:Creating environment descriptor '/home/anto/Condivisa/ros_ws/install/assignment1_rt/share/assignment1_rt/hook/path.dsv'
[9.235s] INFO:colcon.colcon_core.shell:Creating environment hook '/home/anto/Condivisa/ros_ws/install/assignment1_rt/share/assignment1_rt/hook/path.sh'
[9.245s] Level 1:colcon.colcon_core.environment:checking '/home/anto/Condivisa/ros_ws/install/assignment1_rt/lib/pkgconfig/assignment1_rt.pc'
[9.247s] Level 1:colcon.colcon_core.environment:checking '/home/anto/Condivisa/ros_ws/install/assignment1_rt/lib/python3.10/site-packages'
[9.249s] Level 1:colcon.colcon_core.shell:create_environment_hook('assignment1_rt', 'pythonpath')
[9.249s] INFO:colcon.colcon_core.shell:Creating environment hook '/home/anto/Condivisa/ros_ws/install/assignment1_rt/share/assignment1_rt/hook/pythonpath.ps1'
[9.261s] INFO:colcon.colcon_core.shell:Creating environment descriptor '/home/anto/Condivisa/ros_ws/install/assignment1_rt/share/assignment1_rt/hook/pythonpath.dsv'
[9.271s] INFO:colcon.colcon_core.shell:Creating environment hook '/home/anto/Condivisa/ros_ws/install/assignment1_rt/share/assignment1_rt/hook/pythonpath.sh'
[9.281s] Level 1:colcon.colcon_core.environment:checking '/home/anto/Condivisa/ros_ws/install/assignment1_rt/bin'
[9.285s] Level 1:colcon.colcon_core.shell:create_environment_hook('assignment1_rt', 'pythonscriptspath')
[9.285s] INFO:colcon.colcon_core.shell:Creating environment hook '/home/anto/Condivisa/ros_ws/install/assignment1_rt/share/assignment1_rt/hook/pythonscriptspath.ps1'
[9.295s] INFO:colcon.colcon_core.shell:Creating environment descriptor '/home/anto/Condivisa/ros_ws/install/assignment1_rt/share/assignment1_rt/hook/pythonscriptspath.dsv'
[9.304s] INFO:colcon.colcon_core.shell:Creating environment hook '/home/anto/Condivisa/ros_ws/install/assignment1_rt/share/assignment1_rt/hook/pythonscriptspath.sh'
[9.321s] INFO:colcon.colcon_core.shell:Creating package script '/home/anto/Condivisa/ros_ws/install/assignment1_rt/share/assignment1_rt/package.ps1'
[9.334s] INFO:colcon.colcon_core.shell:Creating package descriptor '/home/anto/Condivisa/ros_ws/install/assignment1_rt/share/assignment1_rt/package.dsv'
[9.344s] INFO:colcon.colcon_core.shell:Creating package script '/home/anto/Condivisa/ros_ws/install/assignment1_rt/share/assignment1_rt/package.sh'
[9.355s] INFO:colcon.colcon_core.shell:Creating package script '/home/anto/Condivisa/ros_ws/install/assignment1_rt/share/assignment1_rt/package.bash'
[9.368s] INFO:colcon.colcon_core.shell:Creating package script '/home/anto/Condivisa/ros_ws/install/assignment1_rt/share/assignment1_rt/package.zsh'
[9.380s] Level 1:colcon.colcon_core.environment:create_file_with_runtime_dependencies(/home/anto/Condivisa/ros_ws/install/assignment1_rt/share/colcon-core/packages/assignment1_rt)
[9.403s] Level 1:colcon.colcon_core.environment:create_environment_scripts_only(assignment1_rt)
[9.404s] Level 1:colcon.colcon_core.environment:checking '/home/anto/Condivisa/ros_ws/install/assignment1_rt' for CMake module files
[9.505s] Level 1:colcon.colcon_core.environment:checking '/home/anto/Condivisa/ros_ws/install/assignment1_rt' for CMake config files
[9.663s] Level 1:colcon.colcon_core.shell:create_environment_hook('assignment1_rt', 'cmake_prefix_path')
[9.664s] INFO:colcon.colcon_core.shell:Creating environment hook '/home/anto/Condivisa/ros_ws/install/assignment1_rt/share/assignment1_rt/hook/cmake_prefix_path.ps1'
[9.679s] INFO:colcon.colcon_core.shell:Creating environment descriptor '/home/anto/Condivisa/ros_ws/install/assignment1_rt/share/assignment1_rt/hook/cmake_prefix_path.dsv'
[9.690s] INFO:colcon.colcon_core.shell:Creating environment hook '/home/anto/Condivisa/ros_ws/install/assignment1_rt/share/assignment1_rt/hook/cmake_prefix_path.sh'
[9.702s] Level 1:colcon.colcon_core.environment:checking '/home/anto/Condivisa/ros_ws/install/assignment1_rt/lib'
[9.705s] Level 1:colcon.colcon_core.environment:checking '/home/anto/Condivisa/ros_ws/install/assignment1_rt/bin'
[9.711s] Level 1:colcon.colcon_core.shell:create_environment_hook('assignment1_rt', 'path')
[9.712s] INFO:colcon.colcon_core.shell:Creating environment hook '/home/anto/Condivisa/ros_ws/install/assignment1_rt/share/assignment1_rt/hook/path.ps1'
[9.727s] INFO:colcon.colcon_core.shell:Creating environment descriptor '/home/anto/Condivisa/ros_ws/install/assignment1_rt/share/assignment1_rt/hook/path.dsv'
[9.741s] INFO:colcon.colcon_core.shell:Creating environment hook '/home/anto/Condivisa/ros_ws/install/assignment1_rt/share/assignment1_rt/hook/path.sh'
[9.759s] Level 1:colcon.colcon_core.environment:checking '/home/anto/Condivisa/ros_ws/install/assignment1_rt/lib/pkgconfig/assignment1_rt.pc'
[9.760s] Level 1:colcon.colcon_core.environment:checking '/home/anto/Condivisa/ros_ws/install/assignment1_rt/lib/python3.10/site-packages'
[9.763s] Level 1:colcon.colcon_core.shell:create_environment_hook('assignment1_rt', 'pythonpath')
[9.763s] INFO:colcon.colcon_core.shell:Creating environment hook '/home/anto/Condivisa/ros_ws/install/assignment1_rt/share/assignment1_rt/hook/pythonpath.ps1'
[9.777s] INFO:colcon.colcon_core.shell:Creating environment descriptor '/home/anto/Condivisa/ros_ws/install/assignment1_rt/share/assignment1_rt/hook/pythonpath.dsv'
[9.794s] INFO:colcon.colcon_core.shell:Creating environment hook '/home/anto/Condivisa/ros_ws/install/assignment1_rt/share/assignment1_rt/hook/pythonpath.sh'
[9.812s] Level 1:colcon.colcon_core.environment:checking '/home/anto/Condivisa/ros_ws/install/assignment1_rt/bin'
[9.817s] Level 1:colcon.colcon_core.shell:create_environment_hook('assignment1_rt', 'pythonscriptspath')
[9.818s] INFO:colcon.colcon_core.shell:Creating environment hook '/home/anto/Condivisa/ros_ws/install/assignment1_rt/share/assignment1_rt/hook/pythonscriptspath.ps1'
[9.832s] INFO:colcon.colcon_core.shell:Creating environment descriptor '/home/anto/Condivisa/ros_ws/install/assignment1_rt/share/assignment1_rt/hook/pythonscriptspath.dsv'
[9.847s] INFO:colcon.colcon_core.shell:Creating environment hook '/home/anto/Condivisa/ros_ws/install/assignment1_rt/share/assignment1_rt/hook/pythonscriptspath.sh'
[9.860s] INFO:colcon.colcon_core.shell:Creating package script '/home/anto/Condivisa/ros_ws/install/assignment1_rt/share/assignment1_rt/package.ps1'
[9.872s] INFO:colcon.colcon_core.shell:Creating package descriptor '/home/anto/Condivisa/ros_ws/install/assignment1_rt/share/assignment1_rt/package.dsv'
[9.883s] INFO:colcon.colcon_core.shell:Creating package script '/home/anto/Condivisa/ros_ws/install/assignment1_rt/share/assignment1_rt/package.sh'
[9.893s] INFO:colcon.colcon_core.shell:Creating package script '/home/anto/Condivisa/ros_ws/install/assignment1_rt/share/assignment1_rt/package.bash'
[9.905s] INFO:colcon.colcon_core.shell:Creating package script '/home/anto/Condivisa/ros_ws/install/assignment1_rt/share/assignment1_rt/package.zsh'
[9.919s] Level 1:colcon.colcon_core.environment:create_file_with_runtime_dependencies(/home/anto/Condivisa/ros_ws/install/assignment1_rt/share/colcon-core/packages/assignment1_rt)
[9.928s] DEBUG:colcon.colcon_parallel_executor.executor.parallel:closing loop
[9.928s] DEBUG:colcon.colcon_parallel_executor.executor.parallel:loop closed
[9.928s] DEBUG:colcon.colcon_parallel_executor.executor.parallel:run_until_complete finished with '0'
[9.929s] DEBUG:colcon.colcon_core.event_reactor:joining thread
[9.965s] INFO:colcon.colcon_core.plugin_system:Skipping extension 'colcon_notification.desktop_notification.terminal_notifier': Not used on non-Darwin systems
[9.966s] INFO:colcon.colcon_core.plugin_system:Skipping extension 'colcon_notification.desktop_notification.win32': Not used on non-Windows systems
[9.966s] INFO:colcon.colcon_notification.desktop_notification:Sending desktop notification using 'notify2'
[9.982s] DEBUG:colcon.colcon_core.event_reactor:joined thread
[9.983s] INFO:colcon.colcon_core.shell:Creating prefix script '/home/anto/Condivisa/ros_ws/install/local_setup.ps1'
[9.997s] INFO:colcon.colcon_core.shell:Creating prefix util module '/home/anto/Condivisa/ros_ws/install/_local_setup_util_ps1.py'
[10.009s] INFO:colcon.colcon_core.shell:Creating prefix chain script '/home/anto/Condivisa/ros_ws/install/setup.ps1'
[10.034s] INFO:colcon.colcon_core.shell:Creating prefix script '/home/anto/Condivisa/ros_ws/install/local_setup.sh'
[10.039s] INFO:colcon.colcon_core.shell:Creating prefix util module '/home/anto/Condivisa/ros_ws/install/_local_setup_util_sh.py'
[10.043s] INFO:colcon.colcon_core.shell:Creating prefix chain script '/home/anto/Condivisa/ros_ws/install/setup.sh'
[10.061s] INFO:colcon.colcon_core.shell:Creating prefix script '/home/anto/Condivisa/ros_ws/install/local_setup.bash'
[10.065s] INFO:colcon.colcon_core.shell:Creating prefix chain script '/home/anto/Condivisa/ros_ws/install/setup.bash'
[10.083s] INFO:colcon.colcon_core.shell:Creating prefix script '/home/anto/Condivisa/ros_ws/install/local_setup.zsh'
[10.087s] INFO:colcon.colcon_core.shell:Creating prefix chain script '/home/anto/Condivisa/ros_ws/install/setup.zsh'
