[3.033s] Invoking command in '/home/anto/Condivisa/ros_ws/src/spawn': PYTHONPATH=/home/anto/Condivisa/ros_ws/build/spawn/prefix_override:/usr/lib/python3/dist-packages/colcon_core/task/python/colcon_distutils_commands:/home/anto/Condivisa/ros_ws/install/spawn/lib/python3.10/site-packages:${PYTHONPATH} /usr/bin/python3 -W ignore:setup.py install is deprecated -W ignore:easy_install command is deprecated setup.py egg_info --egg-base ../../build/spawn build --build-base /home/anto/Condivisa/ros_ws/build/spawn/build install --record /home/anto/Condivisa/ros_ws/build/spawn/install.log --single-version-externally-managed install_data
[4.388s] running egg_info
[4.424s] writing ../../build/spawn/spawn.egg-info/PKG-INFO
[4.438s] writing dependency_links to ../../build/spawn/spawn.egg-info/dependency_links.txt
[4.442s] writing entry points to ../../build/spawn/spawn.egg-info/entry_points.txt
[4.446s] writing requirements to ../../build/spawn/spawn.egg-info/requires.txt
[4.449s] writing top-level names to ../../build/spawn/spawn.egg-info/top_level.txt
[4.558s] reading manifest file '../../build/spawn/spawn.egg-info/SOURCES.txt'
[4.651s] writing manifest file '../../build/spawn/spawn.egg-info/SOURCES.txt'
[4.655s] running build
[4.655s] running build_py
[4.676s] copying spawn/__init__.py -> /home/anto/Condivisa/ros_ws/build/spawn/build/lib/spawn
[4.712s] copying spawn/turtle_spawn.py -> /home/anto/Condivisa/ros_ws/build/spawn/build/lib/spawn
[4.733s] running install
[4.736s] running install_lib
[4.903s] running install_data
[4.935s] copying resource/spawn -> /home/anto/Condivisa/ros_ws/install/spawn/share/ament_index/resource_index/packages
[4.975s] copying package.xml -> /home/anto/Condivisa/ros_ws/install/spawn/share/spawn
[4.996s] running install_egg_info
[5.040s] removing '/home/anto/Condivisa/ros_ws/install/spawn/lib/python3.10/site-packages/spawn-0.0.0-py3.10.egg-info' (and everything under it)
[5.111s] Copying ../../build/spawn/spawn.egg-info to /home/anto/Condivisa/ros_ws/install/spawn/lib/python3.10/site-packages/spawn-0.0.0-py3.10.egg-info
[5.417s] running install_scripts
[5.512s] Installing turtle_spawn script to /home/anto/Condivisa/ros_ws/install/spawn/lib/spawn
[5.529s] writing list of installed files to '/home/anto/Condivisa/ros_ws/build/spawn/install.log'
[5.550s] Invoked command in '/home/anto/Condivisa/ros_ws/src/spawn' returned '0': PYTHONPATH=/home/anto/Condivisa/ros_ws/build/spawn/prefix_override:/usr/lib/python3/dist-packages/colcon_core/task/python/colcon_distutils_commands:/home/anto/Condivisa/ros_ws/install/spawn/lib/python3.10/site-packages:${PYTHONPATH} /usr/bin/python3 -W ignore:setup.py install is deprecated -W ignore:easy_install command is deprecated setup.py egg_info --egg-base ../../build/spawn build --build-base /home/anto/Condivisa/ros_ws/build/spawn/build install --record /home/anto/Condivisa/ros_ws/build/spawn/install.log --single-version-externally-managed install_data
