[2.652s] Invoking command in '/home/anto/Condivisa/ros_ws/src/spawn': PYTHONPATH=/home/anto/Condivisa/ros_ws/build/spawn/prefix_override:/usr/lib/python3/dist-packages/colcon_core/task/python/colcon_distutils_commands:/home/anto/Condivisa/ros_ws/install/spawn/lib/python3.10/site-packages:${PYTHONPATH} /usr/bin/python3 -W ignore:setup.py install is deprecated -W ignore:easy_install command is deprecated setup.py egg_info --egg-base ../../build/spawn build --build-base /home/anto/Condivisa/ros_ws/build/spawn/build install --record /home/anto/Condivisa/ros_ws/build/spawn/install.log --single-version-externally-managed install_data
[3.841s] running egg_info
[3.877s] writing ../../build/spawn/spawn.egg-info/PKG-INFO
[3.898s] writing dependency_links to ../../build/spawn/spawn.egg-info/dependency_links.txt
[3.902s] writing entry points to ../../build/spawn/spawn.egg-info/entry_points.txt
[3.907s] writing requirements to ../../build/spawn/spawn.egg-info/requires.txt
[3.911s] writing top-level names to ../../build/spawn/spawn.egg-info/top_level.txt
[4.011s] reading manifest file '../../build/spawn/spawn.egg-info/SOURCES.txt'
[4.108s] writing manifest file '../../build/spawn/spawn.egg-info/SOURCES.txt'
[4.112s] running build
[4.112s] running build_py
[4.133s] copying spawn/__init__.py -> /home/anto/Condivisa/ros_ws/build/spawn/build/lib/spawn
[4.163s] copying spawn/turtle_spawn.py -> /home/anto/Condivisa/ros_ws/build/spawn/build/lib/spawn
[4.187s] running install
[4.190s] running install_lib
[4.338s] running install_data
[4.364s] copying resource/spawn -> /home/anto/Condivisa/ros_ws/install/spawn/share/ament_index/resource_index/packages
[4.404s] copying package.xml -> /home/anto/Condivisa/ros_ws/install/spawn/share/spawn
[4.419s] running install_egg_info
[4.458s] removing '/home/anto/Condivisa/ros_ws/install/spawn/lib/python3.10/site-packages/spawn-0.0.0-py3.10.egg-info' (and everything under it)
[4.528s] Copying ../../build/spawn/spawn.egg-info to /home/anto/Condivisa/ros_ws/install/spawn/lib/python3.10/site-packages/spawn-0.0.0-py3.10.egg-info
[4.810s] running install_scripts
[4.886s] Installing turtle_spawn script to /home/anto/Condivisa/ros_ws/install/spawn/lib/spawn
[4.906s] writing list of installed files to '/home/anto/Condivisa/ros_ws/build/spawn/install.log'
